INFO  [main] 2021-07-19 12:36:01,257 YamlConfigurationLoader.java:93 - Configuration location: file:/home/nitsanw/profiling-workload/apache-cassandra-4.0-rc2/conf/cassandra.yaml
INFO  [main] 2021-07-19 12:36:01,595 Config.java:691 - Node configuration:[allocate_tokens_for_keyspace=null; allocate_tokens_for_local_replication_factor=3; audit_logging_options=AuditLogOptions{enabled=false, logger='BinAuditLogger', included_keyspaces='', excluded_keyspaces='system,system_schema,system_virtual_schema', included_categories='', excluded_categories='', included_users='', excluded_users='', audit_logs_dir='./apache-cassandra-4.0-rc2/bin/../logs/audit/', archive_command='', roll_cycle='HOURLY', block=true, max_queue_weight=268435456, max_log_size=17179869184}; authenticator=AllowAllAuthenticator; authorizer=AllowAllAuthorizer; auto_bootstrap=true; auto_optimise_full_repair_streams=false; auto_optimise_inc_repair_streams=false; auto_optimise_preview_repair_streams=false; auto_snapshot=true; autocompaction_on_startup_enabled=true; automatic_sstable_upgrade=false; back_pressure_enabled=false; back_pressure_strategy=null; batch_size_fail_threshold_in_kb=50; batch_size_warn_threshold_in_kb=5; batchlog_replay_throttle_in_kb=1024; block_for_peers_in_remote_dcs=false; block_for_peers_timeout_in_secs=10; broadcast_address=null; broadcast_rpc_address=null; buffer_pool_use_heap_if_exhausted=false; cas_contention_timeout_in_ms=1000; cdc_enabled=false; cdc_free_space_check_interval_ms=250; cdc_raw_directory=null; cdc_total_space_in_mb=0; check_for_duplicate_rows_during_compaction=true; check_for_duplicate_rows_during_reads=true; client_encryption_options=<REDACTED>; cluster_name=Test Cluster; column_index_cache_size_in_kb=2; column_index_size_in_kb=64; commit_failure_policy=stop; commitlog_compression=null; commitlog_directory=null; commitlog_max_compression_buffers_in_pool=3; commitlog_periodic_queue_size=-1; commitlog_segment_size_in_mb=32; commitlog_sync=periodic; commitlog_sync_batch_window_in_ms=NaN; commitlog_sync_group_window_in_ms=NaN; commitlog_sync_period_in_ms=10000; commitlog_total_space_in_mb=null; compaction_large_partition_warning_threshold_mb=100; compaction_throughput_mb_per_sec=64; concurrent_compactors=null; concurrent_counter_writes=32; concurrent_materialized_view_builders=1; concurrent_materialized_view_writes=32; concurrent_reads=32; concurrent_replicates=null; concurrent_validations=0; concurrent_writes=32; consecutive_message_errors_threshold=1; corrupted_tombstone_strategy=disabled; counter_cache_keys_to_save=2147483647; counter_cache_save_period=7200; counter_cache_size_in_mb=null; counter_write_request_timeout_in_ms=5000; credentials_cache_max_entries=1000; credentials_update_interval_in_ms=-1; credentials_validity_in_ms=2000; cross_node_timeout=true; data_file_directories=[Ljava.lang.String;@7e928e2f; diagnostic_events_enabled=false; disk_access_mode=auto; disk_failure_policy=stop; disk_optimization_estimate_percentile=0.95; disk_optimization_page_cross_chance=0.1; disk_optimization_strategy=ssd; dynamic_snitch=true; dynamic_snitch_badness_threshold=1.0; dynamic_snitch_reset_interval_in_ms=600000; dynamic_snitch_update_interval_in_ms=100; enable_drop_compact_storage=false; enable_materialized_views=false; enable_sasi_indexes=false; enable_scripted_user_defined_functions=false; enable_transient_replication=false; enable_user_defined_functions=false; enable_user_defined_functions_threads=true; endpoint_snitch=SimpleSnitch; file_cache_enabled=false; file_cache_round_up=null; file_cache_size_in_mb=null; flush_compression=fast; full_query_logging_options=FullQueryLoggerOptions{log_dir='', archive_command='', roll_cycle='HOURLY', block=true, max_queue_weight=268435456, max_log_size=17179869184}; gc_log_threshold_in_ms=200; gc_warn_threshold_in_ms=1000; hinted_handoff_disabled_datacenters=[]; hinted_handoff_enabled=true; hinted_handoff_throttle_in_kb=1024; hints_compression=null; hints_directory=null; hints_flush_period_in_ms=10000; ideal_consistency_level=null; incremental_backups=false; index_summary_capacity_in_mb=null; index_summary_resize_interval_in_minutes=60; initial_range_tombstone_list_allocation_size=1; initial_token=null; inter_dc_stream_throughput_outbound_megabits_per_sec=200; inter_dc_tcp_nodelay=false; internode_application_receive_queue_capacity_in_bytes=4194304; internode_application_receive_queue_reserve_endpoint_capacity_in_bytes=134217728; internode_application_receive_queue_reserve_global_capacity_in_bytes=536870912; internode_application_send_queue_capacity_in_bytes=4194304; internode_application_send_queue_reserve_endpoint_capacity_in_bytes=134217728; internode_application_send_queue_reserve_global_capacity_in_bytes=536870912; internode_authenticator=null; internode_compression=dc; internode_max_message_size_in_bytes=null; internode_socket_receive_buffer_size_in_bytes=0; internode_socket_send_buffer_size_in_bytes=0; internode_streaming_tcp_user_timeout_in_ms=300000; internode_tcp_connect_timeout_in_ms=2000; internode_tcp_user_timeout_in_ms=30000; key_cache_keys_to_save=2147483647; key_cache_migrate_during_compaction=true; key_cache_save_period=14400; key_cache_size_in_mb=null; keyspace_count_warn_threshold=40; listen_address=localhost; listen_interface=null; listen_interface_prefer_ipv6=false; listen_on_broadcast_address=false; local_system_data_file_directory=null; max_concurrent_automatic_sstable_upgrades=1; max_hint_window_in_ms=10800000; max_hints_delivery_threads=2; max_hints_file_size_in_mb=128; max_mutation_size_in_kb=null; max_streaming_retries=3; max_value_size_in_mb=256; memtable_allocation_type=heap_buffers; memtable_cleanup_threshold=null; memtable_flush_writers=0; memtable_heap_space_in_mb=null; memtable_offheap_space_in_mb=null; min_free_space_per_drive_in_mb=50; native_transport_allow_older_protocols=true; native_transport_flush_in_batches_legacy=false; native_transport_idle_timeout_in_ms=0; native_transport_max_concurrent_connections=-1; native_transport_max_concurrent_connections_per_ip=-1; native_transport_max_concurrent_requests_in_bytes=-1; native_transport_max_concurrent_requests_in_bytes_per_ip=-1; native_transport_max_frame_size_in_mb=256; native_transport_max_negotiable_protocol_version=null; native_transport_max_threads=128; native_transport_port=9042; native_transport_port_ssl=null; native_transport_receive_queue_capacity_in_bytes=1048576; network_authorizer=AllowAllNetworkAuthorizer; networking_cache_size_in_mb=null; num_tokens=16; otc_coalescing_enough_coalesced_messages=8; otc_coalescing_strategy=DISABLED; otc_coalescing_window_us=200; partitioner=org.apache.cassandra.dht.Murmur3Partitioner; periodic_commitlog_sync_lag_block_in_ms=null; permissions_cache_max_entries=1000; permissions_update_interval_in_ms=-1; permissions_validity_in_ms=2000; phi_convict_threshold=8.0; prepared_statements_cache_size_mb=null; range_request_timeout_in_ms=10000; range_tombstone_list_growth_factor=1.5; read_request_timeout_in_ms=5000; reject_repair_compaction_threshold=2147483647; repair_command_pool_full_strategy=queue; repair_command_pool_size=0; repair_session_max_tree_depth=null; repair_session_space_in_mb=null; repaired_data_tracking_for_partition_reads_enabled=false; repaired_data_tracking_for_range_reads_enabled=false; report_unconfirmed_repaired_data_mismatches=false; request_timeout_in_ms=10000; role_manager=CassandraRoleManager; roles_cache_max_entries=1000; roles_update_interval_in_ms=-1; roles_validity_in_ms=2000; row_cache_class_name=org.apache.cassandra.cache.OHCProvider; row_cache_keys_to_save=2147483647; row_cache_save_period=0; row_cache_size_in_mb=0; rpc_address=localhost; rpc_interface=null; rpc_interface_prefer_ipv6=false; rpc_keepalive=true; saved_caches_directory=null; seed_provider=org.apache.cassandra.locator.SimpleSeedProvider{seeds=127.0.0.1:7000}; server_encryption_options=<REDACTED>; slow_query_log_timeout_in_ms=500; snapshot_before_compaction=false; snapshot_links_per_second=0; snapshot_on_duplicate_row_detection=false; snapshot_on_repaired_data_mismatch=false; ssl_storage_port=7001; sstable_preemptive_open_interval_in_mb=50; start_native_transport=true; storage_port=7000; stream_entire_sstables=true; stream_throughput_outbound_megabits_per_sec=200; streaming_connections_per_host=1; streaming_keep_alive_period_in_secs=300; table_count_warn_threshold=150; tombstone_failure_threshold=100000; tombstone_warn_threshold=1000; tracetype_query_ttl=86400; tracetype_repair_ttl=604800; transparent_data_encryption_options=org.apache.cassandra.config.TransparentDataEncryptionOptions@f667fe; trickle_fsync=false; trickle_fsync_interval_in_kb=10240; truncate_request_timeout_in_ms=60000; unlogged_batch_across_partitions_warn_threshold=10; use_offheap_merkle_trees=true; user_defined_function_fail_timeout=1500; user_defined_function_warn_timeout=500; user_function_timeout_policy=die; validation_preview_purge_head_start_in_sec=3600; windows_timer_interval=1; write_request_timeout_in_ms=2000]
INFO  [main] 2021-07-19 12:36:01,597 DatabaseDescriptor.java:416 - DiskAccessMode 'auto' determined to be mmap, indexAccessMode is mmap
INFO  [main] 2021-07-19 12:36:01,597 DatabaseDescriptor.java:477 - Global memtable on-heap threshold is enabled at 2048MB
INFO  [main] 2021-07-19 12:36:01,598 DatabaseDescriptor.java:481 - Global memtable off-heap threshold is enabled at 2048MB
WARN  [main] 2021-07-19 12:36:01,607 DatabaseDescriptor.java:628 - Only 12.590GiB free across all data volumes. Consider adding more capacity to your cluster or removing obsolete snapshots
INFO  [main] 2021-07-19 12:36:01,681 JMXServerUtils.java:271 - Configured JMX server at: service:jmx:rmi://127.0.0.1/jndi/rmi://127.0.0.1:7199/jmxrmi
INFO  [main] 2021-07-19 12:36:01,686 CassandraDaemon.java:623 - Hostname: perfstorage005.usuqo07.pie.apple.com:7000:7001
INFO  [main] 2021-07-19 12:36:01,686 CassandraDaemon.java:630 - JVM vendor/version: OpenJDK 64-Bit Server VM/16.0.1
INFO  [main] 2021-07-19 12:36:01,687 CassandraDaemon.java:631 - Heap size: 8.000GiB/8.000GiB
INFO  [main] 2021-07-19 12:36:01,688 CassandraDaemon.java:636 - CodeHeap 'non-nmethods' Non-heap memory: init = 2555904(2496K) used = 3042688(2971K) committed = 3080192(3008K) max = 7606272(7428K)
INFO  [main] 2021-07-19 12:36:01,692 CassandraDaemon.java:636 - Metaspace Non-heap memory: init = 0(0K) used = 20746552(20260K) committed = 20971520(20480K) max = -1(-1K)
INFO  [main] 2021-07-19 12:36:01,692 CassandraDaemon.java:636 - CodeHeap 'profiled nmethods' Non-heap memory: init = 2555904(2496K) used = 5131648(5011K) committed = 5177344(5056K) max = 122023936(119164K)
INFO  [main] 2021-07-19 12:36:01,693 CassandraDaemon.java:636 - Compressed Class Space Non-heap memory: init = 0(0K) used = 2275392(2222K) committed = 2359296(2304K) max = 1073741824(1048576K)
INFO  [main] 2021-07-19 12:36:01,693 CassandraDaemon.java:636 - G1 Eden Space Heap memory: init = 452984832(442368K) used = 67108864(65536K) committed = 452984832(442368K) max = -1(-1K)
INFO  [main] 2021-07-19 12:36:01,693 CassandraDaemon.java:636 - G1 Old Gen Heap memory: init = 8136949760(7946240K) used = 4186112(4088K) committed = 8136949760(7946240K) max = 8589934592(8388608K)
INFO  [main] 2021-07-19 12:36:01,693 CassandraDaemon.java:636 - G1 Survivor Space Heap memory: init = 0(0K) used = 0(0K) committed = 0(0K) max = -1(-1K)
INFO  [main] 2021-07-19 12:36:01,693 CassandraDaemon.java:636 - CodeHeap 'non-profiled nmethods' Non-heap memory: init = 2555904(2496K) used = 872704(852K) committed = 2555904(2496K) max = 122028032(119168K)
INFO  [main] 2021-07-19 12:36:01,694 CassandraDaemon.java:638 - Classpath: ./apache-cassandra-4.0-rc2/bin/../conf:./apache-cassandra-4.0-rc2/bin/../lib/airline-0.8.jar:./apache-cassandra-4.0-rc2/bin/../lib/antlr-runtime-3.5.2.jar:./apache-cassandra-4.0-rc2/bin/../lib/apache-cassandra-4.0-rc2.jar:./apache-cassandra-4.0-rc2/bin/../lib/asm-7.1.jar:./apache-cassandra-4.0-rc2/bin/../lib/caffeine-2.3.5.jar:./apache-cassandra-4.0-rc2/bin/../lib/cassandra-driver-core-3.11.0-shaded.jar:./apache-cassandra-4.0-rc2/bin/../lib/chronicle-bytes-2.20.111.jar:./apache-cassandra-4.0-rc2/bin/../lib/chronicle-core-2.20.126.jar:./apache-cassandra-4.0-rc2/bin/../lib/chronicle-queue-5.20.123.jar:./apache-cassandra-4.0-rc2/bin/../lib/chronicle-threads-2.20.111.jar:./apache-cassandra-4.0-rc2/bin/../lib/chronicle-wire-2.20.117.jar:./apache-cassandra-4.0-rc2/bin/../lib/commons-cli-1.1.jar:./apache-cassandra-4.0-rc2/bin/../lib/commons-codec-1.9.jar:./apache-cassandra-4.0-rc2/bin/../lib/commons-lang3-3.11.jar:./apache-cassandra-4.0-rc2/bin/../lib/commons-math3-3.2.jar:./apache-cassandra-4.0-rc2/bin/../lib/concurrent-trees-2.4.0.jar:./apache-cassandra-4.0-rc2/bin/../lib/ecj-4.6.1.jar:./apache-cassandra-4.0-rc2/bin/../lib/guava-27.0-jre.jar:./apache-cassandra-4.0-rc2/bin/../lib/HdrHistogram-2.1.9.jar:./apache-cassandra-4.0-rc2/bin/../lib/high-scale-lib-1.0.6.jar:./apache-cassandra-4.0-rc2/bin/../lib/hppc-0.8.1.jar:./apache-cassandra-4.0-rc2/bin/../lib/j2objc-annotations-1.3.jar:./apache-cassandra-4.0-rc2/bin/../lib/jackson-annotations-2.9.10.jar:./apache-cassandra-4.0-rc2/bin/../lib/jackson-core-2.9.10.jar:./apache-cassandra-4.0-rc2/bin/../lib/jackson-databind-2.9.10.8.jar:./apache-cassandra-4.0-rc2/bin/../lib/jamm-0.3.2.jar:./apache-cassandra-4.0-rc2/bin/../lib/java-cup-runtime-11b-20160615.jar:./apache-cassandra-4.0-rc2/bin/../lib/javax.inject-1.jar:./apache-cassandra-4.0-rc2/bin/../lib/jbcrypt-0.3m.jar:./apache-cassandra-4.0-rc2/bin/../lib/jcl-over-slf4j-1.7.25.jar:./apache-cassandra-4.0-rc2/bin/../lib/jcommander-1.30.jar:./apache-cassandra-4.0-rc2/bin/../lib/jctools-core-3.1.0.jar:./apache-cassandra-4.0-rc2/bin/../lib/jflex-1.8.2.jar:./apache-cassandra-4.0-rc2/bin/../lib/jna-5.6.0.jar:./apache-cassandra-4.0-rc2/bin/../lib/json-simple-1.1.jar:./apache-cassandra-4.0-rc2/bin/../lib/jvm-attach-api-1.5.jar:./apache-cassandra-4.0-rc2/bin/../lib/log4j-over-slf4j-1.7.25.jar:./apache-cassandra-4.0-rc2/bin/../lib/logback-classic-1.2.3.jar:./apache-cassandra-4.0-rc2/bin/../lib/logback-core-1.2.3.jar:./apache-cassandra-4.0-rc2/bin/../lib/lz4-java-1.7.1.jar:./apache-cassandra-4.0-rc2/bin/../lib/metrics-core-3.1.5.jar:./apache-cassandra-4.0-rc2/bin/../lib/metrics-jvm-3.1.5.jar:./apache-cassandra-4.0-rc2/bin/../lib/metrics-logback-3.1.5.jar:./apache-cassandra-4.0-rc2/bin/../lib/mxdump-0.14.jar:./apache-cassandra-4.0-rc2/bin/../lib/netty-all-4.1.58.Final.jar:./apache-cassandra-4.0-rc2/bin/../lib/netty-tcnative-boringssl-static-2.0.36.Final.jar:./apache-cassandra-4.0-rc2/bin/../lib/ohc-core-0.5.1.jar:./apache-cassandra-4.0-rc2/bin/../lib/ohc-core-j8-0.5.1.jar:./apache-cassandra-4.0-rc2/bin/../lib/psjava-0.1.19.jar:./apache-cassandra-4.0-rc2/bin/../lib/reporter-config3-3.0.3.jar:./apache-cassandra-4.0-rc2/bin/../lib/reporter-config-base-3.0.3.jar:./apache-cassandra-4.0-rc2/bin/../lib/sigar-1.6.4.jar:./apache-cassandra-4.0-rc2/bin/../lib/sjk-cli-0.14.jar:./apache-cassandra-4.0-rc2/bin/../lib/sjk-core-0.14.jar:./apache-cassandra-4.0-rc2/bin/../lib/sjk-json-0.14.jar:./apache-cassandra-4.0-rc2/bin/../lib/sjk-stacktrace-0.14.jar:./apache-cassandra-4.0-rc2/bin/../lib/slf4j-api-1.7.25.jar:./apache-cassandra-4.0-rc2/bin/../lib/snakeyaml-1.26.jar:./apache-cassandra-4.0-rc2/bin/../lib/snappy-java-1.1.2.6.jar:./apache-cassandra-4.0-rc2/bin/../lib/snowball-stemmer-1.3.0.581.1.jar:./apache-cassandra-4.0-rc2/bin/../lib/ST4-4.0.8.jar:./apache-cassandra-4.0-rc2/bin/../lib/stream-2.5.2.jar:./apache-cassandra-4.0-rc2/bin/../lib/zstd-jni-1.3.8-5.jar:./apache-cassandra-4.0-rc2/bin/../lib/jsr223/*/*.jar:
INFO  [main] 2021-07-19 12:36:01,694 CassandraDaemon.java:640 - JVM Arguments: [-XX:+UseG1GC, --add-opens=java.base/java.lang=ALL-UNNAMED, --add-opens=java.base/java.io=ALL-UNNAMED, --add-opens=java.base/sun.nio.ch=ALL-UNNAMED, --add-opens=java.base/java.util.concurrent=ALL-UNNAMED, --add-opens=java.base/java.util=ALL-UNNAMED, --add-opens=java.base/java.util.concurrent.atomic=ALL-UNNAMED, --add-opens=java.base/java.nio=ALL-UNNAMED, -ea, -da:net.openhft..., -XX:+UseThreadPriorities, -XX:+HeapDumpOnOutOfMemoryError, -Xss256k, -XX:+AlwaysPreTouch, -XX:-UseBiasedLocking, -XX:+UseTLAB, -XX:+ResizeTLAB, -XX:+PerfDisableSharedMem, -Djava.net.preferIPv4Stack=true, -Djdk.attach.allowAttachSelf=true, --add-exports=java.base/jdk.internal.misc=ALL-UNNAMED, --add-exports=java.base/jdk.internal.ref=ALL-UNNAMED, --add-exports=java.base/sun.nio.ch=ALL-UNNAMED, --add-exports=java.management.rmi/com.sun.jmx.remote.internal.rmi=ALL-UNNAMED, --add-exports=java.rmi/sun.rmi.registry=ALL-UNNAMED, --add-exports=java.rmi/sun.rmi.server=ALL-UNNAMED, --add-exports=java.sql/java.sql=ALL-UNNAMED, --add-opens=java.base/java.lang.module=ALL-UNNAMED, --add-opens=java.base/jdk.internal.loader=ALL-UNNAMED, --add-opens=java.base/jdk.internal.ref=ALL-UNNAMED, --add-opens=java.base/jdk.internal.reflect=ALL-UNNAMED, --add-opens=java.base/jdk.internal.math=ALL-UNNAMED, --add-opens=java.base/jdk.internal.module=ALL-UNNAMED, --add-opens=java.base/jdk.internal.util.jar=ALL-UNNAMED, --add-opens=jdk.management/com.sun.management.internal=ALL-UNNAMED, -Dio.netty.tryReflectionSetAccessible=true, -Xlog:gc=info,heap*=trace,age*=debug,safepoint=info,promotion*=trace:file=./apache-cassandra-4.0-rc2/bin/../logs/gc.log:time,uptime,pid,tid,level:filecount=10,filesize=10485760, -Xms8192M, -Xmx8192M, -XX:CompileCommandFile=./apache-cassandra-4.0-rc2/bin/../conf/hotspot_compiler, -javaagent:./apache-cassandra-4.0-rc2/bin/../lib/jamm-0.3.2.jar, -Dcassandra.jmx.local.port=7199, -Dcom.sun.management.jmxremote.authenticate=false, -Dcom.sun.management.jmxremote.password.file=/etc/cassandra/jmxremote.password, -Djava.library.path=./apache-cassandra-4.0-rc2/bin/../lib/sigar-bin, -XX:OnOutOfMemoryError=kill -9 %p, -Dlogback.configurationFile=logback.xml, -Dcassandra.logdir=./apache-cassandra-4.0-rc2/bin/../logs, -Dcassandra.storagedir=./apache-cassandra-4.0-rc2/bin/../data]
WARN  [main] 2021-07-19 12:36:01,773 NativeLibrary.java:201 - Unable to lock JVM memory (ENOMEM). This can result in part of the JVM being swapped out, especially with mmapped I/O enabled. Increase RLIMIT_MEMLOCK.
INFO  [main] 2021-07-19 12:36:01,816 MonotonicClock.java:199 - Scheduling approximate time conversion task with an interval of 10000 milliseconds
INFO  [main] 2021-07-19 12:36:01,817 MonotonicClock.java:335 - Scheduling approximate time-check task with a precision of 2 milliseconds
WARN  [main] 2021-07-19 12:36:01,818 StartupChecks.java:143 - jemalloc shared library could not be preloaded to speed up memory allocations
WARN  [main] 2021-07-19 12:36:01,819 StartupChecks.java:158 - lz4-java was unable to load native libraries; this will lower the performance of lz4 (network/sstables/etc.): Could not initialize class net.jpountz.lz4.LZ4JNI
WARN  [main] 2021-07-19 12:36:01,819 StartupChecks.java:187 - JMX is not enabled to receive remote connections. Please see cassandra-env.sh for more info.
INFO  [main] 2021-07-19 12:36:01,820 SigarLibrary.java:44 - Initializing SIGAR library
WARN  [main] 2021-07-19 12:36:01,827 SigarLibrary.java:174 - Cassandra server running in degraded mode. Is swap disabled? : false,  Address space adequate? : true,  nofile limit adequate? : true, nproc limit adequate? : true 
WARN  [main] 2021-07-19 12:36:01,828 StartupChecks.java:329 - Maximum number of memory map areas per process (vm.max_map_count) 65530 is too low, recommended value: 1048575, you can change it with sysctl.
INFO  [main] 2021-07-19 12:36:02,106 Keyspace.java:386 - Creating replication strategy system params KeyspaceParams{durable_writes=true, replication=ReplicationParams{class=org.apache.cassandra.locator.LocalStrategy}}
INFO  [main] 2021-07-19 12:36:02,135 ColumnFamilyStore.java:385 - Initializing system.IndexInfo
INFO  [main] 2021-07-19 12:36:02,782 ColumnFamilyStore.java:385 - Initializing system.batches
INFO  [main] 2021-07-19 12:36:02,788 ColumnFamilyStore.java:385 - Initializing system.paxos
INFO  [main] 2021-07-19 12:36:02,796 ColumnFamilyStore.java:385 - Initializing system.local
INFO  [main] 2021-07-19 12:36:02,802 ColumnFamilyStore.java:385 - Initializing system.peers_v2
INFO  [main] 2021-07-19 12:36:02,807 ColumnFamilyStore.java:385 - Initializing system.peers
INFO  [main] 2021-07-19 12:36:02,813 ColumnFamilyStore.java:385 - Initializing system.peer_events_v2
INFO  [main] 2021-07-19 12:36:02,819 ColumnFamilyStore.java:385 - Initializing system.peer_events
INFO  [main] 2021-07-19 12:36:02,824 ColumnFamilyStore.java:385 - Initializing system.compaction_history
INFO  [main] 2021-07-19 12:36:02,829 ColumnFamilyStore.java:385 - Initializing system.sstable_activity
INFO  [main] 2021-07-19 12:36:02,835 ColumnFamilyStore.java:385 - Initializing system.size_estimates
INFO  [main] 2021-07-19 12:36:02,840 ColumnFamilyStore.java:385 - Initializing system.table_estimates
INFO  [main] 2021-07-19 12:36:02,845 ColumnFamilyStore.java:385 - Initializing system.available_ranges_v2
INFO  [main] 2021-07-19 12:36:02,850 ColumnFamilyStore.java:385 - Initializing system.available_ranges
INFO  [main] 2021-07-19 12:36:02,855 ColumnFamilyStore.java:385 - Initializing system.transferred_ranges_v2
INFO  [main] 2021-07-19 12:36:02,860 ColumnFamilyStore.java:385 - Initializing system.transferred_ranges
INFO  [main] 2021-07-19 12:36:02,867 ColumnFamilyStore.java:385 - Initializing system.view_builds_in_progress
INFO  [main] 2021-07-19 12:36:02,872 ColumnFamilyStore.java:385 - Initializing system.built_views
INFO  [main] 2021-07-19 12:36:02,878 ColumnFamilyStore.java:385 - Initializing system.prepared_statements
INFO  [main] 2021-07-19 12:36:02,883 ColumnFamilyStore.java:385 - Initializing system.repairs
INFO  [main] 2021-07-19 12:36:02,989 QueryProcessor.java:106 - Initialized prepared statement caches with 32 MB
INFO  [main] 2021-07-19 12:36:03,065 Keyspace.java:386 - Creating replication strategy system_schema params KeyspaceParams{durable_writes=true, replication=ReplicationParams{class=org.apache.cassandra.locator.LocalStrategy}}
INFO  [main] 2021-07-19 12:36:03,067 ColumnFamilyStore.java:385 - Initializing system_schema.keyspaces
INFO  [main] 2021-07-19 12:36:03,072 ColumnFamilyStore.java:385 - Initializing system_schema.tables
INFO  [main] 2021-07-19 12:36:03,077 ColumnFamilyStore.java:385 - Initializing system_schema.columns
INFO  [main] 2021-07-19 12:36:03,082 ColumnFamilyStore.java:385 - Initializing system_schema.triggers
INFO  [main] 2021-07-19 12:36:03,087 ColumnFamilyStore.java:385 - Initializing system_schema.dropped_columns
INFO  [main] 2021-07-19 12:36:03,091 ColumnFamilyStore.java:385 - Initializing system_schema.views
INFO  [main] 2021-07-19 12:36:03,096 ColumnFamilyStore.java:385 - Initializing system_schema.types
INFO  [main] 2021-07-19 12:36:03,100 ColumnFamilyStore.java:385 - Initializing system_schema.functions
INFO  [main] 2021-07-19 12:36:03,104 ColumnFamilyStore.java:385 - Initializing system_schema.aggregates
INFO  [main] 2021-07-19 12:36:03,109 ColumnFamilyStore.java:385 - Initializing system_schema.indexes
INFO  [main] 2021-07-19 12:36:03,161 SystemKeyspaceMigrator40.java:76 - system.peers_v2 table was empty, migrating legacy system.peers, if this fails you should fix the issue and then truncate system.peers_v2 to have it try again.
INFO  [main] 2021-07-19 12:36:03,167 SystemKeyspaceMigrator40.java:100 - Migrating rows from legacy system.peers to system.peers_v2
INFO  [main] 2021-07-19 12:36:03,169 SystemKeyspaceMigrator40.java:119 - Migrated 0 rows from legacy system.peers to system.peers_v2
INFO  [main] 2021-07-19 12:36:03,169 SystemKeyspaceMigrator40.java:129 - system.peer_events_v2 table was empty, migrating legacy system.peer_events to system.peer_events_v2
INFO  [main] 2021-07-19 12:36:03,170 SystemKeyspaceMigrator40.java:152 - Migrated 0 rows from legacy system.peer_events to system.peer_events_v2
INFO  [main] 2021-07-19 12:36:03,170 SystemKeyspaceMigrator40.java:162 - system.transferred_ranges_v2 table was empty, migrating legacy system.transferred_ranges to system.transferred_ranges_v2
INFO  [main] 2021-07-19 12:36:03,172 SystemKeyspaceMigrator40.java:190 - Migrated 0 rows from legacy system.transferred_ranges to system.transferred_ranges_v2
INFO  [main] 2021-07-19 12:36:03,172 SystemKeyspaceMigrator40.java:200 - system.available_ranges_v2 table was empty, migrating legacy system.available_ranges to system.available_ranges_v2
INFO  [main] 2021-07-19 12:36:03,173 SystemKeyspaceMigrator40.java:226 - Migrated 0 rows from legacy system.available_ranges to system.available_ranges_v2
INFO  [main] 2021-07-19 12:36:03,173 StorageService.java:836 - Populating token metadata from system tables
INFO  [main] 2021-07-19 12:36:03,229 StorageService.java:830 - Token metadata: 
INFO  [main] 2021-07-19 12:36:03,267 CacheService.java:100 - Initializing key cache with capacity of 100 MBs.
INFO  [main] 2021-07-19 12:36:03,275 CacheService.java:122 - Initializing row cache with capacity of 0 MBs
INFO  [main] 2021-07-19 12:36:03,276 CacheService.java:151 - Initializing counter cache with capacity of 50 MBs
INFO  [main] 2021-07-19 12:36:03,277 CacheService.java:162 - Scheduling counter cache save to every 7200 seconds (going to save all keys).
INFO  [main] 2021-07-19 12:36:03,294 CommitLog.java:168 - No commitlog files found; skipping replay
INFO  [main] 2021-07-19 12:36:03,294 StorageService.java:836 - Populating token metadata from system tables
INFO  [main] 2021-07-19 12:36:03,306 StorageService.java:830 - Token metadata: 
INFO  [main] 2021-07-19 12:36:03,408 ColumnFamilyStore.java:2242 - Truncating system.size_estimates
INFO  [main] 2021-07-19 12:36:03,426 ColumnFamilyStore.java:2279 - Truncating system.size_estimates with truncatedAt=1626698163411
INFO  [main] 2021-07-19 12:36:03,452 ColumnFamilyStore.java:878 - Enqueuing flush of local: 2.330KiB (0%) on-heap, 0.000KiB (0%) off-heap
INFO  [PerDiskMemtableFlushWriter_0:1] 2021-07-19 12:36:03,495 Memtable.java:469 - Writing Memtable-local@1479913845(0.431KiB serialized bytes, 3 ops, 0%/0% of on/off-heap limit), flushed range = (null, null]
INFO  [PerDiskMemtableFlushWriter_0:1] 2021-07-19 12:36:03,497 Memtable.java:498 - Completed flushing /home/nitsanw/profiling-workload/apache-cassandra-4.0-rc2/data/data/system/local-7ad54392bcdd35a684174e047860b377/nb-1-big-Data.db (0.226KiB) for commitlog position CommitLogPosition(segmentId=1626698161810, position=31193)
INFO  [MemtableFlushWriter:1] 2021-07-19 12:36:03,528 LogTransaction.java:240 - Unfinished transaction log, deleting /home/nitsanw/profiling-workload/apache-cassandra-4.0-rc2/data/data/system/local-7ad54392bcdd35a684174e047860b377/nb_txn_flush_e16668f0-e88d-11eb-b8e8-27d728b14a49.log 
INFO  [main] 2021-07-19 12:36:03,537 ColumnFamilyStore.java:2306 - Truncate of system.size_estimates is complete
INFO  [main] 2021-07-19 12:36:03,537 ColumnFamilyStore.java:2242 - Truncating system.table_estimates
INFO  [main] 2021-07-19 12:36:03,538 ColumnFamilyStore.java:2279 - Truncating system.table_estimates with truncatedAt=1626698163538
INFO  [main] 2021-07-19 12:36:03,540 ColumnFamilyStore.java:878 - Enqueuing flush of local: 0.592KiB (0%) on-heap, 0.000KiB (0%) off-heap
INFO  [PerDiskMemtableFlushWriter_0:2] 2021-07-19 12:36:03,544 Memtable.java:469 - Writing Memtable-local@1536631347(0.091KiB serialized bytes, 1 ops, 0%/0% of on/off-heap limit), flushed range = (null, null]
INFO  [PerDiskMemtableFlushWriter_0:2] 2021-07-19 12:36:03,544 Memtable.java:498 - Completed flushing /home/nitsanw/profiling-workload/apache-cassandra-4.0-rc2/data/data/system/local-7ad54392bcdd35a684174e047860b377/nb-2-big-Data.db (0.063KiB) for commitlog position CommitLogPosition(segmentId=1626698161810, position=31304)
INFO  [MemtableFlushWriter:2] 2021-07-19 12:36:03,549 LogTransaction.java:240 - Unfinished transaction log, deleting /home/nitsanw/profiling-workload/apache-cassandra-4.0-rc2/data/data/system/local-7ad54392bcdd35a684174e047860b377/nb_txn_flush_e1738850-e88d-11eb-b8e8-27d728b14a49.log 
INFO  [main] 2021-07-19 12:36:03,551 ColumnFamilyStore.java:2306 - Truncate of system.table_estimates is complete
INFO  [main] 2021-07-19 12:36:03,554 QueryProcessor.java:150 - Preloaded 0 prepared statements
INFO  [main] 2021-07-19 12:36:03,554 StorageService.java:734 - Cassandra version: 4.0-rc2
INFO  [main] 2021-07-19 12:36:03,554 StorageService.java:735 - CQL version: 3.4.5
INFO  [main] 2021-07-19 12:36:03,555 StorageService.java:736 - Native protocol supported versions: 3/v3, 4/v4, 5/v5, 6/v6-beta (default: 5/v5)
INFO  [main] 2021-07-19 12:36:03,578 IndexSummaryManager.java:87 - Initializing index summary manager with a memory pool size of 409 MB and a resize interval of 60 minutes
INFO  [main] 2021-07-19 12:36:03,579 StorageService.java:753 - Loading persisted ring state
INFO  [main] 2021-07-19 12:36:03,579 StorageService.java:836 - Populating token metadata from system tables
INFO  [main] 2021-07-19 12:36:03,599 BufferPools.java:49 - Global buffer pool limit is 512.000MiB for chunk-cache and 128.000MiB for networking
INFO  [main] 2021-07-19 12:36:03,696 InboundConnectionInitiator.java:127 - Listening on address: (localhost/127.0.0.1:7000), nic: lo, encryption: unencrypted
WARN  [main] 2021-07-19 12:36:03,733 SystemKeyspace.java:1130 - No host ID found, created 3b173512-099e-4c83-97fa-b575b284aa61 (Note: This should happen exactly once per node).
INFO  [main] 2021-07-19 12:36:03,748 StorageService.java:651 - Unable to gossip with any peers but continuing anyway since node is in its own seed list
INFO  [main] 2021-07-19 12:36:03,764 StorageService.java:958 - Starting up server gossip
INFO  [main] 2021-07-19 12:36:03,768 ColumnFamilyStore.java:878 - Enqueuing flush of local: 0.600KiB (0%) on-heap, 0.000KiB (0%) off-heap
INFO  [PerDiskMemtableFlushWriter_0:1] 2021-07-19 12:36:03,772 Memtable.java:469 - Writing Memtable-local@864079378(0.079KiB serialized bytes, 2 ops, 0%/0% of on/off-heap limit), flushed range = (null, null]
INFO  [PerDiskMemtableFlushWriter_0:1] 2021-07-19 12:36:03,773 Memtable.java:498 - Completed flushing /home/nitsanw/profiling-workload/apache-cassandra-4.0-rc2/data/data/system/local-7ad54392bcdd35a684174e047860b377/nb-3-big-Data.db (0.048KiB) for commitlog position CommitLogPosition(segmentId=1626698161810, position=31460)
INFO  [MemtableFlushWriter:1] 2021-07-19 12:36:03,779 LogTransaction.java:240 - Unfinished transaction log, deleting /home/nitsanw/profiling-workload/apache-cassandra-4.0-rc2/data/data/system/local-7ad54392bcdd35a684174e047860b377/nb_txn_flush_e1965290-e88d-11eb-b8e8-27d728b14a49.log 
INFO  [main] 2021-07-19 12:36:03,815 StorageService.java:1048 - This node will not auto bootstrap because it is configured to be a seed node.
INFO  [main] 2021-07-19 12:36:33,823 NetworkTopologyStrategy.java:88 - Configured datacenter replicas are datacenter1:rf(3)
INFO  [main] 2021-07-19 12:36:33,824 TokenAllocatorFactory.java:44 - Using ReplicationAwareTokenAllocator.
INFO  [main] 2021-07-19 12:36:33,850 TokenAllocation.java:106 - Selected tokens [5648900686266273256, -1589435878715195443, -6399785837957094877, 2757856304882198418, -8996954586170252250, -3525109636898569459, 922332967527420608, 7859784935025400727, 4569527878818671598, -4621151537133507748, -7377931290473208952, -149167648812612204, 6892420691946865228, -2433812526206357199, 1940184372269847623, 3833612186107777957]
INFO  [MigrationStage:1] 2021-07-19 12:36:33,877 ColumnFamilyStore.java:878 - Enqueuing flush of columns: 215.126KiB (0%) on-heap, 0.000KiB (0%) off-heap
INFO  [PerDiskMemtableFlushWriter_0:2] 2021-07-19 12:36:33,881 Memtable.java:469 - Writing Memtable-columns@1431361329(41.994KiB serialized bytes, 277 ops, 0%/0% of on/off-heap limit), flushed range = (null, null]
INFO  [PerDiskMemtableFlushWriter_0:2] 2021-07-19 12:36:33,892 Memtable.java:498 - Completed flushing /home/nitsanw/profiling-workload/apache-cassandra-4.0-rc2/data/data/system_schema/columns-24101c25a2ae3af787c1b40ee1aca33f/nb-1-big-Data.db (20.847KiB) for commitlog position CommitLogPosition(segmentId=1626698161810, position=42078)
INFO  [MemtableFlushWriter:2] 2021-07-19 12:36:33,900 LogTransaction.java:240 - Unfinished transaction log, deleting /home/nitsanw/profiling-workload/apache-cassandra-4.0-rc2/data/data/system_schema/columns-24101c25a2ae3af787c1b40ee1aca33f/nb_txn_flush_f3887050-e88d-11eb-b8e8-27d728b14a49.log 
INFO  [MigrationStage:1] 2021-07-19 12:36:33,902 ColumnFamilyStore.java:878 - Enqueuing flush of dropped_columns: 1.120KiB (0%) on-heap, 0.000KiB (0%) off-heap
INFO  [PerDiskMemtableFlushWriter_0:1] 2021-07-19 12:36:33,906 Memtable.java:469 - Writing Memtable-dropped_columns@214668340(0.120KiB serialized bytes, 3 ops, 0%/0% of on/off-heap limit), flushed range = (null, null]
INFO  [PerDiskMemtableFlushWriter_0:1] 2021-07-19 12:36:33,907 Memtable.java:498 - Completed flushing /home/nitsanw/profiling-workload/apache-cassandra-4.0-rc2/data/data/system_schema/dropped_columns-5e7583b5f3f43af19a39b7e1d6f5f11f/nb-1-big-Data.db (0.097KiB) for commitlog position CommitLogPosition(segmentId=1626698161810, position=42078)
INFO  [MemtableFlushWriter:1] 2021-07-19 12:36:33,914 LogTransaction.java:240 - Unfinished transaction log, deleting /home/nitsanw/profiling-workload/apache-cassandra-4.0-rc2/data/data/system_schema/dropped_columns-5e7583b5f3f43af19a39b7e1d6f5f11f/nb_txn_flush_f38c67f0-e88d-11eb-b8e8-27d728b14a49.log 
INFO  [MigrationStage:1] 2021-07-19 12:36:33,915 ColumnFamilyStore.java:878 - Enqueuing flush of triggers: 0.513KiB (0%) on-heap, 0.000KiB (0%) off-heap
INFO  [PerDiskMemtableFlushWriter_0:2] 2021-07-19 12:36:33,918 Memtable.java:469 - Writing Memtable-triggers@1366247747(0.016KiB serialized bytes, 2 ops, 0%/0% of on/off-heap limit), flushed range = (null, null]
INFO  [PerDiskMemtableFlushWriter_0:2] 2021-07-19 12:36:33,919 Memtable.java:498 - Completed flushing /home/nitsanw/profiling-workload/apache-cassandra-4.0-rc2/data/data/system_schema/triggers-4df70b666b05325195a132b54005fd48/nb-1-big-Data.db (0.048KiB) for commitlog position CommitLogPosition(segmentId=1626698161810, position=42078)
INFO  [MemtableFlushWriter:2] 2021-07-19 12:36:33,924 LogTransaction.java:240 - Unfinished transaction log, deleting /home/nitsanw/profiling-workload/apache-cassandra-4.0-rc2/data/data/system_schema/triggers-4df70b666b05325195a132b54005fd48/nb_txn_flush_f38e63c0-e88d-11eb-b8e8-27d728b14a49.log 
INFO  [MigrationStage:1] 2021-07-19 12:36:33,926 ColumnFamilyStore.java:878 - Enqueuing flush of types: 0.513KiB (0%) on-heap, 0.000KiB (0%) off-heap
INFO  [PerDiskMemtableFlushWriter_0:1] 2021-07-19 12:36:33,929 Memtable.java:469 - Writing Memtable-types@246866049(0.016KiB serialized bytes, 2 ops, 0%/0% of on/off-heap limit), flushed range = (null, null]
INFO  [PerDiskMemtableFlushWriter_0:1] 2021-07-19 12:36:33,930 Memtable.java:498 - Completed flushing /home/nitsanw/profiling-workload/apache-cassandra-4.0-rc2/data/data/system_schema/types-5a8b1ca866023f77a0459273d308917a/nb-1-big-Data.db (0.048KiB) for commitlog position CommitLogPosition(segmentId=1626698161810, position=42078)
INFO  [MemtableFlushWriter:1] 2021-07-19 12:36:33,935 LogTransaction.java:240 - Unfinished transaction log, deleting /home/nitsanw/profiling-workload/apache-cassandra-4.0-rc2/data/data/system_schema/types-5a8b1ca866023f77a0459273d308917a/nb_txn_flush_f38fea60-e88d-11eb-b8e8-27d728b14a49.log 
INFO  [MigrationStage:1] 2021-07-19 12:36:33,937 ColumnFamilyStore.java:878 - Enqueuing flush of functions: 0.513KiB (0%) on-heap, 0.000KiB (0%) off-heap
INFO  [PerDiskMemtableFlushWriter_0:2] 2021-07-19 12:36:33,940 Memtable.java:469 - Writing Memtable-functions@342744330(0.016KiB serialized bytes, 2 ops, 0%/0% of on/off-heap limit), flushed range = (null, null]
INFO  [PerDiskMemtableFlushWriter_0:2] 2021-07-19 12:36:33,940 Memtable.java:498 - Completed flushing /home/nitsanw/profiling-workload/apache-cassandra-4.0-rc2/data/data/system_schema/functions-96489b7980be3e14a70166a0b9159450/nb-1-big-Data.db (0.048KiB) for commitlog position CommitLogPosition(segmentId=1626698161810, position=42078)
INFO  [MemtableFlushWriter:2] 2021-07-19 12:36:33,946 LogTransaction.java:240 - Unfinished transaction log, deleting /home/nitsanw/profiling-workload/apache-cassandra-4.0-rc2/data/data/system_schema/functions-96489b7980be3e14a70166a0b9159450/nb_txn_flush_f3919810-e88d-11eb-b8e8-27d728b14a49.log 
INFO  [MigrationStage:1] 2021-07-19 12:36:33,948 ColumnFamilyStore.java:878 - Enqueuing flush of aggregates: 0.513KiB (0%) on-heap, 0.000KiB (0%) off-heap
INFO  [PerDiskMemtableFlushWriter_0:1] 2021-07-19 12:36:33,951 Memtable.java:469 - Writing Memtable-aggregates@2099932812(0.016KiB serialized bytes, 2 ops, 0%/0% of on/off-heap limit), flushed range = (null, null]
INFO  [PerDiskMemtableFlushWriter_0:1] 2021-07-19 12:36:33,952 Memtable.java:498 - Completed flushing /home/nitsanw/profiling-workload/apache-cassandra-4.0-rc2/data/data/system_schema/aggregates-924c55872e3a345bb10c12f37c1ba895/nb-1-big-Data.db (0.048KiB) for commitlog position CommitLogPosition(segmentId=1626698161810, position=42078)
INFO  [MemtableFlushWriter:1] 2021-07-19 12:36:33,957 LogTransaction.java:240 - Unfinished transaction log, deleting /home/nitsanw/profiling-workload/apache-cassandra-4.0-rc2/data/data/system_schema/aggregates-924c55872e3a345bb10c12f37c1ba895/nb_txn_flush_f39345c0-e88d-11eb-b8e8-27d728b14a49.log 
INFO  [MigrationStage:1] 2021-07-19 12:36:33,958 ColumnFamilyStore.java:878 - Enqueuing flush of indexes: 0.513KiB (0%) on-heap, 0.000KiB (0%) off-heap
INFO  [PerDiskMemtableFlushWriter_0:2] 2021-07-19 12:36:33,962 Memtable.java:469 - Writing Memtable-indexes@1980363534(0.016KiB serialized bytes, 2 ops, 0%/0% of on/off-heap limit), flushed range = (null, null]
INFO  [PerDiskMemtableFlushWriter_0:2] 2021-07-19 12:36:33,962 Memtable.java:498 - Completed flushing /home/nitsanw/profiling-workload/apache-cassandra-4.0-rc2/data/data/system_schema/indexes-0feb57ac311f382fba6d9024d305702f/nb-1-big-Data.db (0.048KiB) for commitlog position CommitLogPosition(segmentId=1626698161810, position=42086)
INFO  [MemtableFlushWriter:2] 2021-07-19 12:36:33,967 LogTransaction.java:240 - Unfinished transaction log, deleting /home/nitsanw/profiling-workload/apache-cassandra-4.0-rc2/data/data/system_schema/indexes-0feb57ac311f382fba6d9024d305702f/nb_txn_flush_f394f370-e88d-11eb-b8e8-27d728b14a49.log 
INFO  [MigrationStage:1] 2021-07-19 12:36:33,969 ColumnFamilyStore.java:878 - Enqueuing flush of tables: 98.911KiB (0%) on-heap, 0.000KiB (0%) off-heap
INFO  [PerDiskMemtableFlushWriter_0:1] 2021-07-19 12:36:33,972 Memtable.java:469 - Writing Memtable-tables@1223675749(28.858KiB serialized bytes, 42 ops, 0%/0% of on/off-heap limit), flushed range = (null, null]
INFO  [PerDiskMemtableFlushWriter_0:1] 2021-07-19 12:36:33,976 Memtable.java:498 - Completed flushing /home/nitsanw/profiling-workload/apache-cassandra-4.0-rc2/data/data/system_schema/tables-afddfb9dbc1e30688056eed6c302ba09/nb-1-big-Data.db (17.879KiB) for commitlog position CommitLogPosition(segmentId=1626698161810, position=42086)
INFO  [MemtableFlushWriter:1] 2021-07-19 12:36:33,981 LogTransaction.java:240 - Unfinished transaction log, deleting /home/nitsanw/profiling-workload/apache-cassandra-4.0-rc2/data/data/system_schema/tables-afddfb9dbc1e30688056eed6c302ba09/nb_txn_flush_f3967a10-e88d-11eb-b8e8-27d728b14a49.log 
INFO  [MigrationStage:1] 2021-07-19 12:36:33,982 ColumnFamilyStore.java:878 - Enqueuing flush of views: 0.513KiB (0%) on-heap, 0.000KiB (0%) off-heap
INFO  [PerDiskMemtableFlushWriter_0:2] 2021-07-19 12:36:33,985 Memtable.java:469 - Writing Memtable-views@632507297(0.016KiB serialized bytes, 2 ops, 0%/0% of on/off-heap limit), flushed range = (null, null]
INFO  [PerDiskMemtableFlushWriter_0:2] 2021-07-19 12:36:33,986 Memtable.java:498 - Completed flushing /home/nitsanw/profiling-workload/apache-cassandra-4.0-rc2/data/data/system_schema/views-9786ac1cdd583201a7cdad556410c985/nb-1-big-Data.db (0.048KiB) for commitlog position CommitLogPosition(segmentId=1626698161810, position=42086)
INFO  [MemtableFlushWriter:2] 2021-07-19 12:36:33,991 LogTransaction.java:240 - Unfinished transaction log, deleting /home/nitsanw/profiling-workload/apache-cassandra-4.0-rc2/data/data/system_schema/views-9786ac1cdd583201a7cdad556410c985/nb_txn_flush_f3989cf0-e88d-11eb-b8e8-27d728b14a49.log 
INFO  [MigrationStage:1] 2021-07-19 12:36:33,992 ColumnFamilyStore.java:878 - Enqueuing flush of keyspaces: 3.326KiB (0%) on-heap, 0.000KiB (0%) off-heap
INFO  [PerDiskMemtableFlushWriter_0:1] 2021-07-19 12:36:33,995 Memtable.java:469 - Writing Memtable-keyspaces@416651384(0.673KiB serialized bytes, 7 ops, 0%/0% of on/off-heap limit), flushed range = (null, null]
INFO  [PerDiskMemtableFlushWriter_0:1] 2021-07-19 12:36:33,996 Memtable.java:498 - Completed flushing /home/nitsanw/profiling-workload/apache-cassandra-4.0-rc2/data/data/system_schema/keyspaces-abac5682dea631c5b535b3d6cffd0fb6/nb-1-big-Data.db (0.556KiB) for commitlog position CommitLogPosition(segmentId=1626698161810, position=42086)
INFO  [MemtableFlushWriter:1] 2021-07-19 12:36:34,001 LogTransaction.java:240 - Unfinished transaction log, deleting /home/nitsanw/profiling-workload/apache-cassandra-4.0-rc2/data/data/system_schema/keyspaces-abac5682dea631c5b535b3d6cffd0fb6/nb_txn_flush_f39a2390-e88d-11eb-b8e8-27d728b14a49.log 
INFO  [MigrationStage:1] 2021-07-19 12:36:34,057 Keyspace.java:386 - Creating replication strategy system_auth params KeyspaceParams{durable_writes=true, replication=ReplicationParams{class=org.apache.cassandra.locator.SimpleStrategy, replication_factor=1}}
INFO  [MigrationStage:1] 2021-07-19 12:36:34,059 ColumnFamilyStore.java:385 - Initializing system_auth.network_permissions
INFO  [MigrationStage:1] 2021-07-19 12:36:34,063 ColumnFamilyStore.java:385 - Initializing system_auth.resource_role_permissons_index
INFO  [MigrationStage:1] 2021-07-19 12:36:34,066 ColumnFamilyStore.java:385 - Initializing system_auth.role_members
INFO  [MigrationStage:1] 2021-07-19 12:36:34,070 ColumnFamilyStore.java:385 - Initializing system_auth.role_permissions
INFO  [MigrationStage:1] 2021-07-19 12:36:34,073 ColumnFamilyStore.java:385 - Initializing system_auth.roles
INFO  [MigrationStage:1] 2021-07-19 12:36:34,077 Keyspace.java:386 - Creating replication strategy system_distributed params KeyspaceParams{durable_writes=true, replication=ReplicationParams{class=org.apache.cassandra.locator.SimpleStrategy, replication_factor=3}}
INFO  [MigrationStage:1] 2021-07-19 12:36:34,079 ColumnFamilyStore.java:385 - Initializing system_distributed.parent_repair_history
INFO  [MigrationStage:1] 2021-07-19 12:36:34,082 ColumnFamilyStore.java:385 - Initializing system_distributed.repair_history
INFO  [MigrationStage:1] 2021-07-19 12:36:34,085 ColumnFamilyStore.java:385 - Initializing system_distributed.view_build_status
INFO  [MigrationStage:1] 2021-07-19 12:36:34,088 Keyspace.java:386 - Creating replication strategy system_traces params KeyspaceParams{durable_writes=true, replication=ReplicationParams{class=org.apache.cassandra.locator.SimpleStrategy, replication_factor=2}}
INFO  [MigrationStage:1] 2021-07-19 12:36:34,090 ColumnFamilyStore.java:385 - Initializing system_traces.events
INFO  [MigrationStage:1] 2021-07-19 12:36:34,093 ColumnFamilyStore.java:385 - Initializing system_traces.sessions
INFO  [main] 2021-07-19 12:36:34,113 StorageService.java:1619 - JOINING: Finish joining ring
INFO  [main] 2021-07-19 12:36:34,116 ColumnFamilyStore.java:878 - Enqueuing flush of local: 0.620KiB (0%) on-heap, 0.000KiB (0%) off-heap
INFO  [PerDiskMemtableFlushWriter_0:2] 2021-07-19 12:36:34,119 Memtable.java:469 - Writing Memtable-local@238893829(0.084KiB serialized bytes, 3 ops, 0%/0% of on/off-heap limit), flushed range = (null, null]
INFO  [PerDiskMemtableFlushWriter_0:2] 2021-07-19 12:36:34,120 Memtable.java:498 - Completed flushing /home/nitsanw/profiling-workload/apache-cassandra-4.0-rc2/data/data/system/local-7ad54392bcdd35a684174e047860b377/nb-4-big-Data.db (0.058KiB) for commitlog position CommitLogPosition(segmentId=1626698161810, position=42242)
INFO  [MemtableFlushWriter:2] 2021-07-19 12:36:34,125 LogTransaction.java:240 - Unfinished transaction log, deleting /home/nitsanw/profiling-workload/apache-cassandra-4.0-rc2/data/data/system/local-7ad54392bcdd35a684174e047860b377/nb_txn_flush_f3ace840-e88d-11eb-b8e8-27d728b14a49.log 
INFO  [main] 2021-07-19 12:36:34,133 ColumnFamilyStore.java:878 - Enqueuing flush of local: 3.104KiB (0%) on-heap, 0.000KiB (0%) off-heap
INFO  [PerDiskMemtableFlushWriter_0:1] 2021-07-19 12:36:34,137 Memtable.java:469 - Writing Memtable-local@568246539(0.593KiB serialized bytes, 1 ops, 0%/0% of on/off-heap limit), flushed range = (null, null]
INFO  [PerDiskMemtableFlushWriter_0:1] 2021-07-19 12:36:34,137 Memtable.java:498 - Completed flushing /home/nitsanw/profiling-workload/apache-cassandra-4.0-rc2/data/data/system/local-7ad54392bcdd35a684174e047860b377/nb-5-big-Data.db (0.361KiB) for commitlog position CommitLogPosition(segmentId=1626698161810, position=42647)
INFO  [MemtableFlushWriter:1] 2021-07-19 12:36:34,143 LogTransaction.java:240 - Unfinished transaction log, deleting /home/nitsanw/profiling-workload/apache-cassandra-4.0-rc2/data/data/system/local-7ad54392bcdd35a684174e047860b377/nb_txn_flush_f3afa760-e88d-11eb-b8e8-27d728b14a49.log 
INFO  [main] 2021-07-19 12:36:34,152 StorageService.java:2737 - Node localhost/127.0.0.1:7000 state jump to NORMAL
INFO  [main] 2021-07-19 12:36:34,174 NativeTransportService.java:130 - Using Netty Version: [netty-buffer=netty-buffer-4.1.58.Final.10b03e6, netty-codec=netty-codec-4.1.58.Final.10b03e6, netty-codec-dns=netty-codec-dns-4.1.58.Final.10b03e6, netty-codec-haproxy=netty-codec-haproxy-4.1.58.Final.10b03e6, netty-codec-http=netty-codec-http-4.1.58.Final.10b03e6, netty-codec-http2=netty-codec-http2-4.1.58.Final.10b03e6, netty-codec-memcache=netty-codec-memcache-4.1.58.Final.10b03e6, netty-codec-mqtt=netty-codec-mqtt-4.1.58.Final.10b03e6, netty-codec-redis=netty-codec-redis-4.1.58.Final.10b03e6, netty-codec-smtp=netty-codec-smtp-4.1.58.Final.10b03e6, netty-codec-socks=netty-codec-socks-4.1.58.Final.10b03e6, netty-codec-stomp=netty-codec-stomp-4.1.58.Final.10b03e6, netty-codec-xml=netty-codec-xml-4.1.58.Final.10b03e6, netty-common=netty-common-4.1.58.Final.10b03e6, netty-handler=netty-handler-4.1.58.Final.10b03e6, netty-handler-proxy=netty-handler-proxy-4.1.58.Final.10b03e6, netty-resolver=netty-resolver-4.1.58.Final.10b03e6, netty-resolver-dns=netty-resolver-dns-4.1.58.Final.10b03e6, netty-resolver-dns-native-macos=netty-resolver-dns-native-macos-4.1.58.Final.10b03e65f1, netty-transport=netty-transport-4.1.58.Final.10b03e6, netty-transport-native-epoll=netty-transport-native-epoll-4.1.58.Final.10b03e6, netty-transport-native-kqueue=netty-transport-native-kqueue-4.1.58.Final.10b03e65f1, netty-transport-native-unix-common=netty-transport-native-unix-common-4.1.58.Final.10b03e6, netty-transport-rxtx=netty-transport-rxtx-4.1.58.Final.10b03e6, netty-transport-sctp=netty-transport-sctp-4.1.58.Final.10b03e6, netty-transport-udt=netty-transport-udt-4.1.58.Final.10b03e6]
INFO  [CompactionExecutor:1] 2021-07-19 12:36:34,176 CompactionTask.java:150 - Compacting (f3b54cb0-e88d-11eb-b8e8-27d728b14a49) [/home/nitsanw/profiling-workload/apache-cassandra-4.0-rc2/data/data/system/local-7ad54392bcdd35a684174e047860b377/nb-1-big-Data.db:level=0, /home/nitsanw/profiling-workload/apache-cassandra-4.0-rc2/data/data/system/local-7ad54392bcdd35a684174e047860b377/nb-3-big-Data.db:level=0, /home/nitsanw/profiling-workload/apache-cassandra-4.0-rc2/data/data/system/local-7ad54392bcdd35a684174e047860b377/nb-2-big-Data.db:level=0, /home/nitsanw/profiling-workload/apache-cassandra-4.0-rc2/data/data/system/local-7ad54392bcdd35a684174e047860b377/nb-4-big-Data.db:level=0, /home/nitsanw/profiling-workload/apache-cassandra-4.0-rc2/data/data/system/local-7ad54392bcdd35a684174e047860b377/nb-5-big-Data.db:level=0, ]
INFO  [main] 2021-07-19 12:36:34,193 NativeTransportService.java:68 - Netty using native Epoll event loop
INFO  [CompactionExecutor:1] 2021-07-19 12:36:34,221 CompactionTask.java:245 - Compacted (f3b54cb0-e88d-11eb-b8e8-27d728b14a49) 5 sstables to [/home/nitsanw/profiling-workload/apache-cassandra-4.0-rc2/data/data/system/local-7ad54392bcdd35a684174e047860b377/nb-6-big,] to level=0.  0.770KiB to 0.640KiB (~83% of original) in 41ms.  Read Throughput = 18.593KiB/s, Write Throughput = 15.455KiB/s, Row Throughput = ~2/s.  5 total partitions merged to 1.  Partition merge counts were {5:1, }
INFO  [NonPeriodicTasks:1] 2021-07-19 12:36:34,221 SSTable.java:111 - Deleting sstable: /home/nitsanw/profiling-workload/apache-cassandra-4.0-rc2/data/data/system/local-7ad54392bcdd35a684174e047860b377/nb-1-big
INFO  [NonPeriodicTasks:1] 2021-07-19 12:36:34,223 SSTable.java:111 - Deleting sstable: /home/nitsanw/profiling-workload/apache-cassandra-4.0-rc2/data/data/system/local-7ad54392bcdd35a684174e047860b377/nb-3-big
INFO  [NonPeriodicTasks:1] 2021-07-19 12:36:34,224 SSTable.java:111 - Deleting sstable: /home/nitsanw/profiling-workload/apache-cassandra-4.0-rc2/data/data/system/local-7ad54392bcdd35a684174e047860b377/nb-2-big
INFO  [NonPeriodicTasks:1] 2021-07-19 12:36:34,225 SSTable.java:111 - Deleting sstable: /home/nitsanw/profiling-workload/apache-cassandra-4.0-rc2/data/data/system/local-7ad54392bcdd35a684174e047860b377/nb-4-big
INFO  [NonPeriodicTasks:1] 2021-07-19 12:36:34,226 SSTable.java:111 - Deleting sstable: /home/nitsanw/profiling-workload/apache-cassandra-4.0-rc2/data/data/system/local-7ad54392bcdd35a684174e047860b377/nb-5-big
INFO  [main] 2021-07-19 12:36:34,226 PipelineConfigurator.java:124 - Using Netty Version: [netty-buffer=netty-buffer-4.1.58.Final.10b03e6, netty-codec=netty-codec-4.1.58.Final.10b03e6, netty-codec-dns=netty-codec-dns-4.1.58.Final.10b03e6, netty-codec-haproxy=netty-codec-haproxy-4.1.58.Final.10b03e6, netty-codec-http=netty-codec-http-4.1.58.Final.10b03e6, netty-codec-http2=netty-codec-http2-4.1.58.Final.10b03e6, netty-codec-memcache=netty-codec-memcache-4.1.58.Final.10b03e6, netty-codec-mqtt=netty-codec-mqtt-4.1.58.Final.10b03e6, netty-codec-redis=netty-codec-redis-4.1.58.Final.10b03e6, netty-codec-smtp=netty-codec-smtp-4.1.58.Final.10b03e6, netty-codec-socks=netty-codec-socks-4.1.58.Final.10b03e6, netty-codec-stomp=netty-codec-stomp-4.1.58.Final.10b03e6, netty-codec-xml=netty-codec-xml-4.1.58.Final.10b03e6, netty-common=netty-common-4.1.58.Final.10b03e6, netty-handler=netty-handler-4.1.58.Final.10b03e6, netty-handler-proxy=netty-handler-proxy-4.1.58.Final.10b03e6, netty-resolver=netty-resolver-4.1.58.Final.10b03e6, netty-resolver-dns=netty-resolver-dns-4.1.58.Final.10b03e6, netty-resolver-dns-native-macos=netty-resolver-dns-native-macos-4.1.58.Final.10b03e65f1, netty-transport=netty-transport-4.1.58.Final.10b03e6, netty-transport-native-epoll=netty-transport-native-epoll-4.1.58.Final.10b03e6, netty-transport-native-kqueue=netty-transport-native-kqueue-4.1.58.Final.10b03e65f1, netty-transport-native-unix-common=netty-transport-native-unix-common-4.1.58.Final.10b03e6, netty-transport-rxtx=netty-transport-rxtx-4.1.58.Final.10b03e6, netty-transport-sctp=netty-transport-sctp-4.1.58.Final.10b03e6, netty-transport-udt=netty-transport-udt-4.1.58.Final.10b03e6]
INFO  [main] 2021-07-19 12:36:34,227 PipelineConfigurator.java:125 - Starting listening for CQL clients on localhost/127.0.0.1:9042 (unencrypted)...
INFO  [main] 2021-07-19 12:36:34,231 CassandraDaemon.java:780 - Startup complete
WARN  [MigrationStage:1] 2021-07-19 12:36:36,362 SimpleStrategy.java:116 - Your replication factor 3 for keyspace keyspace1 is higher than the number of nodes 1
INFO  [MigrationStage:1] 2021-07-19 12:36:36,366 ColumnFamilyStore.java:878 - Enqueuing flush of keyspaces: 0.654KiB (0%) on-heap, 0.000KiB (0%) off-heap
INFO  [PerDiskMemtableFlushWriter_0:2] 2021-07-19 12:36:36,369 Memtable.java:469 - Writing Memtable-keyspaces@1950491205(0.146KiB serialized bytes, 1 ops, 0%/0% of on/off-heap limit), flushed range = (min(-9223372036854775808), max(9223372036854775807)]
INFO  [PerDiskMemtableFlushWriter_0:2] 2021-07-19 12:36:36,370 Memtable.java:498 - Completed flushing /home/nitsanw/profiling-workload/apache-cassandra-4.0-rc2/data/data/system_schema/keyspaces-abac5682dea631c5b535b3d6cffd0fb6/nb-2-big-Data.db (0.116KiB) for commitlog position CommitLogPosition(segmentId=1626698161810, position=43401)
INFO  [MigrationStage:1] 2021-07-19 12:36:36,376 Keyspace.java:386 - Creating replication strategy keyspace1 params KeyspaceParams{durable_writes=true, replication=ReplicationParams{class=org.apache.cassandra.locator.SimpleStrategy, replication_factor=3}}
INFO  [MigrationStage:1] 2021-07-19 12:36:36,424 ColumnFamilyStore.java:878 - Enqueuing flush of columns: 4.787KiB (0%) on-heap, 0.000KiB (0%) off-heap
INFO  [PerDiskMemtableFlushWriter_0:1] 2021-07-19 12:36:36,427 Memtable.java:469 - Writing Memtable-columns@263095730(0.795KiB serialized bytes, 6 ops, 0%/0% of on/off-heap limit), flushed range = (min(-9223372036854775808), max(9223372036854775807)]
INFO  [PerDiskMemtableFlushWriter_0:1] 2021-07-19 12:36:36,427 Memtable.java:498 - Completed flushing /home/nitsanw/profiling-workload/apache-cassandra-4.0-rc2/data/data/system_schema/columns-24101c25a2ae3af787c1b40ee1aca33f/nb-2-big-Data.db (0.313KiB) for commitlog position CommitLogPosition(segmentId=1626698161810, position=44714)
INFO  [MigrationStage:1] 2021-07-19 12:36:36,434 ColumnFamilyStore.java:878 - Enqueuing flush of tables: 2.589KiB (0%) on-heap, 0.000KiB (0%) off-heap
INFO  [PerDiskMemtableFlushWriter_0:2] 2021-07-19 12:36:36,436 Memtable.java:469 - Writing Memtable-tables@1924897311(0.627KiB serialized bytes, 1 ops, 0%/0% of on/off-heap limit), flushed range = (min(-9223372036854775808), max(9223372036854775807)]
INFO  [PerDiskMemtableFlushWriter_0:2] 2021-07-19 12:36:36,437 Memtable.java:498 - Completed flushing /home/nitsanw/profiling-workload/apache-cassandra-4.0-rc2/data/data/system_schema/tables-afddfb9dbc1e30688056eed6c302ba09/nb-2-big-Data.db (0.358KiB) for commitlog position CommitLogPosition(segmentId=1626698161810, position=44714)
INFO  [MigrationStage:1] 2021-07-19 12:36:36,444 ColumnFamilyStore.java:878 - Enqueuing flush of keyspaces: 0.654KiB (0%) on-heap, 0.000KiB (0%) off-heap
INFO  [PerDiskMemtableFlushWriter_0:1] 2021-07-19 12:36:36,446 Memtable.java:469 - Writing Memtable-keyspaces@957147077(0.146KiB serialized bytes, 1 ops, 0%/0% of on/off-heap limit), flushed range = (min(-9223372036854775808), max(9223372036854775807)]
INFO  [PerDiskMemtableFlushWriter_0:1] 2021-07-19 12:36:36,447 Memtable.java:498 - Completed flushing /home/nitsanw/profiling-workload/apache-cassandra-4.0-rc2/data/data/system_schema/keyspaces-abac5682dea631c5b535b3d6cffd0fb6/nb-3-big-Data.db (0.116KiB) for commitlog position CommitLogPosition(segmentId=1626698161810, position=44714)
INFO  [MigrationStage:1] 2021-07-19 12:36:36,453 Keyspace.java:386 - Creating replication strategy keyspace1 params KeyspaceParams{durable_writes=true, replication=ReplicationParams{class=org.apache.cassandra.locator.SimpleStrategy, replication_factor=3}}
INFO  [MigrationStage:1] 2021-07-19 12:36:36,457 ColumnFamilyStore.java:385 - Initializing keyspace1.standard1
INFO  [MigrationStage:1] 2021-07-19 12:36:36,489 ColumnFamilyStore.java:878 - Enqueuing flush of columns: 4.796KiB (0%) on-heap, 0.000KiB (0%) off-heap
INFO  [PerDiskMemtableFlushWriter_0:2] 2021-07-19 12:36:36,493 Memtable.java:469 - Writing Memtable-columns@356086366(0.804KiB serialized bytes, 6 ops, 0%/0% of on/off-heap limit), flushed range = (min(-9223372036854775808), max(9223372036854775807)]
INFO  [PerDiskMemtableFlushWriter_0:2] 2021-07-19 12:36:36,493 Memtable.java:498 - Completed flushing /home/nitsanw/profiling-workload/apache-cassandra-4.0-rc2/data/data/system_schema/columns-24101c25a2ae3af787c1b40ee1aca33f/nb-3-big-Data.db (0.321KiB) for commitlog position CommitLogPosition(segmentId=1626698161810, position=46054)
INFO  [MigrationStage:1] 2021-07-19 12:36:36,501 ColumnFamilyStore.java:878 - Enqueuing flush of tables: 2.599KiB (0%) on-heap, 0.000KiB (0%) off-heap
INFO  [PerDiskMemtableFlushWriter_0:1] 2021-07-19 12:36:36,504 Memtable.java:469 - Writing Memtable-tables@229555908(0.637KiB serialized bytes, 1 ops, 0%/0% of on/off-heap limit), flushed range = (min(-9223372036854775808), max(9223372036854775807)]
INFO  [PerDiskMemtableFlushWriter_0:1] 2021-07-19 12:36:36,504 Memtable.java:498 - Completed flushing /home/nitsanw/profiling-workload/apache-cassandra-4.0-rc2/data/data/system_schema/tables-afddfb9dbc1e30688056eed6c302ba09/nb-3-big-Data.db (0.368KiB) for commitlog position CommitLogPosition(segmentId=1626698161810, position=46054)
INFO  [MigrationStage:1] 2021-07-19 12:36:36,512 ColumnFamilyStore.java:878 - Enqueuing flush of keyspaces: 0.654KiB (0%) on-heap, 0.000KiB (0%) off-heap
INFO  [PerDiskMemtableFlushWriter_0:2] 2021-07-19 12:36:36,514 Memtable.java:469 - Writing Memtable-keyspaces@1879849654(0.146KiB serialized bytes, 1 ops, 0%/0% of on/off-heap limit), flushed range = (min(-9223372036854775808), max(9223372036854775807)]
INFO  [PerDiskMemtableFlushWriter_0:2] 2021-07-19 12:36:36,515 Memtable.java:498 - Completed flushing /home/nitsanw/profiling-workload/apache-cassandra-4.0-rc2/data/data/system_schema/keyspaces-abac5682dea631c5b535b3d6cffd0fb6/nb-4-big-Data.db (0.116KiB) for commitlog position CommitLogPosition(segmentId=1626698161810, position=46054)
INFO  [MigrationStage:1] 2021-07-19 12:36:36,520 Keyspace.java:386 - Creating replication strategy keyspace1 params KeyspaceParams{durable_writes=true, replication=ReplicationParams{class=org.apache.cassandra.locator.SimpleStrategy, replication_factor=3}}
INFO  [CompactionExecutor:1] 2021-07-19 12:36:36,521 CompactionTask.java:150 - Compacting (f51bba80-e88d-11eb-b8e8-27d728b14a49) [/home/nitsanw/profiling-workload/apache-cassandra-4.0-rc2/data/data/system_schema/keyspaces-abac5682dea631c5b535b3d6cffd0fb6/nb-4-big-Data.db:level=0, /home/nitsanw/profiling-workload/apache-cassandra-4.0-rc2/data/data/system_schema/keyspaces-abac5682dea631c5b535b3d6cffd0fb6/nb-3-big-Data.db:level=0, /home/nitsanw/profiling-workload/apache-cassandra-4.0-rc2/data/data/system_schema/keyspaces-abac5682dea631c5b535b3d6cffd0fb6/nb-1-big-Data.db:level=0, /home/nitsanw/profiling-workload/apache-cassandra-4.0-rc2/data/data/system_schema/keyspaces-abac5682dea631c5b535b3d6cffd0fb6/nb-2-big-Data.db:level=0, ]
INFO  [MigrationStage:1] 2021-07-19 12:36:36,521 ColumnFamilyStore.java:385 - Initializing keyspace1.counter1
INFO  [NonPeriodicTasks:1] 2021-07-19 12:36:36,537 SSTable.java:111 - Deleting sstable: /home/nitsanw/profiling-workload/apache-cassandra-4.0-rc2/data/data/system_schema/keyspaces-abac5682dea631c5b535b3d6cffd0fb6/nb-4-big
INFO  [CompactionExecutor:1] 2021-07-19 12:36:36,537 CompactionTask.java:245 - Compacted (f51bba80-e88d-11eb-b8e8-27d728b14a49) 4 sstables to [/home/nitsanw/profiling-workload/apache-cassandra-4.0-rc2/data/data/system_schema/keyspaces-abac5682dea631c5b535b3d6cffd0fb6/nb-5-big,] to level=0.  0.614KiB to 0.274KiB (~44% of original) in 14ms.  Read Throughput = 41.421KiB/s, Write Throughput = 18.504KiB/s, Row Throughput = ~12/s.  8 total partitions merged to 6.  Partition merge counts were {1:5, 3:1, }
INFO  [NonPeriodicTasks:1] 2021-07-19 12:36:36,538 SSTable.java:111 - Deleting sstable: /home/nitsanw/profiling-workload/apache-cassandra-4.0-rc2/data/data/system_schema/keyspaces-abac5682dea631c5b535b3d6cffd0fb6/nb-3-big
INFO  [NonPeriodicTasks:1] 2021-07-19 12:36:36,540 SSTable.java:111 - Deleting sstable: /home/nitsanw/profiling-workload/apache-cassandra-4.0-rc2/data/data/system_schema/keyspaces-abac5682dea631c5b535b3d6cffd0fb6/nb-1-big
INFO  [NonPeriodicTasks:1] 2021-07-19 12:36:36,541 SSTable.java:111 - Deleting sstable: /home/nitsanw/profiling-workload/apache-cassandra-4.0-rc2/data/data/system_schema/keyspaces-abac5682dea631c5b535b3d6cffd0fb6/nb-2-big
INFO  [OptionalTasks:1] 2021-07-19 12:36:44,406 CassandraRoleManager.java:338 - Created default superuser role 'cassandra'
INFO  [SlabPoolCleaner] 2021-07-19 12:36:48,103 ColumnFamilyStore.java:878 - Enqueuing flush of standard1: 682.690MiB (33%) on-heap, 0.000KiB (0%) off-heap
INFO  [PerDiskMemtableFlushWriter_0:1] 2021-07-19 12:36:48,681 Memtable.java:469 - Writing Memtable-standard1@1513091299(183.637MiB serialized bytes, 740171 ops, 33%/0% of on/off-heap limit), flushed range = (min(-9223372036854775808), max(9223372036854775807)]
INFO  [SlabPoolCleaner] 2021-07-19 12:36:52,352 ColumnFamilyStore.java:878 - Enqueuing flush of standard1: 682.797MiB (33%) on-heap, 0.000KiB (0%) off-heap
INFO  [PerDiskMemtableFlushWriter_0:2] 2021-07-19 12:36:52,850 Memtable.java:469 - Writing Memtable-standard1@1812464329(185.876MiB serialized bytes, 698584 ops, 33%/0% of on/off-heap limit), flushed range = (min(-9223372036854775808), max(9223372036854775807)]
INFO  [PerDiskMemtableFlushWriter_0:1] 2021-07-19 12:36:54,313 Memtable.java:498 - Completed flushing /home/nitsanw/profiling-workload/apache-cassandra-4.0-rc2/data/data/keyspace1/standard1-f50b8de0e88d11ebb8e827d728b14a49/nb-1-big-Data.db (150.613MiB) for commitlog position CommitLogPosition(segmentId=1626698161815, position=20279936)
INFO  [SlabPoolCleaner] 2021-07-19 12:36:55,924 ColumnFamilyStore.java:878 - Enqueuing flush of standard1: 682.761MiB (33%) on-heap, 0.000KiB (0%) off-heap
INFO  [PerDiskMemtableFlushWriter_0:1] 2021-07-19 12:36:56,339 Memtable.java:469 - Writing Memtable-standard1@942887762(185.873MiB serialized bytes, 698575 ops, 33%/0% of on/off-heap limit), flushed range = (min(-9223372036854775808), max(9223372036854775807)]
INFO  [PerDiskMemtableFlushWriter_0:2] 2021-07-19 12:36:57,587 Memtable.java:498 - Completed flushing /home/nitsanw/profiling-workload/apache-cassandra-4.0-rc2/data/data/keyspace1/standard1-f50b8de0e88d11ebb8e827d728b14a49/nb-2-big-Data.db (151.147MiB) for commitlog position CommitLogPosition(segmentId=1626698161820, position=29949478)
INFO  [SlabPoolCleaner] 2021-07-19 12:36:59,622 ColumnFamilyStore.java:878 - Enqueuing flush of standard1: 682.788MiB (33%) on-heap, 0.000KiB (0%) off-heap
INFO  [PerDiskMemtableFlushWriter_0:2] 2021-07-19 12:37:00,050 Memtable.java:469 - Writing Memtable-standard1@481830816(185.877MiB serialized bytes, 698588 ops, 33%/0% of on/off-heap limit), flushed range = (min(-9223372036854775808), max(9223372036854775807)]
INFO  [PerDiskMemtableFlushWriter_0:1] 2021-07-19 12:37:00,830 Memtable.java:498 - Completed flushing /home/nitsanw/profiling-workload/apache-cassandra-4.0-rc2/data/data/keyspace1/standard1-f50b8de0e88d11ebb8e827d728b14a49/nb-3-big-Data.db (150.692MiB) for commitlog position CommitLogPosition(segmentId=1626698161826, position=6062516)
INFO  [PerDiskMemtableFlushWriter_0:2] 2021-07-19 12:37:02,224 Memtable.java:498 - Completed flushing /home/nitsanw/profiling-workload/apache-cassandra-4.0-rc2/data/data/keyspace1/standard1-f50b8de0e88d11ebb8e827d728b14a49/nb-4-big-Data.db (150.768MiB) for commitlog position CommitLogPosition(segmentId=1626698161831, position=15733066)
INFO  [CompactionExecutor:2] 2021-07-19 12:37:02,575 CompactionTask.java:150 - Compacting (04a367f0-e88e-11eb-b8e8-27d728b14a49) [/home/nitsanw/profiling-workload/apache-cassandra-4.0-rc2/data/data/keyspace1/standard1-f50b8de0e88d11ebb8e827d728b14a49/nb-1-big-Data.db:level=0, /home/nitsanw/profiling-workload/apache-cassandra-4.0-rc2/data/data/keyspace1/standard1-f50b8de0e88d11ebb8e827d728b14a49/nb-3-big-Data.db:level=0, /home/nitsanw/profiling-workload/apache-cassandra-4.0-rc2/data/data/keyspace1/standard1-f50b8de0e88d11ebb8e827d728b14a49/nb-2-big-Data.db:level=0, /home/nitsanw/profiling-workload/apache-cassandra-4.0-rc2/data/data/keyspace1/standard1-f50b8de0e88d11ebb8e827d728b14a49/nb-4-big-Data.db:level=0, ]
INFO  [CompactionExecutor:2] 2021-07-19 12:37:40,189 CompactionTask.java:245 - Compacted (04a367f0-e88e-11eb-b8e8-27d728b14a49) 4 sstables to [/home/nitsanw/profiling-workload/apache-cassandra-4.0-rc2/data/data/keyspace1/standard1-f50b8de0e88d11ebb8e827d728b14a49/nb-5-big,] to level=0.  603.220MiB to 607.686MiB (~100% of original) in 37,612ms.  Read Throughput = 16.038MiB/s, Write Throughput = 16.157MiB/s, Row Throughput = ~146,625/s.  2,785,918 total partitions merged to 2,785,879.  Partition merge counts were {1:2785840, 2:39, }
INFO  [NonPeriodicTasks:1] 2021-07-19 12:37:40,258 SSTable.java:111 - Deleting sstable: /home/nitsanw/profiling-workload/apache-cassandra-4.0-rc2/data/data/keyspace1/standard1-f50b8de0e88d11ebb8e827d728b14a49/nb-3-big
INFO  [NonPeriodicTasks:1] 2021-07-19 12:37:40,314 SSTable.java:111 - Deleting sstable: /home/nitsanw/profiling-workload/apache-cassandra-4.0-rc2/data/data/keyspace1/standard1-f50b8de0e88d11ebb8e827d728b14a49/nb-2-big
INFO  [NonPeriodicTasks:1] 2021-07-19 12:37:40,370 SSTable.java:111 - Deleting sstable: /home/nitsanw/profiling-workload/apache-cassandra-4.0-rc2/data/data/keyspace1/standard1-f50b8de0e88d11ebb8e827d728b14a49/nb-4-big
INFO  [NonPeriodicTasks:1] 2021-07-19 12:37:40,425 SSTable.java:111 - Deleting sstable: /home/nitsanw/profiling-workload/apache-cassandra-4.0-rc2/data/data/keyspace1/standard1-f50b8de0e88d11ebb8e827d728b14a49/nb-1-big
INFO  [StorageServiceShutdownHook] 2021-07-19 12:45:24,188 HintsService.java:220 - Paused hints dispatch
INFO  [StorageServiceShutdownHook] 2021-07-19 12:45:24,192 Server.java:171 - Stop listening for CQL clients
INFO  [StorageServiceShutdownHook] 2021-07-19 12:45:24,193 Gossiper.java:1980 - Announcing shutdown
INFO  [StorageServiceShutdownHook] 2021-07-19 12:45:24,193 StorageService.java:2737 - Node localhost/127.0.0.1:7000 state jump to shutdown
INFO  [StorageServiceShutdownHook] 2021-07-19 12:45:24,194 StorageService.java:2737 - Node localhost/127.0.0.1:7000 state jump to shutdown
INFO  [StorageServiceShutdownHook] 2021-07-19 12:45:26,195 MessagingService.java:441 - Waiting for messaging service to quiesce
INFO  [StorageServiceShutdownHook] 2021-07-19 12:45:28,218 ColumnFamilyStore.java:878 - Enqueuing flush of roles: 0.723KiB (0%) on-heap, 0.000KiB (0%) off-heap
INFO  [StorageServiceShutdownHook] 2021-07-19 12:45:28,220 ColumnFamilyStore.java:878 - Enqueuing flush of standard1: 209.269MiB (10%) on-heap, 0.000KiB (0%) off-heap
INFO  [PerDiskMemtableFlushWriter_0:3] 2021-07-19 12:45:28,224 Memtable.java:469 - Writing Memtable-roles@1628774706(0.136KiB serialized bytes, 1 ops, 0%/0% of on/off-heap limit), flushed range = (min(-9223372036854775808), max(9223372036854775807)]
INFO  [PerDiskMemtableFlushWriter_0:3] 2021-07-19 12:45:28,224 Memtable.java:498 - Completed flushing /home/nitsanw/profiling-workload/apache-cassandra-4.0-rc2/data/data/system_auth/roles-5bc52802de2535edaeab188eecebb090/nb-1-big-Data.db (0.092KiB) for commitlog position CommitLogPosition(segmentId=1626698161833, position=3059449)
INFO  [PerDiskMemtableFlushWriter_0:4] 2021-07-19 12:45:28,270 Memtable.java:469 - Writing Memtable-standard1@837142718(56.962MiB serialized bytes, 214082 ops, 10%/0% of on/off-heap limit), flushed range = (min(-9223372036854775808), max(9223372036854775807)]
INFO  [PerDiskMemtableFlushWriter_0:4] 2021-07-19 12:45:28,902 Memtable.java:498 - Completed flushing /home/nitsanw/profiling-workload/apache-cassandra-4.0-rc2/data/data/keyspace1/standard1-f50b8de0e88d11ebb8e827d728b14a49/nb-6-big-Data.db (45.719MiB) for commitlog position CommitLogPosition(segmentId=1626698161833, position=3059449)
INFO  [StorageServiceShutdownHook] 2021-07-19 12:45:29,035 ColumnFamilyStore.java:878 - Enqueuing flush of compaction_history: 3.795KiB (0%) on-heap, 0.000KiB (0%) off-heap
INFO  [StorageServiceShutdownHook] 2021-07-19 12:45:29,036 ColumnFamilyStore.java:878 - Enqueuing flush of size_estimates: 120.105KiB (0%) on-heap, 0.000KiB (0%) off-heap
INFO  [StorageServiceShutdownHook] 2021-07-19 12:45:29,037 ColumnFamilyStore.java:878 - Enqueuing flush of table_estimates: 269.118KiB (0%) on-heap, 0.000KiB (0%) off-heap
INFO  [StorageServiceShutdownHook] 2021-07-19 12:45:29,037 ColumnFamilyStore.java:878 - Enqueuing flush of local: 0.510KiB (0%) on-heap, 0.000KiB (0%) off-heap
INFO  [StorageServiceShutdownHook] 2021-07-19 12:45:29,038 ColumnFamilyStore.java:878 - Enqueuing flush of sstable_activity: 4.216KiB (0%) on-heap, 0.000KiB (0%) off-heap
INFO  [StorageServiceShutdownHook] 2021-07-19 12:45:29,038 ColumnFamilyStore.java:878 - Enqueuing flush of prepared_statements: 1.304KiB (0%) on-heap, 0.000KiB (0%) off-heap
INFO  [PerDiskMemtableFlushWriter_0:3] 2021-07-19 12:45:29,039 Memtable.java:469 - Writing Memtable-compaction_history@1876087648(0.635KiB serialized bytes, 3 ops, 0%/0% of on/off-heap limit), flushed range = (min(-9223372036854775808), max(9223372036854775807)]
INFO  [PerDiskMemtableFlushWriter_0:4] 2021-07-19 12:45:29,039 Memtable.java:469 - Writing Memtable-size_estimates@991798222(24.251KiB serialized bytes, 216 ops, 0%/0% of on/off-heap limit), flushed range = (min(-9223372036854775808), max(9223372036854775807)]
INFO  [PerDiskMemtableFlushWriter_0:3] 2021-07-19 12:45:29,039 Memtable.java:498 - Completed flushing /home/nitsanw/profiling-workload/apache-cassandra-4.0-rc2/data/data/system/compaction_history-b4dbb7b4dc493fb5b3bfce6e434832ca/nb-1-big-Data.db (0.349KiB) for commitlog position CommitLogPosition(segmentId=1626698161833, position=3059449)
INFO  [PerDiskMemtableFlushWriter_0:4] 2021-07-19 12:45:29,042 Memtable.java:498 - Completed flushing /home/nitsanw/profiling-workload/apache-cassandra-4.0-rc2/data/data/system/size_estimates-618f817b005f3678b8a453f3930b8e86/nb-1-big-Data.db (16.652KiB) for commitlog position CommitLogPosition(segmentId=1626698161833, position=3059449)
INFO  [PerDiskMemtableFlushWriter_0:3] 2021-07-19 12:45:29,046 Memtable.java:469 - Writing Memtable-table_estimates@1810713154(52.455KiB serialized bytes, 432 ops, 0%/0% of on/off-heap limit), flushed range = (min(-9223372036854775808), max(9223372036854775807)]
INFO  [PerDiskMemtableFlushWriter_0:4] 2021-07-19 12:45:29,048 Memtable.java:469 - Writing Memtable-local@436108546(0.060KiB serialized bytes, 3 ops, 0%/0% of on/off-heap limit), flushed range = (min(-9223372036854775808), max(9223372036854775807)]
INFO  [PerDiskMemtableFlushWriter_0:4] 2021-07-19 12:45:29,048 Memtable.java:498 - Completed flushing /home/nitsanw/profiling-workload/apache-cassandra-4.0-rc2/data/data/system/local-7ad54392bcdd35a684174e047860b377/nb-7-big-Data.db (0.042KiB) for commitlog position CommitLogPosition(segmentId=1626698161833, position=3059449)
INFO  [PerDiskMemtableFlushWriter_0:3] 2021-07-19 12:45:29,050 Memtable.java:498 - Completed flushing /home/nitsanw/profiling-workload/apache-cassandra-4.0-rc2/data/data/system/table_estimates-176c39cdb93d33a5a2188eb06a56f66e/nb-1-big-Data.db (38.113KiB) for commitlog position CommitLogPosition(segmentId=1626698161833, position=3059449)
INFO  [PerDiskMemtableFlushWriter_0:4] 2021-07-19 12:45:29,054 Memtable.java:469 - Writing Memtable-sstable_activity@506512774(0.185KiB serialized bytes, 15 ops, 0%/0% of on/off-heap limit), flushed range = (min(-9223372036854775808), max(9223372036854775807)]
INFO  [PerDiskMemtableFlushWriter_0:4] 2021-07-19 12:45:29,055 Memtable.java:498 - Completed flushing /home/nitsanw/profiling-workload/apache-cassandra-4.0-rc2/data/data/system/sstable_activity-5a1ff267ace03f128563cfae6103c65e/nb-1-big-Data.db (0.640KiB) for commitlog position CommitLogPosition(segmentId=1626698161833, position=3059449)
INFO  [PerDiskMemtableFlushWriter_0:3] 2021-07-19 12:45:29,057 Memtable.java:469 - Writing Memtable-prepared_statements@787470683(0.272KiB serialized bytes, 2 ops, 0%/0% of on/off-heap limit), flushed range = (min(-9223372036854775808), max(9223372036854775807)]
INFO  [PerDiskMemtableFlushWriter_0:3] 2021-07-19 12:45:29,057 Memtable.java:498 - Completed flushing /home/nitsanw/profiling-workload/apache-cassandra-4.0-rc2/data/data/system/prepared_statements-18a9c2576a0c3841ba718cd529849fef/nb-1-big-Data.db (0.232KiB) for commitlog position CommitLogPosition(segmentId=1626698161833, position=3059449)
INFO  [StorageServiceShutdownHook] 2021-07-19 12:45:29,073 HintsService.java:220 - Paused hints dispatch
