$ numactl --physcpubind=4 --localalloc quickstart/target/getting-started-reactive-1.0.0-SNAPSHOT-runner -Xmx64m -XX:+PrintGC
__  ____  __  _____   ___  __ ____  ______
 --/ __ \/ / / / _ | / _ \/ //_/ / / / __/
 -/ /_/ / /_/ / __ |/ , _/ ,< / /_/ /\ \
--\___\_\____/_/ |_/_/|_/_/|_|\____/___/
2024-01-16 12:26:37,338 INFO  [io.quarkus] (main) getting-started-reactive 1.0.0-SNAPSHOT native (powered by Quarkus 3.6.5) started in 0.033s. Listening on: http://0.0.0.0:8080
2024-01-16 12:26:37,338 INFO  [io.quarkus] (main) Profile prod activated.
2024-01-16 12:26:37,338 INFO  [io.quarkus] (main) Installed features: [cdi, resteasy-reactive, smallrye-context-propagation, vertx]
[3.497s] GC(0) Pause Full GC (Collect on allocation) 13.00M->3.00M 14.698ms
[3.713s] GC(1) Pause Incremental GC (Collect on allocation) 16.00M->3.50M 2.440ms
[3.965s] GC(2) Pause Incremental GC (Collect on allocation) 16.50M->4.00M 2.345ms
[4.222s] GC(3) Pause Full GC (Collect on allocation) 17.00M->3.00M 8.367ms
[4.482s] GC(4) Pause Incremental GC (Collect on allocation) 16.00M->3.50M 1.199ms
[4.728s] GC(5) Pause Incremental GC (Collect on allocation) 16.00M->4.00M 1.186ms
[4.960s] GC(6) Pause Incremental GC (Collect on allocation) 16.00M->4.50M 1.209ms
[5.180s] GC(7) Pause Incremental GC (Collect on allocation) 16.00M->4.50M 1.615ms
[5.394s] GC(8) Pause Incremental GC (Collect on allocation) 15.50M->4.00M 1.610ms
[5.597s] GC(9) Pause Incremental GC (Collect on allocation) 14.50M->3.50M 1.603ms
[5.794s] GC(10) Pause Full GC (Collect on allocation) 13.50M->3.00M 7.913ms
[5.965s] GC(11) Pause Incremental GC (Collect on allocation) 12.00M->3.00M 1.596ms
[6.121s] GC(12) Pause Incremental GC (Collect on allocation) 11.50M->3.00M 1.550ms
[6.280s] GC(13) Pause Incremental GC (Collect on allocation) 11.00M->3.00M 1.546ms
[6.427s] GC(14) Pause Incremental GC (Collect on allocation) 10.50M->3.00M 1.531ms
[6.563s] GC(15) Pause Incremental GC (Collect on allocation) 10.00M->3.00M 1.501ms
[6.684s] GC(16) Pause Incremental GC (Collect on allocation) 9.50M->3.00M 1.504ms
[6.801s] GC(17) Pause Incremental GC (Collect on allocation) 9.00M->3.00M 1.447ms
[6.902s] GC(18) Pause Incremental GC (Collect on allocation) 8.50M->3.00M 1.461ms
[6.998s] GC(19) Pause Full GC (Collect on allocation) 8.00M->3.00M 7.550ms
[7.078s] GC(20) Pause Incremental GC (Collect on allocation) 7.00M->3.00M 1.508ms
[7.160s] GC(21) Pause Incremental GC (Collect on allocation) 7.00M->3.00M 1.345ms
[7.236s] GC(22) Pause Incremental GC (Collect on allocation) 7.00M->3.00M 1.381ms
[7.315s] GC(23) Pause Incremental GC (Collect on allocation) 7.00M->3.00M 1.377ms
[7.394s] GC(24) Pause Incremental GC (Collect on allocation) 7.00M->3.00M 1.387ms
[7.473s] GC(25) Pause Incremental GC (Collect on allocation) 7.00M->3.00M 1.406ms
[7.552s] GC(26) Pause Incremental GC (Collect on allocation) 7.00M->3.00M 1.465ms
[7.631s] GC(27) Pause Incremental GC (Collect on allocation) 7.00M->3.00M 1.430ms
[7.716s] GC(28) Pause Full GC (Collect on allocation) 7.00M->3.00M 7.462ms
[7.796s] GC(29) Pause Incremental GC (Collect on allocation) 7.00M->3.00M 1.449ms
[7.876s] GC(30) Pause Incremental GC (Collect on allocation) 7.00M->3.00M 1.437ms
[7.956s] GC(31) Pause Incremental GC (Collect on allocation) 7.00M->3.00M 1.329ms
[8.034s] GC(32) Pause Incremental GC (Collect on allocation) 7.00M->3.00M 1.376ms
[8.100s] GC(33) Pause Incremental GC (Collect on allocation) 7.00M->3.00M 1.404ms
[8.179s] GC(34) Pause Incremental GC (Collect on allocation) 7.00M->3.00M 1.391ms
[8.258s] GC(35) Pause Incremental GC (Collect on allocation) 7.00M->3.00M 1.387ms
[8.328s] GC(36) Pause Incremental GC (Collect on allocation) 7.00M->3.00M 1.599ms
[8.414s] GC(37) Pause Full GC (Collect on allocation) 7.00M->3.00M 7.426ms
[8.496s] GC(38) Pause Incremental GC (Collect on allocation) 7.00M->3.00M 1.445ms
[8.573s] GC(39) Pause Incremental GC (Collect on allocation) 7.00M->3.00M 1.425ms
[8.652s] GC(40) Pause Incremental GC (Collect on allocation) 7.00M->3.00M 1.402ms
[8.731s] GC(41) Pause Incremental GC (Collect on allocation) 7.00M->3.00M 1.424ms
[8.810s] GC(42) Pause Incremental GC (Collect on allocation) 7.00M->3.00M 1.380ms
[8.886s] GC(43) Pause Incremental GC (Collect on allocation) 7.00M->3.00M 1.398ms
[8.956s] GC(44) Pause Incremental GC (Collect on allocation) 7.00M->3.00M 1.404ms
[9.028s] GC(45) Pause Incremental GC (Collect on allocation) 7.00M->3.00M 1.414ms
[9.113s] GC(46) Pause Full GC (Collect on allocation) 7.00M->3.00M 7.397ms
[9.192s] GC(47) Pause Incremental GC (Collect on allocation) 7.00M->3.00M 1.475ms
[9.269s] GC(48) Pause Incremental GC (Collect on allocation) 7.00M->3.00M 1.376ms
[9.348s] GC(49) Pause Incremental GC (Collect on allocation) 7.00M->3.00M 1.415ms
[9.427s] GC(50) Pause Incremental GC (Collect on allocation) 7.00M->3.00M 1.425ms
[9.506s] GC(51) Pause Incremental GC (Collect on allocation) 7.00M->3.00M 1.417ms
[9.585s] GC(52) Pause Incremental GC (Collect on allocation) 7.00M->3.00M 1.428ms
[9.664s] GC(53) Pause Incremental GC (Collect on allocation) 7.00M->3.00M 1.441ms
[9.743s] GC(54) Pause Incremental GC (Collect on allocation) 7.00M->3.00M 1.446ms
[9.828s] GC(55) Pause Full GC (Collect on allocation) 7.00M->3.00M 7.361ms
[9.907s] GC(56) Pause Incremental GC (Collect on allocation) 7.00M->3.00M 1.431ms
[9.979s] GC(57) Pause Incremental GC (Collect on allocation) 7.00M->3.00M 1.371ms
[10.049s] GC(58) Pause Incremental GC (Collect on allocation) 7.00M->3.00M 1.360ms
[10.127s] GC(59) Pause Incremental GC (Collect on allocation) 7.00M->3.00M 1.359ms
[10.196s] GC(60) Pause Incremental GC (Collect on allocation) 7.00M->3.00M 1.347ms
[10.274s] GC(61) Pause Incremental GC (Collect on allocation) 7.00M->3.00M 1.414ms
[10.351s] GC(62) Pause Incremental GC (Collect on allocation) 7.00M->3.00M 1.426ms
[10.424s] GC(63) Pause Incremental GC (Collect on allocation) 7.00M->3.00M 1.422ms
[10.509s] GC(64) Pause Full GC (Collect on allocation) 7.00M->3.00M 7.330ms
[10.588s] GC(65) Pause Incremental GC (Collect on allocation) 7.00M->3.00M 1.456ms
[10.667s] GC(66) Pause Incremental GC (Collect on allocation) 7.00M->3.00M 1.385ms
[10.746s] GC(67) Pause Incremental GC (Collect on allocation) 7.00M->3.00M 1.402ms
[10.825s] GC(68) Pause Incremental GC (Collect on allocation) 7.00M->3.00M 1.393ms
[10.904s] GC(69) Pause Incremental GC (Collect on allocation) 7.00M->3.00M 1.426ms
[10.983s] GC(70) Pause Incremental GC (Collect on allocation) 7.00M->3.00M 1.416ms
[11.052s] GC(71) Pause Incremental GC (Collect on allocation) 7.00M->3.00M 1.376ms
[11.127s] GC(72) Pause Incremental GC (Collect on allocation) 7.00M->3.00M 1.428ms
[11.210s] GC(73) Pause Full GC (Collect on allocation) 7.00M->3.00M 7.410ms
[11.289s] GC(74) Pause Incremental GC (Collect on allocation) 7.00M->3.00M 1.454ms
[11.368s] GC(75) Pause Incremental GC (Collect on allocation) 7.00M->3.00M 1.380ms
[11.447s] GC(76) Pause Incremental GC (Collect on allocation) 7.00M->3.00M 1.367ms
[11.516s] GC(77) Pause Incremental GC (Collect on allocation) 7.00M->3.00M 1.363ms
[11.591s] GC(78) Pause Incremental GC (Collect on allocation) 7.00M->3.00M 1.344ms
[11.668s] GC(79) Pause Incremental GC (Collect on allocation) 7.00M->3.00M 1.388ms
[11.745s] GC(80) Pause Incremental GC (Collect on allocation) 7.00M->3.00M 1.395ms
[11.822s] GC(81) Pause Incremental GC (Collect on allocation) 7.00M->3.00M 1.385ms
[11.905s] GC(82) Pause Full GC (Collect on allocation) 7.00M->3.00M 7.315ms
[11.975s] GC(83) Pause Incremental GC (Collect on allocation) 7.00M->3.00M 1.397ms
[12.035s] GC(84) Pause Incremental GC (Collect on allocation) 7.00M->3.00M 1.367ms
[12.113s] GC(85) Pause Incremental GC (Collect on allocation) 7.00M->3.00M 1.353ms
[12.190s] GC(86) Pause Incremental GC (Collect on allocation) 7.00M->3.00M 1.361ms
[12.263s] GC(87) Pause Incremental GC (Collect on allocation) 7.00M->3.00M 1.332ms
[12.332s] GC(88) Pause Incremental GC (Collect on allocation) 7.00M->3.00M 1.330ms
[12.410s] GC(89) Pause Incremental GC (Collect on allocation) 7.00M->3.00M 1.347ms
[12.481s] GC(90) Pause Incremental GC (Collect on allocation) 7.00M->3.00M 1.373ms
[12.565s] GC(91) Pause Full GC (Collect on allocation) 7.00M->3.00M 7.310ms
[12.644s] GC(92) Pause Incremental GC (Collect on allocation) 7.00M->3.00M 1.438ms
[12.722s] GC(93) Pause Incremental GC (Collect on allocation) 7.00M->3.00M 1.358ms
[12.801s] GC(94) Pause Incremental GC (Collect on allocation) 7.00M->3.00M 1.397ms
[12.880s] GC(95) Pause Incremental GC (Collect on allocation) 7.00M->3.00M 1.400ms
[12.959s] GC(96) Pause Incremental GC (Collect on allocation) 7.00M->3.00M 1.403ms
[13.038s] GC(97) Pause Incremental GC (Collect on allocation) 7.00M->3.00M 1.394ms
[13.117s] GC(98) Pause Incremental GC (Collect on allocation) 7.00M->3.00M 1.450ms
[13.191s] GC(99) Pause Incremental GC (Collect on allocation) 7.00M->3.00M 1.408ms
[13.275s] GC(100) Pause Full GC (Collect on allocation) 7.00M->3.00M 7.371ms
[13.357s] GC(101) Pause Incremental GC (Collect on allocation) 7.00M->3.00M 1.391ms
[13.434s] GC(102) Pause Incremental GC (Collect on allocation) 7.00M->3.00M 1.361ms
[13.513s] GC(103) Pause Incremental GC (Collect on allocation) 7.00M->3.00M 1.341ms
[13.582s] GC(104) Pause Incremental GC (Collect on allocation) 7.00M->3.00M 1.323ms
[13.657s] GC(105) Pause Incremental GC (Collect on allocation) 7.00M->3.00M 1.383ms
[13.734s] GC(106) Pause Incremental GC (Collect on allocation) 7.00M->3.00M 1.371ms
[13.811s] GC(107) Pause Incremental GC (Collect on allocation) 7.00M->3.00M 1.391ms
[13.888s] GC(108) Pause Incremental GC (Collect on allocation) 7.00M->3.00M 1.364ms
[13.971s] GC(109) Pause Full GC (Collect on allocation) 7.00M->3.00M 7.314ms
[14.037s] GC(110) Pause Incremental GC (Collect on allocation) 7.00M->3.00M 1.360ms
[14.116s] GC(111) Pause Incremental GC (Collect on allocation) 7.00M->3.00M 1.329ms
[14.195s] GC(112) Pause Incremental GC (Collect on allocation) 7.00M->3.00M 1.319ms
[14.274s] GC(113) Pause Incremental GC (Collect on allocation) 7.00M->3.00M 1.364ms
[14.353s] GC(114) Pause Incremental GC (Collect on allocation) 7.00M->3.00M 1.380ms
[14.432s] GC(115) Pause Incremental GC (Collect on allocation) 7.00M->3.00M 1.368ms
[14.510s] GC(116) Pause Incremental GC (Collect on allocation) 7.00M->3.00M 1.358ms
[14.587s] GC(117) Pause Incremental GC (Collect on allocation) 7.00M->3.00M 1.374ms
[14.672s] GC(118) Pause Full GC (Collect on allocation) 7.00M->3.00M 7.385ms
[14.751s] GC(119) Pause Incremental GC (Collect on allocation) 7.00M->3.00M 1.450ms
[14.830s] GC(120) Pause Incremental GC (Collect on allocation) 7.00M->3.00M 1.362ms
[14.909s] GC(121) Pause Incremental GC (Collect on allocation) 7.00M->3.00M 1.389ms
[14.988s] GC(122) Pause Incremental GC (Collect on allocation) 7.00M->3.00M 1.405ms
[15.057s] GC(123) Pause Incremental GC (Collect on allocation) 7.00M->3.00M 1.399ms
[15.132s] GC(124) Pause Incremental GC (Collect on allocation) 7.00M->3.00M 1.393ms
[15.209s] GC(125) Pause Incremental GC (Collect on allocation) 7.00M->3.00M 1.392ms
[15.286s] GC(126) Pause Incremental GC (Collect on allocation) 7.00M->3.00M 1.397ms
[15.364s] GC(127) Pause Full GC (Collect on allocation) 7.00M->3.00M 7.336ms
[15.443s] GC(128) Pause Incremental GC (Collect on allocation) 7.00M->3.00M 1.426ms
[15.513s] GC(129) Pause Incremental GC (Collect on allocation) 7.00M->3.00M 1.372ms
[15.592s] GC(130) Pause Incremental GC (Collect on allocation) 7.00M->3.00M 1.367ms
[15.671s] GC(131) Pause Incremental GC (Collect on allocation) 7.00M->3.00M 1.380ms
[15.750s] GC(132) Pause Incremental GC (Collect on allocation) 7.00M->3.00M 1.427ms
[15.829s] GC(133) Pause Incremental GC (Collect on allocation) 7.00M->3.00M 1.418ms
[15.905s] GC(134) Pause Incremental GC (Collect on allocation) 7.00M->3.00M 1.415ms
[15.984s] GC(135) Pause Incremental GC (Collect on allocation) 7.00M->3.00M 1.403ms
[16.057s] GC(136) Pause Full GC (Collect on allocation) 7.00M->3.00M 7.509ms
[16.129s] GC(137) Pause Incremental GC (Collect on allocation) 7.00M->3.00M 1.474ms
[16.208s] GC(138) Pause Incremental GC (Collect on allocation) 7.00M->3.00M 1.353ms
[16.278s] GC(139) Pause Incremental GC (Collect on allocation) 7.00M->3.00M 1.329ms
[16.355s] GC(140) Pause Incremental GC (Collect on allocation) 7.00M->3.00M 1.359ms
[16.431s] GC(141) Pause Incremental GC (Collect on allocation) 7.00M->3.00M 1.369ms
[16.508s] GC(142) Pause Incremental GC (Collect on allocation) 7.00M->3.00M 1.374ms
[16.585s] GC(143) Pause Incremental GC (Collect on allocation) 7.00M->3.00M 1.371ms
[16.662s] GC(144) Pause Incremental GC (Collect on allocation) 7.00M->3.00M 1.375ms
[16.745s] GC(145) Pause Full GC (Collect on allocation) 7.00M->3.00M 7.243ms
[16.824s] GC(146) Pause Incremental GC (Collect on allocation) 7.00M->3.00M 1.438ms
[16.903s] GC(147) Pause Incremental GC (Collect on allocation) 7.00M->3.00M 1.323ms
[16.972s] GC(148) Pause Incremental GC (Collect on allocation) 7.00M->3.00M 1.282ms
[17.049s] GC(149) Pause Incremental GC (Collect on allocation) 7.00M->3.00M 1.323ms
[17.126s] GC(150) Pause Incremental GC (Collect on allocation) 7.00M->3.00M 1.326ms
[17.203s] GC(151) Pause Incremental GC (Collect on allocation) 7.00M->3.00M 1.335ms
[17.275s] GC(152) Pause Incremental GC (Collect on allocation) 7.00M->3.00M 1.333ms
[17.352s] GC(153) Pause Incremental GC (Collect on allocation) 7.00M->3.00M 1.344ms
[17.437s] GC(154) Pause Full GC (Collect on allocation) 7.00M->3.00M 7.137ms
[17.516s] GC(155) Pause Incremental GC (Collect on allocation) 7.00M->3.00M 1.362ms
[17.595s] GC(156) Pause Incremental GC (Collect on allocation) 7.00M->3.00M 1.313ms
[17.674s] GC(157) Pause Incremental GC (Collect on allocation) 7.00M->3.00M 1.331ms
[17.753s] GC(158) Pause Incremental GC (Collect on allocation) 7.00M->3.00M 1.313ms
[17.832s] GC(159) Pause Incremental GC (Collect on allocation) 7.00M->3.00M 1.367ms
[17.911s] GC(160) Pause Incremental GC (Collect on allocation) 7.00M->3.00M 1.400ms
[17.990s] GC(161) Pause Incremental GC (Collect on allocation) 7.00M->3.00M 1.357ms
[18.058s] GC(162) Pause Incremental GC (Collect on allocation) 7.00M->3.00M 1.332ms
[18.141s] GC(163) Pause Full GC (Collect on allocation) 7.00M->3.00M 7.155ms
[18.220s] GC(164) Pause Incremental GC (Collect on allocation) 7.00M->3.00M 1.404ms
[18.299s] GC(165) Pause Incremental GC (Collect on allocation) 7.00M->3.00M 1.313ms
[18.378s] GC(166) Pause Incremental GC (Collect on allocation) 7.00M->3.00M 1.313ms
[18.447s] GC(167) Pause Incremental GC (Collect on allocation) 7.00M->3.00M 1.312ms
[18.522s] GC(168) Pause Incremental GC (Collect on allocation) 7.00M->3.00M 1.293ms
[18.599s] GC(169) Pause Incremental GC (Collect on allocation) 7.00M->3.00M 1.331ms
[18.676s] GC(170) Pause Incremental GC (Collect on allocation) 7.00M->3.00M 1.334ms
[18.753s] GC(171) Pause Incremental GC (Collect on allocation) 7.00M->3.00M 1.339ms
[18.836s] GC(172) Pause Full GC (Collect on allocation) 7.00M->3.00M 7.212ms
[18.915s] GC(173) Pause Incremental GC (Collect on allocation) 7.00M->3.00M 1.412ms
[18.994s] GC(174) Pause Incremental GC (Collect on allocation) 7.00M->3.00M 1.346ms
[19.073s] GC(175) Pause Incremental GC (Collect on allocation) 7.00M->3.00M 1.275ms
[19.142s] GC(176) Pause Incremental GC (Collect on allocation) 7.00M->3.00M 1.286ms
[19.217s] GC(177) Pause Incremental GC (Collect on allocation) 7.00M->3.00M 1.287ms
[19.294s] GC(178) Pause Incremental GC (Collect on allocation) 7.00M->3.00M 1.307ms
[19.371s] GC(179) Pause Incremental GC (Collect on allocation) 7.00M->3.00M 1.318ms
[19.448s] GC(180) Pause Incremental GC (Collect on allocation) 7.00M->3.00M 1.315ms
[19.525s] GC(181) Pause Incremental GC (Collect on allocation) 7.00M->3.00M 1.330ms
[19.608s] GC(182) Pause Full GC (Collect on allocation) 7.00M->3.00M 7.103ms
[19.686s] GC(183) Pause Incremental GC (Collect on allocation) 7.00M->3.00M 1.412ms
[19.765s] GC(184) Pause Incremental GC (Collect on allocation) 7.00M->3.00M 1.326ms
[19.844s] GC(185) Pause Incremental GC (Collect on allocation) 7.00M->3.00M 1.318ms
[19.923s] GC(186) Pause Incremental GC (Collect on allocation) 7.00M->3.00M 1.339ms
[20.001s] GC(187) Pause Incremental GC (Collect on allocation) 7.00M->3.00M 1.321ms
[20.067s] GC(188) Pause Incremental GC (Collect on allocation) 7.00M->3.00M 1.296ms
[20.139s] GC(189) Pause Incremental GC (Collect on allocation) 7.00M->3.00M 1.330ms
[20.211s] GC(190) Pause Incremental GC (Collect on allocation) 7.00M->3.00M 1.342ms
[20.296s] GC(191) Pause Full GC (Collect on allocation) 7.00M->3.00M 7.174ms
[20.375s] GC(192) Pause Incremental GC (Collect on allocation) 7.00M->3.00M 1.403ms
[20.454s] GC(193) Pause Incremental GC (Collect on allocation) 7.00M->3.00M 1.321ms
[20.523s] GC(194) Pause Incremental GC (Collect on allocation) 7.00M->3.00M 1.335ms
[20.598s] GC(195) Pause Incremental GC (Collect on allocation) 7.00M->3.00M 1.378ms
[20.675s] GC(196) Pause Incremental GC (Collect on allocation) 7.00M->3.00M 1.329ms
[20.752s] GC(197) Pause Incremental GC (Collect on allocation) 7.00M->3.00M 1.351ms
[20.829s] GC(198) Pause Incremental GC (Collect on allocation) 7.00M->3.00M 1.365ms
[20.906s] GC(199) Pause Incremental GC (Collect on allocation) 7.00M->3.00M 1.377ms
[20.989s] GC(200) Pause Full GC (Collect on allocation) 7.00M->3.00M 7.172ms
[21.068s] GC(201) Pause Incremental GC (Collect on allocation) 7.00M->3.00M 1.389ms
[21.147s] GC(202) Pause Incremental GC (Collect on allocation) 7.00M->3.00M 1.328ms
[21.217s] GC(203) Pause Incremental GC (Collect on allocation) 7.00M->3.00M 1.308ms
[21.295s] GC(204) Pause Incremental GC (Collect on allocation) 7.00M->3.00M 1.318ms
[21.372s] GC(205) Pause Incremental GC (Collect on allocation) 7.00M->3.00M 1.324ms
[21.449s] GC(206) Pause Incremental GC (Collect on allocation) 7.00M->3.00M 1.323ms
[21.527s] GC(207) Pause Incremental GC (Collect on allocation) 7.00M->3.00M 1.300ms
[21.604s] GC(208) Pause Incremental GC (Collect on allocation) 7.00M->3.00M 1.330ms
[21.687s] GC(209) Pause Full GC (Collect on allocation) 7.00M->3.00M 7.171ms
[21.767s] GC(210) Pause Incremental GC (Collect on allocation) 7.00M->3.00M 1.401ms
[21.848s] GC(211) Pause Incremental GC (Collect on allocation) 7.00M->3.00M 1.296ms
[21.925s] GC(212) Pause Incremental GC (Collect on allocation) 7.00M->3.00M 1.355ms
[22.004s] GC(213) Pause Incremental GC (Collect on allocation) 7.00M->3.00M 1.345ms
[22.074s] GC(214) Pause Incremental GC (Collect on allocation) 7.00M->3.00M 1.344ms
[22.151s] GC(215) Pause Incremental GC (Collect on allocation) 7.00M->3.00M 1.397ms
[22.228s] GC(216) Pause Incremental GC (Collect on allocation) 7.00M->3.00M 1.352ms
[22.306s] GC(217) Pause Incremental GC (Collect on allocation) 7.00M->3.00M 1.353ms
[22.389s] GC(218) Pause Full GC (Collect on allocation) 7.00M->3.00M 7.215ms
[22.468s] GC(219) Pause Incremental GC (Collect on allocation) 7.00M->3.00M 1.402ms
[22.547s] GC(220) Pause Incremental GC (Collect on allocation) 7.00M->3.00M 1.305ms
[22.626s] GC(221) Pause Incremental GC (Collect on allocation) 7.00M->3.00M 1.317ms
[22.705s] GC(222) Pause Incremental GC (Collect on allocation) 7.00M->3.00M 1.346ms
[22.784s] GC(223) Pause Incremental GC (Collect on allocation) 7.00M->3.00M 1.373ms
[22.863s] GC(224) Pause Incremental GC (Collect on allocation) 7.00M->3.00M 1.361ms
[22.942s] GC(225) Pause Incremental GC (Collect on allocation) 7.00M->3.00M 1.364ms
[23.021s] GC(226) Pause Incremental GC (Collect on allocation) 7.00M->3.00M 1.384ms
[23.106s] GC(227) Pause Full GC (Collect on allocation) 7.00M->3.00M 7.188ms
[23.185s] GC(228) Pause Incremental GC (Collect on allocation) 7.00M->3.00M 1.399ms
[23.261s] GC(229) Pause Incremental GC (Collect on allocation) 7.00M->3.00M 1.279ms
[23.340s] GC(230) Pause Incremental GC (Collect on allocation) 7.00M->3.00M 1.295ms
[23.409s] GC(231) Pause Incremental GC (Collect on allocation) 7.00M->3.00M 1.287ms
[23.484s] GC(232) Pause Incremental GC (Collect on allocation) 7.00M->3.00M 1.328ms
[23.561s] GC(233) Pause Incremental GC (Collect on allocation) 7.00M->3.00M 1.306ms
[23.639s] GC(234) Pause Incremental GC (Collect on allocation) 7.00M->3.00M 1.325ms
[23.716s] GC(235) Pause Incremental GC (Collect on allocation) 7.00M->3.00M 1.348ms
[23.799s] GC(236) Pause Full GC (Collect on allocation) 7.00M->3.00M 7.206ms
[23.878s] GC(237) Pause Incremental GC (Collect on allocation) 7.00M->3.00M 1.441ms
[23.957s] GC(238) Pause Incremental GC (Collect on allocation) 7.00M->3.00M 1.311ms
[24.034s] GC(239) Pause Incremental GC (Collect on allocation) 7.00M->3.00M 1.325ms
[24.105s] GC(240) Pause Incremental GC (Collect on allocation) 7.00M->3.00M 1.335ms
[24.183s] GC(241) Pause Incremental GC (Collect on allocation) 7.00M->3.00M 1.336ms
[24.262s] GC(242) Pause Incremental GC (Collect on allocation) 7.00M->3.00M 1.335ms
[24.341s] GC(243) Pause Incremental GC (Collect on allocation) 7.00M->3.00M 1.374ms
[24.410s] GC(244) Pause Incremental GC (Collect on allocation) 7.00M->3.00M 1.328ms
[24.491s] GC(245) Pause Full GC (Collect on allocation) 7.00M->3.00M 7.181ms
[24.573s] GC(246) Pause Incremental GC (Collect on allocation) 7.00M->3.00M 1.377ms
[24.652s] GC(247) Pause Incremental GC (Collect on allocation) 7.00M->3.00M 1.309ms
[24.722s] GC(248) Pause Incremental GC (Collect on allocation) 7.00M->3.00M 1.321ms
[24.801s] GC(249) Pause Incremental GC (Collect on allocation) 7.00M->3.00M 1.339ms
[24.880s] GC(250) Pause Incremental GC (Collect on allocation) 7.00M->3.00M 1.365ms
[24.959s] GC(251) Pause Incremental GC (Collect on allocation) 7.00M->3.00M 1.379ms
[25.031s] GC(252) Pause Incremental GC (Collect on allocation) 7.00M->3.00M 1.354ms
[25.106s] GC(253) Pause Incremental GC (Collect on allocation) 7.00M->3.00M 1.376ms
[25.191s] GC(254) Pause Full GC (Collect on allocation) 7.00M->3.00M 7.206ms
[25.270s] GC(255) Pause Incremental GC (Collect on allocation) 7.00M->3.00M 1.339ms
[25.348s] GC(256) Pause Incremental GC (Collect on allocation) 7.00M->3.00M 1.296ms
[25.427s] GC(257) Pause Incremental GC (Collect on allocation) 7.00M->3.00M 1.319ms
[25.506s] GC(258) Pause Incremental GC (Collect on allocation) 7.00M->3.00M 1.336ms
[25.585s] GC(259) Pause Incremental GC (Collect on allocation) 7.00M->3.00M 1.354ms
[25.664s] GC(260) Pause Incremental GC (Collect on allocation) 7.00M->3.00M 1.326ms
[25.743s] GC(261) Pause Incremental GC (Collect on allocation) 7.00M->3.00M 1.372ms
[25.822s] GC(262) Pause Incremental GC (Collect on allocation) 7.00M->3.00M 1.354ms
[25.907s] GC(263) Pause Full GC (Collect on allocation) 7.00M->3.00M 7.182ms
[25.979s] GC(264) Pause Incremental GC (Collect on allocation) 7.00M->3.00M 1.346ms
[26.051s] GC(265) Pause Incremental GC (Collect on allocation) 7.00M->3.00M 1.303ms
[26.128s] GC(266) Pause Incremental GC (Collect on allocation) 7.00M->3.00M 1.295ms
[26.207s] GC(267) Pause Incremental GC (Collect on allocation) 7.00M->3.00M 1.312ms
[26.276s] GC(268) Pause Incremental GC (Collect on allocation) 7.00M->3.00M 1.313ms
[26.352s] GC(269) Pause Incremental GC (Collect on allocation) 7.00M->3.00M 1.326ms
[26.424s] GC(270) Pause Incremental GC (Collect on allocation) 7.00M->3.00M 1.348ms
[26.503s] GC(271) Pause Incremental GC (Collect on allocation) 7.00M->3.00M 1.344ms
[26.578s] GC(272) Pause Full GC (Collect on allocation) 7.00M->3.00M 7.109ms
[26.658s] GC(273) Pause Incremental GC (Collect on allocation) 7.00M->3.00M 1.384ms
[26.737s] GC(274) Pause Incremental GC (Collect on allocation) 7.00M->3.00M 1.327ms
[26.816s] GC(275) Pause Incremental GC (Collect on allocation) 7.00M->3.00M 1.353ms
[26.895s] GC(276) Pause Incremental GC (Collect on allocation) 7.00M->3.00M 1.352ms
[26.964s] GC(277) Pause Incremental GC (Collect on allocation) 7.00M->3.00M 1.295ms
[27.039s] GC(278) Pause Incremental GC (Collect on allocation) 7.00M->3.00M 1.332ms
[27.116s] GC(279) Pause Incremental GC (Collect on allocation) 7.00M->3.00M 1.365ms
[27.193s] GC(280) Pause Incremental GC (Collect on allocation) 7.00M->3.00M 1.357ms
[27.276s] GC(281) Pause Full GC (Collect on allocation) 7.00M->3.00M 7.150ms
[27.355s] GC(282) Pause Incremental GC (Collect on allocation) 7.00M->3.00M 1.402ms
[27.434s] GC(283) Pause Incremental GC (Collect on allocation) 7.00M->3.00M 1.346ms
[27.513s] GC(284) Pause Incremental GC (Collect on allocation) 7.00M->3.00M 1.344ms
[27.592s] GC(285) Pause Incremental GC (Collect on allocation) 7.00M->3.00M 1.389ms
[27.671s] GC(286) Pause Incremental GC (Collect on allocation) 7.00M->3.00M 1.353ms
[27.745s] GC(287) Pause Incremental GC (Collect on allocation) 7.00M->3.00M 1.343ms
[27.823s] GC(288) Pause Incremental GC (Collect on allocation) 7.00M->3.00M 1.362ms
[27.901s] GC(289) Pause Incremental GC (Collect on allocation) 7.00M->3.00M 1.353ms
[27.979s] GC(290) Pause Full GC (Collect on allocation) 7.00M->3.00M 7.165ms
[28.048s] GC(291) Pause Incremental GC (Collect on allocation) 7.00M->3.00M 1.347ms
[28.126s] GC(292) Pause Incremental GC (Collect on allocation) 7.00M->3.00M 1.288ms
[28.202s] GC(293) Pause Incremental GC (Collect on allocation) 7.00M->3.00M 1.303ms
[28.279s] GC(294) Pause Incremental GC (Collect on allocation) 7.00M->3.00M 1.312ms
[28.356s] GC(295) Pause Incremental GC (Collect on allocation) 7.00M->3.00M 1.347ms
[28.433s] GC(296) Pause Incremental GC (Collect on allocation) 7.00M->3.00M 1.390ms
[28.510s] GC(297) Pause Incremental GC (Collect on allocation) 7.00M->3.00M 1.347ms
[28.587s] GC(298) Pause Incremental GC (Collect on allocation) 7.00M->3.00M 1.347ms
[28.670s] GC(299) Pause Full GC (Collect on allocation) 7.00M->3.00M 7.134ms
[28.739s] GC(300) Pause Incremental GC (Collect on allocation) 7.00M->3.00M 1.348ms
[28.814s] GC(301) Pause Incremental GC (Collect on allocation) 7.00M->3.00M 1.291ms
[28.883s] GC(302) Pause Incremental GC (Collect on allocation) 7.00M->3.00M 1.305ms
[28.961s] GC(303) Pause Incremental GC (Collect on allocation) 7.00M->3.00M 1.332ms
[29.032s] GC(304) Pause Incremental GC (Collect on allocation) 7.00M->3.00M 1.323ms
[29.110s] GC(305) Pause Incremental GC (Collect on allocation) 7.00M->3.00M 1.336ms
[29.189s] GC(306) Pause Incremental GC (Collect on allocation) 7.00M->3.00M 1.341ms
[29.258s] GC(307) Pause Incremental GC (Collect on allocation) 7.00M->3.00M 1.325ms
[29.342s] GC(308) Pause Full GC (Collect on allocation) 7.00M->3.00M 7.154ms
[29.411s] GC(309) Pause Incremental GC (Collect on allocation) 7.00M->3.00M 1.398ms
[29.486s] GC(310) Pause Incremental GC (Collect on allocation) 7.00M->3.00M 1.306ms
[29.565s] GC(311) Pause Incremental GC (Collect on allocation) 7.00M->3.00M 1.328ms
[29.644s] GC(312) Pause Incremental GC (Collect on allocation) 7.00M->3.00M 1.353ms
[29.723s] GC(313) Pause Incremental GC (Collect on allocation) 7.00M->3.00M 1.364ms
[29.802s] GC(314) Pause Incremental GC (Collect on allocation) 7.00M->3.00M 1.405ms
[29.881s] GC(315) Pause Incremental GC (Collect on allocation) 7.00M->3.00M 1.398ms
[29.961s] GC(316) Pause Incremental GC (Collect on allocation) 7.00M->3.00M 1.383ms
[30.041s] GC(317) Pause Full GC (Collect on allocation) 7.00M->3.00M 7.265ms
[30.113s] GC(318) Pause Incremental GC (Collect on allocation) 7.00M->3.00M 1.349ms
[30.191s] GC(319) Pause Incremental GC (Collect on allocation) 7.00M->3.00M 1.348ms
[30.270s] GC(320) Pause Incremental GC (Collect on allocation) 7.00M->3.00M 1.286ms
[30.339s] GC(321) Pause Incremental GC (Collect on allocation) 7.00M->3.00M 1.311ms
[30.417s] GC(322) Pause Incremental GC (Collect on allocation) 7.00M->3.00M 1.324ms
[30.494s] GC(323) Pause Incremental GC (Collect on allocation) 7.00M->3.00M 1.391ms
[30.571s] GC(324) Pause Incremental GC (Collect on allocation) 7.00M->3.00M 1.342ms
[30.649s] GC(325) Pause Incremental GC (Collect on allocation) 7.00M->3.00M 1.364ms
[30.732s] GC(326) Pause Full GC (Collect on allocation) 7.00M->3.00M 7.203ms
[30.811s] GC(327) Pause Incremental GC (Collect on allocation) 7.00M->3.00M 1.396ms
[30.890s] GC(328) Pause Incremental GC (Collect on allocation) 7.00M->3.00M 1.285ms
[30.969s] GC(329) Pause Incremental GC (Collect on allocation) 7.00M->3.00M 1.288ms
[31.048s] GC(330) Pause Incremental GC (Collect on allocation) 7.00M->3.00M 1.303ms
[31.117s] GC(331) Pause Incremental GC (Collect on allocation) 7.00M->3.00M 1.324ms
[31.192s] GC(332) Pause Incremental GC (Collect on allocation) 7.00M->3.00M 1.323ms
[31.262s] GC(333) Pause Incremental GC (Collect on allocation) 7.00M->3.00M 1.350ms
[31.331s] GC(334) Pause Incremental GC (Collect on allocation) 7.00M->3.00M 1.354ms
[31.415s] GC(335) Pause Full GC (Collect on allocation) 7.00M->3.00M 7.211ms
[31.494s] GC(336) Pause Incremental GC (Collect on allocation) 7.00M->3.00M 1.350ms
[31.572s] GC(337) Pause Incremental GC (Collect on allocation) 7.00M->3.00M 1.296ms
[31.651s] GC(338) Pause Incremental GC (Collect on allocation) 7.00M->3.00M 1.274ms
[31.720s] GC(339) Pause Incremental GC (Collect on allocation) 7.00M->3.00M 1.293ms
[31.796s] GC(340) Pause Incremental GC (Collect on allocation) 7.00M->3.00M 1.330ms
[31.873s] GC(341) Pause Incremental GC (Collect on allocation) 7.00M->3.00M 1.365ms
[31.943s] GC(342) Pause Incremental GC (Collect on allocation) 7.00M->3.00M 1.329ms
[32.018s] GC(343) Pause Incremental GC (Collect on allocation) 7.00M->3.00M 1.310ms
[32.090s] GC(344) Pause Full GC (Collect on allocation) 7.00M->3.00M 7.111ms
[32.169s] GC(345) Pause Incremental GC (Collect on allocation) 7.00M->3.00M 1.355ms
[32.240s] GC(346) Pause Incremental GC (Collect on allocation) 7.00M->3.00M 1.301ms
[32.318s] GC(347) Pause Incremental GC (Collect on allocation) 7.00M->3.00M 1.341ms
[32.394s] GC(348) Pause Incremental GC (Collect on allocation) 7.00M->3.00M 1.313ms
[32.471s] GC(349) Pause Incremental GC (Collect on allocation) 7.00M->3.00M 1.309ms
[32.548s] GC(350) Pause Incremental GC (Collect on allocation) 7.00M->3.00M 1.384ms
[32.626s] GC(351) Pause Incremental GC (Collect on allocation) 7.00M->3.00M 1.357ms
[32.703s] GC(352) Pause Incremental GC (Collect on allocation) 7.00M->3.00M 1.313ms
[32.786s] GC(353) Pause Full GC (Collect on allocation) 7.00M->3.00M 7.170ms
[32.865s] GC(354) Pause Incremental GC (Collect on allocation) 7.00M->3.00M 1.410ms
[32.944s] GC(355) Pause Incremental GC (Collect on allocation) 7.00M->3.00M 1.340ms
[33.016s] GC(356) Pause Incremental GC (Collect on allocation) 7.00M->3.00M 1.323ms
[33.093s] GC(357) Pause Incremental GC (Collect on allocation) 7.00M->3.00M 1.294ms
[33.168s] GC(358) Pause Incremental GC (Collect on allocation) 7.00M->3.00M 1.324ms
[33.245s] GC(359) Pause Incremental GC (Collect on allocation) 7.00M->3.00M 1.343ms
[33.322s] GC(360) Pause Incremental GC (Collect on allocation) 7.00M->3.00M 1.387ms
[33.399s] GC(361) Pause Incremental GC (Collect on allocation) 7.00M->3.00M 1.342ms
[33.482s] GC(362) Pause Full GC (Collect on allocation) 7.00M->3.00M 7.130ms
[33.561s] GC(363) Pause Incremental GC (Collect on allocation) 7.00M->3.00M 1.415ms
[33.640s] GC(364) Pause Incremental GC (Collect on allocation) 7.00M->3.00M 1.342ms
[33.719s] GC(365) Pause Incremental GC (Collect on allocation) 7.00M->3.00M 1.392ms
[33.788s] GC(366) Pause Incremental GC (Collect on allocation) 7.00M->3.00M 1.320ms
[33.860s] GC(367) Pause Incremental GC (Collect on allocation) 7.00M->3.00M 1.341ms
[33.934s] GC(368) Pause Incremental GC (Collect on allocation) 7.00M->3.00M 1.341ms
[34.010s] GC(369) Pause Incremental GC (Collect on allocation) 7.00M->3.00M 1.357ms
[34.077s] GC(370) Pause Incremental GC (Collect on allocation) 7.00M->3.00M 1.348ms
[34.155s] GC(371) Pause Full GC (Collect on allocation) 7.00M->3.00M 7.136ms
[34.224s] GC(372) Pause Incremental GC (Collect on allocation) 7.00M->3.00M 1.359ms
[34.300s] GC(373) Pause Incremental GC (Collect on allocation) 7.00M->3.00M 1.336ms
[34.377s] GC(374) Pause Incremental GC (Collect on allocation) 7.00M->3.00M 1.351ms
[34.454s] GC(375) Pause Incremental GC (Collect on allocation) 7.00M->3.00M 1.360ms
[34.531s] GC(376) Pause Incremental GC (Collect on allocation) 7.00M->3.00M 1.367ms
[34.608s] GC(377) Pause Incremental GC (Collect on allocation) 7.00M->3.00M 1.308ms
[34.685s] GC(378) Pause Incremental GC (Collect on allocation) 7.00M->3.00M 1.357ms
[34.762s] GC(379) Pause Incremental GC (Collect on allocation) 7.00M->3.00M 1.364ms
[34.845s] GC(380) Pause Full GC (Collect on allocation) 7.00M->3.00M 7.169ms
[34.914s] GC(381) Pause Incremental GC (Collect on allocation) 7.00M->3.00M 1.389ms
[34.992s] GC(382) Pause Incremental GC (Collect on allocation) 7.00M->3.00M 1.334ms
[35.068s] GC(383) Pause Incremental GC (Collect on allocation) 7.00M->3.00M 1.333ms
[35.145s] GC(384) Pause Incremental GC (Collect on allocation) 7.00M->3.00M 1.346ms
[35.222s] GC(385) Pause Incremental GC (Collect on allocation) 7.00M->3.00M 1.365ms
[35.295s] GC(386) Pause Incremental GC (Collect on allocation) 7.00M->3.00M 1.333ms
[35.364s] GC(387) Pause Incremental GC (Collect on allocation) 7.00M->3.00M 1.346ms
[35.442s] GC(388) Pause Incremental GC (Collect on allocation) 7.00M->3.00M 1.376ms
[35.523s] GC(389) Pause Full GC (Collect on allocation) 7.00M->3.00M 7.181ms
[35.603s] GC(390) Pause Incremental GC (Collect on allocation) 7.00M->3.00M 1.402ms
[35.680s] GC(391) Pause Incremental GC (Collect on allocation) 7.00M->3.00M 1.346ms
[35.757s] GC(392) Pause Incremental GC (Collect on allocation) 7.00M->3.00M 1.363ms
[35.834s] GC(393) Pause Incremental GC (Collect on allocation) 7.00M->3.00M 1.363ms
[35.913s] GC(394) Pause Incremental GC (Collect on allocation) 7.00M->3.00M 1.340ms
[35.986s] GC(395) Pause Incremental GC (Collect on allocation) 7.00M->3.00M 1.363ms
[36.051s] GC(396) Pause Incremental GC (Collect on allocation) 7.00M->3.00M 1.304ms
[36.128s] GC(397) Pause Incremental GC (Collect on allocation) 7.00M->3.00M 1.396ms
[36.213s] GC(398) Pause Full GC (Collect on allocation) 7.00M->3.00M 7.162ms
[36.294s] GC(399) Pause Incremental GC (Collect on allocation) 7.00M->3.00M 1.373ms
[36.376s] GC(400) Pause Incremental GC (Collect on allocation) 7.00M->3.00M 1.334ms
[36.453s] GC(401) Pause Incremental GC (Collect on allocation) 7.00M->3.00M 1.346ms
[36.532s] GC(402) Pause Incremental GC (Collect on allocation) 7.00M->3.00M 1.337ms
[36.611s] GC(403) Pause Incremental GC (Collect on allocation) 7.00M->3.00M 1.323ms
[36.690s] GC(404) Pause Incremental GC (Collect on allocation) 7.00M->3.00M 1.381ms
[36.769s] GC(405) Pause Incremental GC (Collect on allocation) 7.00M->3.00M 1.361ms
[36.838s] GC(406) Pause Incremental GC (Collect on allocation) 7.00M->3.00M 1.360ms
[36.919s] GC(407) Pause Full GC (Collect on allocation) 7.00M->3.00M 7.275ms
[37.000s] GC(408) Pause Incremental GC (Collect on allocation) 7.00M->3.00M 1.350ms
[37.075s] GC(409) Pause Incremental GC (Collect on allocation) 7.00M->3.00M 1.309ms
[37.152s] GC(410) Pause Incremental GC (Collect on allocation) 7.00M->3.00M 1.337ms
[37.229s] GC(411) Pause Incremental GC (Collect on allocation) 7.00M->3.00M 1.318ms
[37.304s] GC(412) Pause Incremental GC (Collect on allocation) 7.00M->3.00M 1.297ms
[37.379s] GC(413) Pause Incremental GC (Collect on allocation) 7.00M->3.00M 1.337ms
[37.456s] GC(414) Pause Incremental GC (Collect on allocation) 7.00M->3.00M 1.328ms
[37.533s] GC(415) Pause Incremental GC (Collect on allocation) 7.00M->3.00M 1.353ms
[37.616s] GC(416) Pause Full GC (Collect on allocation) 7.00M->3.00M 7.118ms
[37.685s] GC(417) Pause Incremental GC (Collect on allocation) 7.00M->3.00M 1.340ms
[37.763s] GC(418) Pause Incremental GC (Collect on allocation) 7.00M->3.00M 1.314ms
[37.838s] GC(419) Pause Incremental GC (Collect on allocation) 7.00M->3.00M 1.300ms
[37.915s] GC(420) Pause Incremental GC (Collect on allocation) 7.00M->3.00M 1.353ms
[37.987s] GC(421) Pause Incremental GC (Collect on allocation) 7.00M->3.00M 1.356ms
[38.054s] GC(422) Pause Incremental GC (Collect on allocation) 7.00M->3.00M 1.352ms
[38.131s] GC(423) Pause Incremental GC (Collect on allocation) 7.00M->3.00M 1.373ms
[38.206s] GC(424) Pause Incremental GC (Collect on allocation) 7.00M->3.00M 1.370ms
[38.289s] GC(425) Pause Full GC (Collect on allocation) 7.00M->3.00M 7.291ms
[38.368s] GC(426) Pause Incremental GC (Collect on allocation) 7.00M->3.00M 1.421ms
[38.447s] GC(427) Pause Incremental GC (Collect on allocation) 7.00M->3.00M 1.358ms
[38.526s] GC(428) Pause Incremental GC (Collect on allocation) 7.00M->3.00M 1.327ms
[38.595s] GC(429) Pause Incremental GC (Collect on allocation) 7.00M->3.00M 1.329ms
[38.671s] GC(430) Pause Incremental GC (Collect on allocation) 7.00M->3.00M 1.387ms
[38.748s] GC(431) Pause Incremental GC (Collect on allocation) 7.00M->3.00M 1.380ms
[38.825s] GC(432) Pause Incremental GC (Collect on allocation) 7.00M->3.00M 1.408ms
[38.902s] GC(433) Pause Incremental GC (Collect on allocation) 7.00M->3.00M 1.381ms
[38.985s] GC(434) Pause Full GC (Collect on allocation) 7.00M->3.00M 7.214ms
[39.067s] GC(435) Pause Incremental GC (Collect on allocation) 7.00M->3.00M 1.439ms
[39.144s] GC(436) Pause Incremental GC (Collect on allocation) 7.00M->3.00M 1.347ms
[39.223s] GC(437) Pause Incremental GC (Collect on allocation) 7.00M->3.00M 1.355ms
[39.302s] GC(438) Pause Incremental GC (Collect on allocation) 7.00M->3.00M 1.351ms
[39.381s] GC(439) Pause Incremental GC (Collect on allocation) 7.00M->3.00M 1.368ms
[39.457s] GC(440) Pause Incremental GC (Collect on allocation) 7.00M->3.00M 1.374ms
[39.532s] GC(441) Pause Incremental GC (Collect on allocation) 7.00M->3.00M 1.377ms
[39.611s] GC(442) Pause Incremental GC (Collect on allocation) 7.00M->3.00M 1.395ms
[39.696s] GC(443) Pause Full GC (Collect on allocation) 7.00M->3.00M 7.236ms
[39.777s] GC(444) Pause Incremental GC (Collect on allocation) 7.00M->3.00M 1.393ms
[39.859s] GC(445) Pause Incremental GC (Collect on allocation) 7.00M->3.00M 1.351ms
[39.931s] GC(446) Pause Incremental GC (Collect on allocation) 7.00M->3.00M 1.303ms
[40.008s] GC(447) Pause Incremental GC (Collect on allocation) 7.00M->3.00M 1.314ms
[40.077s] GC(448) Pause Incremental GC (Collect on allocation) 7.00M->3.00M 1.285ms
[40.149s] GC(449) Pause Incremental GC (Collect on allocation) 7.00M->3.00M 1.334ms
[40.226s] GC(450) Pause Incremental GC (Collect on allocation) 7.00M->3.00M 1.336ms
[40.304s] GC(451) Pause Incremental GC (Collect on allocation) 7.00M->3.00M 1.383ms
[40.389s] GC(452) Pause Full GC (Collect on allocation) 7.00M->3.00M 7.198ms
[40.468s] GC(453) Pause Incremental GC (Collect on allocation) 7.00M->3.00M 1.411ms
[40.547s] GC(454) Pause Incremental GC (Collect on allocation) 7.00M->3.00M 1.335ms
[40.616s] GC(455) Pause Incremental GC (Collect on allocation) 7.00M->3.00M 1.318ms
[40.691s] GC(456) Pause Incremental GC (Collect on allocation) 7.00M->3.00M 1.326ms
[40.768s] GC(457) Pause Incremental GC (Collect on allocation) 7.00M->3.00M 1.359ms
[40.845s] GC(458) Pause Incremental GC (Collect on allocation) 7.00M->3.00M 1.345ms
[40.922s] GC(459) Pause Incremental GC (Collect on allocation) 7.00M->3.00M 1.356ms
[40.999s] GC(460) Pause Incremental GC (Collect on allocation) 7.00M->3.00M 1.368ms
[41.082s] GC(461) Pause Full GC (Collect on allocation) 7.00M->3.00M 7.216ms
[41.164s] GC(462) Pause Incremental GC (Collect on allocation) 7.00M->3.00M 1.379ms
[41.241s] GC(463) Pause Incremental GC (Collect on allocation) 7.00M->3.00M 1.373ms
[41.320s] GC(464) Pause Incremental GC (Collect on allocation) 7.00M->3.00M 1.360ms
[41.399s] GC(465) Pause Incremental GC (Collect on allocation) 7.00M->3.00M 1.321ms
[41.475s] GC(466) Pause Incremental GC (Collect on allocation) 7.00M->3.00M 1.325ms
[41.554s] GC(467) Pause Incremental GC (Collect on allocation) 7.00M->3.00M 1.368ms
[41.633s] GC(468) Pause Incremental GC (Collect on allocation) 7.00M->3.00M 1.392ms
[41.712s] GC(469) Pause Incremental GC (Collect on allocation) 7.00M->3.00M 1.386ms
[41.787s] GC(470) Pause Full GC (Collect on allocation) 7.00M->3.00M 7.164ms
[41.869s] GC(471) Pause Incremental GC (Collect on allocation) 7.00M->3.00M 1.446ms
[41.940s] GC(472) Pause Incremental GC (Collect on allocation) 7.00M->3.00M 1.326ms
[42.015s] GC(473) Pause Incremental GC (Collect on allocation) 7.00M->3.00M 1.336ms
[42.076s] GC(474) Pause Incremental GC (Collect on allocation) 7.00M->3.00M 1.282ms
[42.152s] GC(475) Pause Incremental GC (Collect on allocation) 7.00M->3.00M 1.331ms
[42.229s] GC(476) Pause Incremental GC (Collect on allocation) 7.00M->3.00M 1.335ms
[42.306s] GC(477) Pause Incremental GC (Collect on allocation) 7.00M->3.00M 1.330ms
[42.383s] GC(478) Pause Incremental GC (Collect on allocation) 7.00M->3.00M 1.341ms
[42.466s] GC(479) Pause Full GC (Collect on allocation) 7.00M->3.00M 7.181ms
[42.545s] GC(480) Pause Incremental GC (Collect on allocation) 7.00M->3.00M 1.438ms
[42.624s] GC(481) Pause Incremental GC (Collect on allocation) 7.00M->3.00M 1.337ms
[42.703s] GC(482) Pause Incremental GC (Collect on allocation) 7.00M->3.00M 1.342ms
[42.782s] GC(483) Pause Incremental GC (Collect on allocation) 7.00M->3.00M 1.340ms
[42.861s] GC(484) Pause Incremental GC (Collect on allocation) 7.00M->3.00M 1.356ms
[42.940s] GC(485) Pause Incremental GC (Collect on allocation) 7.00M->3.00M 1.341ms
[43.019s] GC(486) Pause Incremental GC (Collect on allocation) 7.00M->3.00M 1.370ms
[43.098s] GC(487) Pause Incremental GC (Collect on allocation) 7.00M->3.00M 1.374ms
[43.183s] GC(488) Pause Full GC (Collect on allocation) 7.00M->3.00M 7.289ms
[43.260s] GC(489) Pause Incremental GC (Collect on allocation) 7.00M->3.00M 1.404ms
[43.334s] GC(490) Pause Incremental GC (Collect on allocation) 7.00M->3.00M 1.342ms
[43.412s] GC(491) Pause Incremental GC (Collect on allocation) 7.00M->3.00M 1.320ms
[43.489s] GC(492) Pause Incremental GC (Collect on allocation) 7.00M->3.00M 1.340ms
[43.568s] GC(493) Pause Incremental GC (Collect on allocation) 7.00M->3.00M 1.344ms
[43.647s] GC(494) Pause Incremental GC (Collect on allocation) 7.00M->3.00M 1.348ms
[43.726s] GC(495) Pause Incremental GC (Collect on allocation) 7.00M->3.00M 1.359ms
[43.805s] GC(496) Pause Incremental GC (Collect on allocation) 7.00M->3.00M 1.377ms
[43.892s] GC(497) Pause Full GC (Collect on allocation) 7.00M->3.00M 7.166ms
[43.963s] GC(498) Pause Incremental GC (Collect on allocation) 7.00M->3.00M 1.381ms
[44.035s] GC(499) Pause Incremental GC (Collect on allocation) 7.00M->3.00M 1.340ms
[44.105s] GC(500) Pause Incremental GC (Collect on allocation) 7.00M->3.00M 1.279ms
[44.182s] GC(501) Pause Incremental GC (Collect on allocation) 7.00M->3.00M 1.334ms
[44.257s] GC(502) Pause Incremental GC (Collect on allocation) 7.00M->3.00M 1.315ms
[44.334s] GC(503) Pause Incremental GC (Collect on allocation) 7.00M->3.00M 1.347ms
[44.411s] GC(504) Pause Incremental GC (Collect on allocation) 7.00M->3.00M 1.319ms
[44.488s] GC(505) Pause Incremental GC (Collect on allocation) 7.00M->3.00M 1.338ms
[44.571s] GC(506) Pause Full GC (Collect on allocation) 7.00M->3.00M 7.145ms
[44.640s] GC(507) Pause Incremental GC (Collect on allocation) 7.00M->3.00M 1.331ms
[44.718s] GC(508) Pause Incremental GC (Collect on allocation) 7.00M->3.00M 1.319ms
[44.793s] GC(509) Pause Incremental GC (Collect on allocation) 7.00M->3.00M 1.308ms
[44.870s] GC(510) Pause Incremental GC (Collect on allocation) 7.00M->3.00M 1.353ms
[44.947s] GC(511) Pause Incremental GC (Collect on allocation) 7.00M->3.00M 1.356ms
[45.024s] GC(512) Pause Incremental GC (Collect on allocation) 7.00M->3.00M 1.309ms
[45.101s] GC(513) Pause Incremental GC (Collect on allocation) 7.00M->3.00M 1.324ms
[45.178s] GC(514) Pause Incremental GC (Collect on allocation) 7.00M->3.00M 1.322ms
[45.258s] GC(515) Pause Full GC (Collect on allocation) 7.00M->3.00M 7.262ms
[45.338s] GC(516) Pause Incremental GC (Collect on allocation) 7.00M->3.00M 1.356ms
[45.409s] GC(517) Pause Incremental GC (Collect on allocation) 7.00M->3.00M 1.278ms
[45.488s] GC(518) Pause Incremental GC (Collect on allocation) 7.00M->3.00M 1.292ms
[45.565s] GC(519) Pause Incremental GC (Collect on allocation) 7.00M->3.00M 1.315ms
[45.642s] GC(520) Pause Incremental GC (Collect on allocation) 7.00M->3.00M 1.316ms
[45.720s] GC(521) Pause Incremental GC (Collect on allocation) 7.00M->3.00M 1.322ms
[45.797s] GC(522) Pause Incremental GC (Collect on allocation) 7.00M->3.00M 1.330ms
[45.874s] GC(523) Pause Incremental GC (Collect on allocation) 7.00M->3.00M 1.344ms
[45.957s] GC(524) Pause Full GC (Collect on allocation) 7.00M->3.00M 7.183ms
[46.036s] GC(525) Pause Incremental GC (Collect on allocation) 7.00M->3.00M 1.398ms
[46.106s] GC(526) Pause Incremental GC (Collect on allocation) 7.00M->3.00M 1.325ms
[46.176s] GC(527) Pause Incremental GC (Collect on allocation) 7.00M->3.00M 1.328ms
[46.253s] GC(528) Pause Incremental GC (Collect on allocation) 7.00M->3.00M 1.377ms
[46.322s] GC(529) Pause Incremental GC (Collect on allocation) 7.00M->3.00M 1.347ms
[46.400s] GC(530) Pause Incremental GC (Collect on allocation) 7.00M->3.00M 1.352ms
[46.479s] GC(531) Pause Incremental GC (Collect on allocation) 7.00M->3.00M 1.388ms
[46.558s] GC(532) Pause Incremental GC (Collect on allocation) 7.00M->3.00M 1.370ms
[46.643s] GC(533) Pause Full GC (Collect on allocation) 7.00M->3.00M 7.192ms
[46.712s] GC(534) Pause Incremental GC (Collect on allocation) 7.00M->3.00M 1.389ms
[46.787s] GC(535) Pause Incremental GC (Collect on allocation) 7.00M->3.00M 1.314ms
[46.864s] GC(536) Pause Incremental GC (Collect on allocation) 7.00M->3.00M 1.283ms
[46.941s] GC(537) Pause Incremental GC (Collect on allocation) 7.00M->3.00M 1.280ms
[47.018s] GC(538) Pause Incremental GC (Collect on allocation) 7.00M->3.00M 1.304ms
[47.095s] GC(539) Pause Incremental GC (Collect on allocation) 7.00M->3.00M 1.325ms
[47.172s] GC(540) Pause Incremental GC (Collect on allocation) 7.00M->3.00M 1.327ms
[47.249s] GC(541) Pause Incremental GC (Collect on allocation) 7.00M->3.00M 1.368ms
[47.332s] GC(542) Pause Full GC (Collect on allocation) 7.00M->3.00M 7.159ms
[47.411s] GC(543) Pause Incremental GC (Collect on allocation) 7.00M->3.00M 1.375ms
[47.484s] GC(544) Pause Incremental GC (Collect on allocation) 7.00M->3.00M 1.305ms
[47.561s] GC(545) Pause Incremental GC (Collect on allocation) 7.00M->3.00M 1.388ms
[47.640s] GC(546) Pause Incremental GC (Collect on allocation) 7.00M->3.00M 1.379ms
[47.709s] GC(547) Pause Incremental GC (Collect on allocation) 7.00M->3.00M 1.361ms
[47.787s] GC(548) Pause Incremental GC (Collect on allocation) 7.00M->3.00M 1.342ms
[47.863s] GC(549) Pause Incremental GC (Collect on allocation) 7.00M->3.00M 1.337ms
[47.940s] GC(550) Pause Incremental GC (Collect on allocation) 7.00M->3.00M 1.360ms
[48.021s] GC(551) Pause Full GC (Collect on allocation) 7.00M->3.00M 7.179ms
[48.089s] GC(552) Pause Incremental GC (Collect on allocation) 7.00M->3.00M 1.427ms
[48.166s] GC(553) Pause Incremental GC (Collect on allocation) 7.00M->3.00M 1.340ms
[48.237s] GC(554) Pause Incremental GC (Collect on allocation) 7.00M->3.00M 1.309ms
[48.306s] GC(555) Pause Incremental GC (Collect on allocation) 7.00M->3.00M 1.288ms
[48.384s] GC(556) Pause Incremental GC (Collect on allocation) 7.00M->3.00M 1.337ms
[48.460s] GC(557) Pause Incremental GC (Collect on allocation) 7.00M->3.00M 1.391ms
[48.538s] GC(558) Pause Incremental GC (Collect on allocation) 7.00M->3.00M 1.373ms
[48.615s] GC(559) Pause Incremental GC (Collect on allocation) 7.00M->3.00M 1.348ms
[48.698s] GC(560) Pause Full GC (Collect on allocation) 7.00M->3.00M 7.166ms
[48.777s] GC(561) Pause Incremental GC (Collect on allocation) 7.00M->3.00M 1.364ms
[48.856s] GC(562) Pause Incremental GC (Collect on allocation) 7.00M->3.00M 1.340ms
[48.935s] GC(563) Pause Incremental GC (Collect on allocation) 7.00M->3.00M 1.313ms
[49.004s] GC(564) Pause Incremental GC (Collect on allocation) 7.00M->3.00M 1.294ms
[49.080s] GC(565) Pause Incremental GC (Collect on allocation) 7.00M->3.00M 1.310ms
[49.157s] GC(566) Pause Incremental GC (Collect on allocation) 7.00M->3.00M 1.306ms
[49.234s] GC(567) Pause Incremental GC (Collect on allocation) 7.00M->3.00M 1.322ms
[49.312s] GC(568) Pause Incremental GC (Collect on allocation) 7.00M->3.00M 1.355ms
[49.395s] GC(569) Pause Full GC (Collect on allocation) 7.00M->3.00M 7.178ms
[49.468s] GC(570) Pause Incremental GC (Collect on allocation) 7.00M->3.00M 1.362ms
[49.545s] GC(571) Pause Incremental GC (Collect on allocation) 7.00M->3.00M 1.333ms
[49.624s] GC(572) Pause Incremental GC (Collect on allocation) 7.00M->3.00M 1.303ms
[49.693s] GC(573) Pause Incremental GC (Collect on allocation) 7.00M->3.00M 1.328ms
[49.771s] GC(574) Pause Incremental GC (Collect on allocation) 7.00M->3.00M 1.315ms
[49.846s] GC(575) Pause Incremental GC (Collect on allocation) 7.00M->3.00M 1.367ms
[49.923s] GC(576) Pause Incremental GC (Collect on allocation) 7.00M->3.00M 1.404ms
[50.000s] GC(577) Pause Incremental GC (Collect on allocation) 7.00M->3.00M 1.372ms
[50.069s] GC(578) Pause Full GC (Collect on allocation) 7.00M->3.00M 7.188ms
[50.140s] GC(579) Pause Incremental GC (Collect on allocation) 7.00M->3.00M 1.390ms
[50.219s] GC(580) Pause Incremental GC (Collect on allocation) 7.00M->3.00M 1.351ms
[50.298s] GC(581) Pause Incremental GC (Collect on allocation) 7.00M->3.00M 1.325ms
[50.367s] GC(582) Pause Incremental GC (Collect on allocation) 7.00M->3.00M 1.340ms
[50.445s] GC(583) Pause Incremental GC (Collect on allocation) 7.00M->3.00M 1.351ms
[50.522s] GC(584) Pause Incremental GC (Collect on allocation) 7.00M->3.00M 1.383ms
[50.599s] GC(585) Pause Incremental GC (Collect on allocation) 7.00M->3.00M 1.377ms
[50.676s] GC(586) Pause Incremental GC (Collect on allocation) 7.00M->3.00M 1.380ms
[50.759s] GC(587) Pause Full GC (Collect on allocation) 7.00M->3.00M 7.177ms
[50.838s] GC(588) Pause Incremental GC (Collect on allocation) 7.00M->3.00M 1.392ms
[50.917s] GC(589) Pause Incremental GC (Collect on allocation) 7.00M->3.00M 1.263ms
[50.996s] GC(590) Pause Incremental GC (Collect on allocation) 7.00M->3.00M 1.305ms
[51.065s] GC(591) Pause Incremental GC (Collect on allocation) 7.00M->3.00M 1.288ms
[51.140s] GC(592) Pause Incremental GC (Collect on allocation) 7.00M->3.00M 1.313ms
[51.217s] GC(593) Pause Incremental GC (Collect on allocation) 7.00M->3.00M 1.308ms
[51.294s] GC(594) Pause Incremental GC (Collect on allocation) 7.00M->3.00M 1.351ms
[51.371s] GC(595) Pause Incremental GC (Collect on allocation) 7.00M->3.00M 1.348ms
[51.454s] GC(596) Pause Full GC (Collect on allocation) 7.00M->3.00M 7.133ms
[51.533s] GC(597) Pause Incremental GC (Collect on allocation) 7.00M->3.00M 1.413ms
[51.615s] GC(598) Pause Incremental GC (Collect on allocation) 7.00M->3.00M 1.315ms
[51.692s] GC(599) Pause Incremental GC (Collect on allocation) 7.00M->3.00M 1.350ms
[51.771s] GC(600) Pause Incremental GC (Collect on allocation) 7.00M->3.00M 1.361ms
[51.848s] GC(601) Pause Incremental GC (Collect on allocation) 7.00M->3.00M 1.352ms
[51.925s] GC(602) Pause Incremental GC (Collect on allocation) 7.00M->3.00M 1.332ms
[51.998s] GC(603) Pause Incremental GC (Collect on allocation) 7.00M->3.00M 1.380ms
[52.065s] GC(604) Pause Incremental GC (Collect on allocation) 7.00M->3.00M 1.365ms
[52.143s] GC(605) Pause Full GC (Collect on allocation) 7.00M->3.00M 7.150ms
[52.214s] GC(606) Pause Incremental GC (Collect on allocation) 7.00M->3.00M 1.332ms
[52.294s] GC(607) Pause Incremental GC (Collect on allocation) 7.00M->3.00M 1.276ms
[52.370s] GC(608) Pause Incremental GC (Collect on allocation) 7.00M->3.00M 1.331ms
[52.447s] GC(609) Pause Incremental GC (Collect on allocation) 7.00M->3.00M 1.299ms
[52.524s] GC(610) Pause Incremental GC (Collect on allocation) 7.00M->3.00M 1.324ms
[52.601s] GC(611) Pause Incremental GC (Collect on allocation) 7.00M->3.00M 1.294ms
[52.678s] GC(612) Pause Incremental GC (Collect on allocation) 7.00M->3.00M 1.299ms
[52.755s] GC(613) Pause Incremental GC (Collect on allocation) 7.00M->3.00M 1.295ms
[52.838s] GC(614) Pause Full GC (Collect on allocation) 7.00M->3.00M 7.100ms
[52.917s] GC(615) Pause Incremental GC (Collect on allocation) 7.00M->3.00M 1.382ms
[52.987s] GC(616) Pause Incremental GC (Collect on allocation) 7.00M->3.00M 1.310ms
[53.060s] GC(617) Pause Incremental GC (Collect on allocation) 7.00M->3.00M 1.324ms
[53.139s] GC(618) Pause Incremental GC (Collect on allocation) 7.00M->3.00M 1.330ms
[53.208s] GC(619) Pause Incremental GC (Collect on allocation) 7.00M->3.00M 1.302ms
[53.278s] GC(620) Pause Incremental GC (Collect on allocation) 7.00M->3.00M 1.327ms
[53.347s] GC(621) Pause Incremental GC (Collect on allocation) 7.00M->3.00M 1.338ms
[53.425s] GC(622) Pause Incremental GC (Collect on allocation) 7.00M->3.00M 1.363ms
[53.502s] GC(623) Pause Full GC (Collect on allocation) 7.00M->3.00M 7.250ms
[53.584s] GC(624) Pause Incremental GC (Collect on allocation) 7.00M->3.00M 1.402ms
[53.661s] GC(625) Pause Incremental GC (Collect on allocation) 7.00M->3.00M 1.337ms
[53.740s] GC(626) Pause Incremental GC (Collect on allocation) 7.00M->3.00M 1.343ms
[53.819s] GC(627) Pause Incremental GC (Collect on allocation) 7.00M->3.00M 1.366ms
[53.896s] GC(628) Pause Incremental GC (Collect on allocation) 7.00M->3.00M 1.359ms
[53.971s] GC(629) Pause Incremental GC (Collect on allocation) 7.00M->3.00M 1.364ms
[54.039s] GC(630) Pause Incremental GC (Collect on allocation) 7.00M->3.00M 1.367ms
[54.116s] GC(631) Pause Incremental GC (Collect on allocation) 7.00M->3.00M 1.420ms
[54.201s] GC(632) Pause Full GC (Collect on allocation) 7.00M->3.00M 7.217ms
[54.281s] GC(633) Pause Incremental GC (Collect on allocation) 7.00M->3.00M 1.367ms
[54.358s] GC(634) Pause Incremental GC (Collect on allocation) 7.00M->3.00M 1.338ms
[54.437s] GC(635) Pause Incremental GC (Collect on allocation) 7.00M->3.00M 1.335ms
[54.516s] GC(636) Pause Incremental GC (Collect on allocation) 7.00M->3.00M 1.341ms
[54.585s] GC(637) Pause Incremental GC (Collect on allocation) 7.00M->3.00M 1.384ms
[54.660s] GC(638) Pause Incremental GC (Collect on allocation) 7.00M->3.00M 1.375ms
[54.737s] GC(639) Pause Incremental GC (Collect on allocation) 7.00M->3.00M 1.333ms
[54.814s] GC(640) Pause Incremental GC (Collect on allocation) 7.00M->3.00M 1.383ms
[54.897s] GC(641) Pause Full GC (Collect on allocation) 7.00M->3.00M 7.135ms
[54.976s] GC(642) Pause Incremental GC (Collect on allocation) 7.00M->3.00M 1.387ms
[55.055s] GC(643) Pause Incremental GC (Collect on allocation) 7.00M->3.00M 1.297ms
[55.134s] GC(644) Pause Incremental GC (Collect on allocation) 7.00M->3.00M 1.330ms
[55.213s] GC(645) Pause Incremental GC (Collect on allocation) 7.00M->3.00M 1.323ms
[55.293s] GC(646) Pause Incremental GC (Collect on allocation) 7.00M->3.00M 1.334ms
[55.364s] GC(647) Pause Incremental GC (Collect on allocation) 7.00M->3.00M 1.303ms
[55.444s] GC(648) Pause Incremental GC (Collect on allocation) 7.00M->3.00M 1.348ms
[55.521s] GC(649) Pause Incremental GC (Collect on allocation) 7.00M->3.00M 1.369ms
[55.606s] GC(650) Pause Full GC (Collect on allocation) 7.00M->3.00M 7.207ms
[55.688s] GC(651) Pause Incremental GC (Collect on allocation) 7.00M->3.00M 1.397ms
[55.765s] GC(652) Pause Incremental GC (Collect on allocation) 7.00M->3.00M 1.338ms
[55.844s] GC(653) Pause Incremental GC (Collect on allocation) 7.00M->3.00M 1.368ms
[55.914s] GC(654) Pause Incremental GC (Collect on allocation) 7.00M->3.00M 1.339ms
[55.992s] GC(655) Pause Incremental GC (Collect on allocation) 7.00M->3.00M 1.382ms
[56.061s] GC(656) Pause Incremental GC (Collect on allocation) 7.00M->3.00M 1.357ms
[56.139s] GC(657) Pause Incremental GC (Collect on allocation) 7.00M->3.00M 1.352ms
[56.211s] GC(658) Pause Incremental GC (Collect on allocation) 7.00M->3.00M 1.398ms
[56.296s] GC(659) Pause Full GC (Collect on allocation) 7.00M->3.00M 7.277ms
[56.375s] GC(660) Pause Incremental GC (Collect on allocation) 7.00M->3.00M 1.413ms
[56.454s] GC(661) Pause Incremental GC (Collect on allocation) 7.00M->3.00M 1.345ms
[56.533s] GC(662) Pause Incremental GC (Collect on allocation) 7.00M->3.00M 1.347ms
[56.612s] GC(663) Pause Incremental GC (Collect on allocation) 7.00M->3.00M 1.352ms
[56.691s] GC(664) Pause Incremental GC (Collect on allocation) 7.00M->3.00M 1.348ms
[56.770s] GC(665) Pause Incremental GC (Collect on allocation) 7.00M->3.00M 1.356ms
[56.849s] GC(666) Pause Incremental GC (Collect on allocation) 7.00M->3.00M 1.375ms
[56.928s] GC(667) Pause Incremental GC (Collect on allocation) 7.00M->3.00M 1.384ms
[57.013s] GC(668) Pause Full GC (Collect on allocation) 7.00M->3.00M 7.221ms
[57.092s] GC(669) Pause Incremental GC (Collect on allocation) 7.00M->3.00M 1.427ms
[57.171s] GC(670) Pause Incremental GC (Collect on allocation) 7.00M->3.00M 1.384ms
[57.251s] GC(671) Pause Incremental GC (Collect on allocation) 7.00M->3.00M 1.330ms
[57.329s] GC(672) Pause Incremental GC (Collect on allocation) 7.00M->3.00M 1.374ms
[57.404s] GC(673) Pause Incremental GC (Collect on allocation) 7.00M->3.00M 1.322ms
[57.482s] GC(674) Pause Incremental GC (Collect on allocation) 7.00M->3.00M 1.370ms
[57.561s] GC(675) Pause Incremental GC (Collect on allocation) 7.00M->3.00M 1.381ms
[57.640s] GC(676) Pause Incremental GC (Collect on allocation) 7.00M->3.00M 1.427ms
[57.725s] GC(677) Pause Full GC (Collect on allocation) 7.00M->3.00M 7.226ms
[57.806s] GC(678) Pause Incremental GC (Collect on allocation) 7.00M->3.00M 1.398ms
[57.888s] GC(679) Pause Incremental GC (Collect on allocation) 7.00M->3.00M 1.368ms
[57.966s] GC(680) Pause Incremental GC (Collect on allocation) 7.00M->3.00M 1.335ms
[58.037s] GC(681) Pause Incremental GC (Collect on allocation) 7.00M->3.00M 1.352ms
[58.114s] GC(682) Pause Incremental GC (Collect on allocation) 7.00M->3.00M 1.354ms
[58.193s] GC(683) Pause Incremental GC (Collect on allocation) 7.00M->3.00M 1.372ms
[58.272s] GC(684) Pause Incremental GC (Collect on allocation) 7.00M->3.00M 1.403ms
[58.351s] GC(685) Pause Incremental GC (Collect on allocation) 7.00M->3.00M 1.430ms
[58.436s] GC(686) Pause Full GC (Collect on allocation) 7.00M->3.00M 7.309ms
[58.515s] GC(687) Pause Incremental GC (Collect on allocation) 7.00M->3.00M 1.401ms
[58.594s] GC(688) Pause Incremental GC (Collect on allocation) 7.00M->3.00M 1.338ms
[58.673s] GC(689) Pause Incremental GC (Collect on allocation) 7.00M->3.00M 1.301ms
[58.752s] GC(690) Pause Incremental GC (Collect on allocation) 7.00M->3.00M 1.294ms
[58.821s] GC(691) Pause Incremental GC (Collect on allocation) 7.00M->3.00M 1.313ms
[58.896s] GC(692) Pause Incremental GC (Collect on allocation) 7.00M->3.00M 1.356ms
[58.973s] GC(693) Pause Incremental GC (Collect on allocation) 7.00M->3.00M 1.345ms
[59.050s] GC(694) Pause Incremental GC (Collect on allocation) 7.00M->3.00M 1.324ms
[59.133s] GC(695) Pause Full GC (Collect on allocation) 7.00M->3.00M 7.175ms
[59.215s] GC(696) Pause Incremental GC (Collect on allocation) 7.00M->3.00M 1.367ms
[59.292s] GC(697) Pause Incremental GC (Collect on allocation) 7.00M->3.00M 1.356ms
[59.374s] GC(698) Pause Incremental GC (Collect on allocation) 7.00M->3.00M 1.329ms
[59.456s] GC(699) Pause Incremental GC (Collect on allocation) 7.00M->3.00M 1.355ms
[59.533s] GC(700) Pause Incremental GC (Collect on allocation) 7.00M->3.00M 1.368ms
[59.612s] GC(701) Pause Incremental GC (Collect on allocation) 7.00M->3.00M 1.340ms
[59.691s] GC(702) Pause Incremental GC (Collect on allocation) 7.00M->3.00M 1.392ms
[59.770s] GC(703) Pause Incremental GC (Collect on allocation) 7.00M->3.00M 1.373ms
[59.855s] GC(704) Pause Full GC (Collect on allocation) 7.00M->3.00M 7.253ms
[59.934s] GC(705) Pause Incremental GC (Collect on allocation) 7.00M->3.00M 1.428ms
[60.014s] GC(706) Pause Incremental GC (Collect on allocation) 7.00M->3.00M 1.274ms
[60.081s] GC(707) Pause Incremental GC (Collect on allocation) 7.00M->3.00M 1.310ms
[60.158s] GC(708) Pause Incremental GC (Collect on allocation) 7.00M->3.00M 1.302ms
[60.235s] GC(709) Pause Incremental GC (Collect on allocation) 7.00M->3.00M 1.318ms
[60.312s] GC(710) Pause Incremental GC (Collect on allocation) 7.00M->3.00M 1.319ms
[60.389s] GC(711) Pause Incremental GC (Collect on allocation) 7.00M->3.00M 1.335ms
[60.466s] GC(712) Pause Incremental GC (Collect on allocation) 7.00M->3.00M 1.330ms
[60.549s] GC(713) Pause Full GC (Collect on allocation) 7.00M->3.00M 7.230ms
[60.628s] GC(714) Pause Incremental GC (Collect on allocation) 7.00M->3.00M 1.389ms
[60.710s] GC(715) Pause Incremental GC (Collect on allocation) 7.00M->3.00M 1.330ms
[60.787s] GC(716) Pause Incremental GC (Collect on allocation) 7.00M->3.00M 1.371ms
[60.866s] GC(717) Pause Incremental GC (Collect on allocation) 7.00M->3.00M 1.341ms
[60.945s] GC(718) Pause Incremental GC (Collect on allocation) 7.00M->3.00M 1.359ms
[61.024s] GC(719) Pause Incremental GC (Collect on allocation) 7.00M->3.00M 1.335ms
[61.101s] GC(720) Pause Incremental GC (Collect on allocation) 7.00M->3.00M 1.330ms
[61.179s] GC(721) Pause Incremental GC (Collect on allocation) 7.00M->3.00M 1.399ms
[61.261s] GC(722) Pause Full GC (Collect on allocation) 7.00M->3.00M 7.240ms
[61.341s] GC(723) Pause Incremental GC (Collect on allocation) 7.00M->3.00M 1.395ms
[61.411s] GC(724) Pause Incremental GC (Collect on allocation) 7.00M->3.00M 1.319ms
[61.491s] GC(725) Pause Incremental GC (Collect on allocation) 7.00M->3.00M 1.338ms
[61.571s] GC(726) Pause Incremental GC (Collect on allocation) 7.00M->3.00M 1.352ms
[61.648s] GC(727) Pause Incremental GC (Collect on allocation) 7.00M->3.00M 1.344ms
[61.727s] GC(728) Pause Incremental GC (Collect on allocation) 7.00M->3.00M 1.369ms
[61.806s] GC(729) Pause Incremental GC (Collect on allocation) 7.00M->3.00M 1.378ms
[61.885s] GC(730) Pause Incremental GC (Collect on allocation) 7.00M->3.00M 1.343ms
[61.967s] GC(731) Pause Full GC (Collect on allocation) 7.00M->3.00M 7.235ms
[62.036s] GC(732) Pause Incremental GC (Collect on allocation) 7.00M->3.00M 1.419ms
[62.105s] GC(733) Pause Incremental GC (Collect on allocation) 7.00M->3.00M 1.304ms
[62.180s] GC(734) Pause Incremental GC (Collect on allocation) 7.00M->3.00M 1.335ms
[62.249s] GC(735) Pause Incremental GC (Collect on allocation) 7.00M->3.00M 1.298ms
[62.324s] GC(736) Pause Incremental GC (Collect on allocation) 7.00M->3.00M 1.324ms
[62.401s] GC(737) Pause Incremental GC (Collect on allocation) 7.00M->3.00M 1.346ms
[62.478s] GC(738) Pause Incremental GC (Collect on allocation) 7.00M->3.00M 1.376ms
[62.555s] GC(739) Pause Incremental GC (Collect on allocation) 7.00M->3.00M 1.404ms
[62.638s] GC(740) Pause Full GC (Collect on allocation) 7.00M->3.00M 7.228ms
[62.717s] GC(741) Pause Incremental GC (Collect on allocation) 7.00M->3.00M 1.417ms
[62.796s] GC(742) Pause Incremental GC (Collect on allocation) 7.00M->3.00M 1.356ms
[62.875s] GC(743) Pause Incremental GC (Collect on allocation) 7.00M->3.00M 1.359ms
[62.954s] GC(744) Pause Incremental GC (Collect on allocation) 7.00M->3.00M 1.343ms
[63.034s] GC(745) Pause Incremental GC (Collect on allocation) 7.00M->3.00M 1.329ms
[63.111s] GC(746) Pause Incremental GC (Collect on allocation) 7.00M->3.00M 1.350ms
[63.190s] GC(747) Pause Incremental GC (Collect on allocation) 7.00M->3.00M 1.342ms
[63.265s] GC(748) Pause Incremental GC (Collect on allocation) 7.00M->3.00M 1.346ms
[63.349s] GC(749) Pause Full GC (Collect on allocation) 7.00M->3.00M 7.275ms
[63.431s] GC(750) Pause Incremental GC (Collect on allocation) 7.00M->3.00M 1.417ms

