INFO  [main] 2021-07-20 13:05:21,082 YamlConfigurationLoader.java:93 - Configuration location: file:/home/nitsanw/profiling-workload/apache-cassandra-4.0-rc2/conf/cassandra.yaml
INFO  [main] 2021-07-20 13:05:21,427 Config.java:691 - Node configuration:[allocate_tokens_for_keyspace=null; allocate_tokens_for_local_replication_factor=3; audit_logging_options=AuditLogOptions{enabled=false, logger='BinAuditLogger', included_keyspaces='', excluded_keyspaces='system,system_schema,system_virtual_schema', included_categories='', excluded_categories='', included_users='', excluded_users='', audit_logs_dir='./apache-cassandra-4.0-rc2/bin/../logs/audit/', archive_command='', roll_cycle='HOURLY', block=true, max_queue_weight=268435456, max_log_size=17179869184}; authenticator=AllowAllAuthenticator; authorizer=AllowAllAuthorizer; auto_bootstrap=true; auto_optimise_full_repair_streams=false; auto_optimise_inc_repair_streams=false; auto_optimise_preview_repair_streams=false; auto_snapshot=true; autocompaction_on_startup_enabled=true; automatic_sstable_upgrade=false; back_pressure_enabled=false; back_pressure_strategy=null; batch_size_fail_threshold_in_kb=50; batch_size_warn_threshold_in_kb=5; batchlog_replay_throttle_in_kb=1024; block_for_peers_in_remote_dcs=false; block_for_peers_timeout_in_secs=10; broadcast_address=null; broadcast_rpc_address=null; buffer_pool_use_heap_if_exhausted=false; cas_contention_timeout_in_ms=1000; cdc_enabled=false; cdc_free_space_check_interval_ms=250; cdc_raw_directory=null; cdc_total_space_in_mb=0; check_for_duplicate_rows_during_compaction=true; check_for_duplicate_rows_during_reads=true; client_encryption_options=<REDACTED>; cluster_name=Test Cluster; column_index_cache_size_in_kb=2; column_index_size_in_kb=64; commit_failure_policy=stop; commitlog_compression=null; commitlog_directory=null; commitlog_max_compression_buffers_in_pool=3; commitlog_periodic_queue_size=-1; commitlog_segment_size_in_mb=32; commitlog_sync=periodic; commitlog_sync_batch_window_in_ms=NaN; commitlog_sync_group_window_in_ms=NaN; commitlog_sync_period_in_ms=10000; commitlog_total_space_in_mb=null; compaction_large_partition_warning_threshold_mb=100; compaction_throughput_mb_per_sec=64; concurrent_compactors=null; concurrent_counter_writes=32; concurrent_materialized_view_builders=1; concurrent_materialized_view_writes=32; concurrent_reads=32; concurrent_replicates=null; concurrent_validations=0; concurrent_writes=32; consecutive_message_errors_threshold=1; corrupted_tombstone_strategy=disabled; counter_cache_keys_to_save=2147483647; counter_cache_save_period=7200; counter_cache_size_in_mb=null; counter_write_request_timeout_in_ms=5000; credentials_cache_max_entries=1000; credentials_update_interval_in_ms=-1; credentials_validity_in_ms=2000; cross_node_timeout=true; data_file_directories=[Ljava.lang.String;@7e928e2f; diagnostic_events_enabled=false; disk_access_mode=auto; disk_failure_policy=stop; disk_optimization_estimate_percentile=0.95; disk_optimization_page_cross_chance=0.1; disk_optimization_strategy=ssd; dynamic_snitch=true; dynamic_snitch_badness_threshold=1.0; dynamic_snitch_reset_interval_in_ms=600000; dynamic_snitch_update_interval_in_ms=100; enable_drop_compact_storage=false; enable_materialized_views=false; enable_sasi_indexes=false; enable_scripted_user_defined_functions=false; enable_transient_replication=false; enable_user_defined_functions=false; enable_user_defined_functions_threads=true; endpoint_snitch=SimpleSnitch; file_cache_enabled=false; file_cache_round_up=null; file_cache_size_in_mb=null; flush_compression=fast; full_query_logging_options=FullQueryLoggerOptions{log_dir='', archive_command='', roll_cycle='HOURLY', block=true, max_queue_weight=268435456, max_log_size=17179869184}; gc_log_threshold_in_ms=200; gc_warn_threshold_in_ms=1000; hinted_handoff_disabled_datacenters=[]; hinted_handoff_enabled=true; hinted_handoff_throttle_in_kb=1024; hints_compression=null; hints_directory=null; hints_flush_period_in_ms=10000; ideal_consistency_level=null; incremental_backups=false; index_summary_capacity_in_mb=null; index_summary_resize_interval_in_minutes=60; initial_range_tombstone_list_allocation_size=1; initial_token=null; inter_dc_stream_throughput_outbound_megabits_per_sec=200; inter_dc_tcp_nodelay=false; internode_application_receive_queue_capacity_in_bytes=4194304; internode_application_receive_queue_reserve_endpoint_capacity_in_bytes=134217728; internode_application_receive_queue_reserve_global_capacity_in_bytes=536870912; internode_application_send_queue_capacity_in_bytes=4194304; internode_application_send_queue_reserve_endpoint_capacity_in_bytes=134217728; internode_application_send_queue_reserve_global_capacity_in_bytes=536870912; internode_authenticator=null; internode_compression=dc; internode_max_message_size_in_bytes=null; internode_socket_receive_buffer_size_in_bytes=0; internode_socket_send_buffer_size_in_bytes=0; internode_streaming_tcp_user_timeout_in_ms=300000; internode_tcp_connect_timeout_in_ms=2000; internode_tcp_user_timeout_in_ms=30000; key_cache_keys_to_save=2147483647; key_cache_migrate_during_compaction=true; key_cache_save_period=14400; key_cache_size_in_mb=null; keyspace_count_warn_threshold=40; listen_address=localhost; listen_interface=null; listen_interface_prefer_ipv6=false; listen_on_broadcast_address=false; local_system_data_file_directory=null; max_concurrent_automatic_sstable_upgrades=1; max_hint_window_in_ms=10800000; max_hints_delivery_threads=2; max_hints_file_size_in_mb=128; max_mutation_size_in_kb=null; max_streaming_retries=3; max_value_size_in_mb=256; memtable_allocation_type=heap_buffers; memtable_cleanup_threshold=null; memtable_flush_writers=0; memtable_heap_space_in_mb=null; memtable_offheap_space_in_mb=null; min_free_space_per_drive_in_mb=50; native_transport_allow_older_protocols=true; native_transport_flush_in_batches_legacy=false; native_transport_idle_timeout_in_ms=0; native_transport_max_concurrent_connections=-1; native_transport_max_concurrent_connections_per_ip=-1; native_transport_max_concurrent_requests_in_bytes=-1; native_transport_max_concurrent_requests_in_bytes_per_ip=-1; native_transport_max_frame_size_in_mb=256; native_transport_max_negotiable_protocol_version=null; native_transport_max_threads=128; native_transport_port=9042; native_transport_port_ssl=null; native_transport_receive_queue_capacity_in_bytes=1048576; network_authorizer=AllowAllNetworkAuthorizer; networking_cache_size_in_mb=null; num_tokens=16; otc_coalescing_enough_coalesced_messages=8; otc_coalescing_strategy=DISABLED; otc_coalescing_window_us=200; partitioner=org.apache.cassandra.dht.Murmur3Partitioner; periodic_commitlog_sync_lag_block_in_ms=null; permissions_cache_max_entries=1000; permissions_update_interval_in_ms=-1; permissions_validity_in_ms=2000; phi_convict_threshold=8.0; prepared_statements_cache_size_mb=null; range_request_timeout_in_ms=10000; range_tombstone_list_growth_factor=1.5; read_request_timeout_in_ms=5000; reject_repair_compaction_threshold=2147483647; repair_command_pool_full_strategy=queue; repair_command_pool_size=0; repair_session_max_tree_depth=null; repair_session_space_in_mb=null; repaired_data_tracking_for_partition_reads_enabled=false; repaired_data_tracking_for_range_reads_enabled=false; report_unconfirmed_repaired_data_mismatches=false; request_timeout_in_ms=10000; role_manager=CassandraRoleManager; roles_cache_max_entries=1000; roles_update_interval_in_ms=-1; roles_validity_in_ms=2000; row_cache_class_name=org.apache.cassandra.cache.OHCProvider; row_cache_keys_to_save=2147483647; row_cache_save_period=0; row_cache_size_in_mb=0; rpc_address=localhost; rpc_interface=null; rpc_interface_prefer_ipv6=false; rpc_keepalive=true; saved_caches_directory=null; seed_provider=org.apache.cassandra.locator.SimpleSeedProvider{seeds=127.0.0.1:7000}; server_encryption_options=<REDACTED>; slow_query_log_timeout_in_ms=500; snapshot_before_compaction=false; snapshot_links_per_second=0; snapshot_on_duplicate_row_detection=false; snapshot_on_repaired_data_mismatch=false; ssl_storage_port=7001; sstable_preemptive_open_interval_in_mb=50; start_native_transport=true; storage_port=7000; stream_entire_sstables=true; stream_throughput_outbound_megabits_per_sec=200; streaming_connections_per_host=1; streaming_keep_alive_period_in_secs=300; table_count_warn_threshold=150; tombstone_failure_threshold=100000; tombstone_warn_threshold=1000; tracetype_query_ttl=86400; tracetype_repair_ttl=604800; transparent_data_encryption_options=org.apache.cassandra.config.TransparentDataEncryptionOptions@f667fe; trickle_fsync=false; trickle_fsync_interval_in_kb=10240; truncate_request_timeout_in_ms=60000; unlogged_batch_across_partitions_warn_threshold=10; use_offheap_merkle_trees=true; user_defined_function_fail_timeout=1500; user_defined_function_warn_timeout=500; user_function_timeout_policy=die; validation_preview_purge_head_start_in_sec=3600; windows_timer_interval=1; write_request_timeout_in_ms=2000]
INFO  [main] 2021-07-20 13:05:21,430 DatabaseDescriptor.java:416 - DiskAccessMode 'auto' determined to be mmap, indexAccessMode is mmap
INFO  [main] 2021-07-20 13:05:21,430 DatabaseDescriptor.java:477 - Global memtable on-heap threshold is enabled at 2048MB
INFO  [main] 2021-07-20 13:05:21,430 DatabaseDescriptor.java:481 - Global memtable off-heap threshold is enabled at 2048MB
WARN  [main] 2021-07-20 13:05:21,440 DatabaseDescriptor.java:628 - Only 12.526GiB free across all data volumes. Consider adding more capacity to your cluster or removing obsolete snapshots
INFO  [main] 2021-07-20 13:05:21,515 JMXServerUtils.java:271 - Configured JMX server at: service:jmx:rmi://127.0.0.1/jndi/rmi://127.0.0.1:7199/jmxrmi
INFO  [main] 2021-07-20 13:05:21,519 CassandraDaemon.java:623 - Hostname: perfstorage005.usuqo07.pie.apple.com:7000:7001
INFO  [main] 2021-07-20 13:05:21,519 CassandraDaemon.java:630 - JVM vendor/version: OpenJDK 64-Bit Server VM/16.0.1
INFO  [main] 2021-07-20 13:05:21,519 CassandraDaemon.java:631 - Heap size: 8.000GiB/8.000GiB
INFO  [main] 2021-07-20 13:05:21,521 CassandraDaemon.java:636 - CodeHeap 'non-nmethods' Non-heap memory: init = 2555904(2496K) used = 3059072(2987K) committed = 3080192(3008K) max = 7606272(7428K)
INFO  [main] 2021-07-20 13:05:21,525 CassandraDaemon.java:636 - Metaspace Non-heap memory: init = 0(0K) used = 20741624(20255K) committed = 20905984(20416K) max = -1(-1K)
INFO  [main] 2021-07-20 13:05:21,525 CassandraDaemon.java:636 - CodeHeap 'profiled nmethods' Non-heap memory: init = 2555904(2496K) used = 5096448(4977K) committed = 5111808(4992K) max = 122023936(119164K)
INFO  [main] 2021-07-20 13:05:21,525 CassandraDaemon.java:636 - Compressed Class Space Non-heap memory: init = 0(0K) used = 2269656(2216K) committed = 2359296(2304K) max = 1073741824(1048576K)
INFO  [main] 2021-07-20 13:05:21,526 CassandraDaemon.java:636 - G1 Eden Space Heap memory: init = 452984832(442368K) used = 62914560(61440K) committed = 452984832(442368K) max = -1(-1K)
INFO  [main] 2021-07-20 13:05:21,526 CassandraDaemon.java:636 - G1 Old Gen Heap memory: init = 8136949760(7946240K) used = 4186112(4088K) committed = 8136949760(7946240K) max = 8589934592(8388608K)
INFO  [main] 2021-07-20 13:05:21,526 CassandraDaemon.java:636 - G1 Survivor Space Heap memory: init = 0(0K) used = 0(0K) committed = 0(0K) max = -1(-1K)
INFO  [main] 2021-07-20 13:05:21,526 CassandraDaemon.java:636 - CodeHeap 'non-profiled nmethods' Non-heap memory: init = 2555904(2496K) used = 875392(854K) committed = 2555904(2496K) max = 122028032(119168K)
INFO  [main] 2021-07-20 13:05:21,526 CassandraDaemon.java:638 - Classpath: ./apache-cassandra-4.0-rc2/bin/../conf:./apache-cassandra-4.0-rc2/bin/../lib/airline-0.8.jar:./apache-cassandra-4.0-rc2/bin/../lib/antlr-runtime-3.5.2.jar:./apache-cassandra-4.0-rc2/bin/../lib/apache-cassandra-4.0-rc2.jar:./apache-cassandra-4.0-rc2/bin/../lib/asm-7.1.jar:./apache-cassandra-4.0-rc2/bin/../lib/caffeine-2.3.5.jar:./apache-cassandra-4.0-rc2/bin/../lib/cassandra-driver-core-3.11.0-shaded.jar:./apache-cassandra-4.0-rc2/bin/../lib/chronicle-bytes-2.20.111.jar:./apache-cassandra-4.0-rc2/bin/../lib/chronicle-core-2.20.126.jar:./apache-cassandra-4.0-rc2/bin/../lib/chronicle-queue-5.20.123.jar:./apache-cassandra-4.0-rc2/bin/../lib/chronicle-threads-2.20.111.jar:./apache-cassandra-4.0-rc2/bin/../lib/chronicle-wire-2.20.117.jar:./apache-cassandra-4.0-rc2/bin/../lib/commons-cli-1.1.jar:./apache-cassandra-4.0-rc2/bin/../lib/commons-codec-1.9.jar:./apache-cassandra-4.0-rc2/bin/../lib/commons-lang3-3.11.jar:./apache-cassandra-4.0-rc2/bin/../lib/commons-math3-3.2.jar:./apache-cassandra-4.0-rc2/bin/../lib/concurrent-trees-2.4.0.jar:./apache-cassandra-4.0-rc2/bin/../lib/ecj-4.6.1.jar:./apache-cassandra-4.0-rc2/bin/../lib/guava-27.0-jre.jar:./apache-cassandra-4.0-rc2/bin/../lib/HdrHistogram-2.1.9.jar:./apache-cassandra-4.0-rc2/bin/../lib/high-scale-lib-1.0.6.jar:./apache-cassandra-4.0-rc2/bin/../lib/hppc-0.8.1.jar:./apache-cassandra-4.0-rc2/bin/../lib/j2objc-annotations-1.3.jar:./apache-cassandra-4.0-rc2/bin/../lib/jackson-annotations-2.9.10.jar:./apache-cassandra-4.0-rc2/bin/../lib/jackson-core-2.9.10.jar:./apache-cassandra-4.0-rc2/bin/../lib/jackson-databind-2.9.10.8.jar:./apache-cassandra-4.0-rc2/bin/../lib/jamm-0.3.2.jar:./apache-cassandra-4.0-rc2/bin/../lib/java-cup-runtime-11b-20160615.jar:./apache-cassandra-4.0-rc2/bin/../lib/javax.inject-1.jar:./apache-cassandra-4.0-rc2/bin/../lib/jbcrypt-0.3m.jar:./apache-cassandra-4.0-rc2/bin/../lib/jcl-over-slf4j-1.7.25.jar:./apache-cassandra-4.0-rc2/bin/../lib/jcommander-1.30.jar:./apache-cassandra-4.0-rc2/bin/../lib/jctools-core-3.1.0.jar:./apache-cassandra-4.0-rc2/bin/../lib/jflex-1.8.2.jar:./apache-cassandra-4.0-rc2/bin/../lib/jna-5.6.0.jar:./apache-cassandra-4.0-rc2/bin/../lib/json-simple-1.1.jar:./apache-cassandra-4.0-rc2/bin/../lib/jvm-attach-api-1.5.jar:./apache-cassandra-4.0-rc2/bin/../lib/log4j-over-slf4j-1.7.25.jar:./apache-cassandra-4.0-rc2/bin/../lib/logback-classic-1.2.3.jar:./apache-cassandra-4.0-rc2/bin/../lib/logback-core-1.2.3.jar:./apache-cassandra-4.0-rc2/bin/../lib/lz4-java-1.7.1.jar:./apache-cassandra-4.0-rc2/bin/../lib/metrics-core-3.1.5.jar:./apache-cassandra-4.0-rc2/bin/../lib/metrics-jvm-3.1.5.jar:./apache-cassandra-4.0-rc2/bin/../lib/metrics-logback-3.1.5.jar:./apache-cassandra-4.0-rc2/bin/../lib/mxdump-0.14.jar:./apache-cassandra-4.0-rc2/bin/../lib/netty-all-4.1.58.Final.jar:./apache-cassandra-4.0-rc2/bin/../lib/netty-tcnative-boringssl-static-2.0.36.Final.jar:./apache-cassandra-4.0-rc2/bin/../lib/ohc-core-0.5.1.jar:./apache-cassandra-4.0-rc2/bin/../lib/ohc-core-j8-0.5.1.jar:./apache-cassandra-4.0-rc2/bin/../lib/psjava-0.1.19.jar:./apache-cassandra-4.0-rc2/bin/../lib/reporter-config3-3.0.3.jar:./apache-cassandra-4.0-rc2/bin/../lib/reporter-config-base-3.0.3.jar:./apache-cassandra-4.0-rc2/bin/../lib/sigar-1.6.4.jar:./apache-cassandra-4.0-rc2/bin/../lib/sjk-cli-0.14.jar:./apache-cassandra-4.0-rc2/bin/../lib/sjk-core-0.14.jar:./apache-cassandra-4.0-rc2/bin/../lib/sjk-json-0.14.jar:./apache-cassandra-4.0-rc2/bin/../lib/sjk-stacktrace-0.14.jar:./apache-cassandra-4.0-rc2/bin/../lib/slf4j-api-1.7.25.jar:./apache-cassandra-4.0-rc2/bin/../lib/snakeyaml-1.26.jar:./apache-cassandra-4.0-rc2/bin/../lib/snappy-java-1.1.2.6.jar:./apache-cassandra-4.0-rc2/bin/../lib/snowball-stemmer-1.3.0.581.1.jar:./apache-cassandra-4.0-rc2/bin/../lib/ST4-4.0.8.jar:./apache-cassandra-4.0-rc2/bin/../lib/stream-2.5.2.jar:./apache-cassandra-4.0-rc2/bin/../lib/zstd-jni-1.3.8-5.jar:./apache-cassandra-4.0-rc2/bin/../lib/jsr223/*/*.jar:
INFO  [main] 2021-07-20 13:05:21,527 CassandraDaemon.java:640 - JVM Arguments: [-XX:+UseG1GC, -XX:MaxGCPauseMillis=25, --add-opens=java.base/java.lang=ALL-UNNAMED, --add-opens=java.base/java.io=ALL-UNNAMED, --add-opens=java.base/sun.nio.ch=ALL-UNNAMED, --add-opens=java.base/java.util.concurrent=ALL-UNNAMED, --add-opens=java.base/java.util=ALL-UNNAMED, --add-opens=java.base/java.util.concurrent.atomic=ALL-UNNAMED, --add-opens=java.base/java.nio=ALL-UNNAMED, -ea, -da:net.openhft..., -XX:+UseThreadPriorities, -XX:+HeapDumpOnOutOfMemoryError, -Xss256k, -XX:+AlwaysPreTouch, -XX:-UseBiasedLocking, -XX:+UseTLAB, -XX:+ResizeTLAB, -XX:+PerfDisableSharedMem, -Djava.net.preferIPv4Stack=true, -Djdk.attach.allowAttachSelf=true, --add-exports=java.base/jdk.internal.misc=ALL-UNNAMED, --add-exports=java.base/jdk.internal.ref=ALL-UNNAMED, --add-exports=java.base/sun.nio.ch=ALL-UNNAMED, --add-exports=java.management.rmi/com.sun.jmx.remote.internal.rmi=ALL-UNNAMED, --add-exports=java.rmi/sun.rmi.registry=ALL-UNNAMED, --add-exports=java.rmi/sun.rmi.server=ALL-UNNAMED, --add-exports=java.sql/java.sql=ALL-UNNAMED, --add-opens=java.base/java.lang.module=ALL-UNNAMED, --add-opens=java.base/jdk.internal.loader=ALL-UNNAMED, --add-opens=java.base/jdk.internal.ref=ALL-UNNAMED, --add-opens=java.base/jdk.internal.reflect=ALL-UNNAMED, --add-opens=java.base/jdk.internal.math=ALL-UNNAMED, --add-opens=java.base/jdk.internal.module=ALL-UNNAMED, --add-opens=java.base/jdk.internal.util.jar=ALL-UNNAMED, --add-opens=jdk.management/com.sun.management.internal=ALL-UNNAMED, -Dio.netty.tryReflectionSetAccessible=true, -Xlog:gc=info,heap*=trace,age*=debug,safepoint=info,promotion*=trace:file=./apache-cassandra-4.0-rc2/bin/../logs/gc.log:time,uptime,pid,tid,level:filecount=10,filesize=10485760, -Xms8192M, -Xmx8192M, -XX:CompileCommandFile=./apache-cassandra-4.0-rc2/bin/../conf/hotspot_compiler, -javaagent:./apache-cassandra-4.0-rc2/bin/../lib/jamm-0.3.2.jar, -Dcassandra.jmx.local.port=7199, -Dcom.sun.management.jmxremote.authenticate=false, -Dcom.sun.management.jmxremote.password.file=/etc/cassandra/jmxremote.password, -Djava.library.path=./apache-cassandra-4.0-rc2/bin/../lib/sigar-bin, -XX:OnOutOfMemoryError=kill -9 %p, -Dlogback.configurationFile=logback.xml, -Dcassandra.logdir=./apache-cassandra-4.0-rc2/bin/../logs, -Dcassandra.storagedir=./apache-cassandra-4.0-rc2/bin/../data]
WARN  [main] 2021-07-20 13:05:21,604 NativeLibrary.java:201 - Unable to lock JVM memory (ENOMEM). This can result in part of the JVM being swapped out, especially with mmapped I/O enabled. Increase RLIMIT_MEMLOCK.
INFO  [main] 2021-07-20 13:05:21,651 MonotonicClock.java:199 - Scheduling approximate time conversion task with an interval of 10000 milliseconds
INFO  [main] 2021-07-20 13:05:21,652 MonotonicClock.java:335 - Scheduling approximate time-check task with a precision of 2 milliseconds
WARN  [main] 2021-07-20 13:05:21,653 StartupChecks.java:143 - jemalloc shared library could not be preloaded to speed up memory allocations
WARN  [main] 2021-07-20 13:05:21,654 StartupChecks.java:158 - lz4-java was unable to load native libraries; this will lower the performance of lz4 (network/sstables/etc.): Could not initialize class net.jpountz.lz4.LZ4JNI
WARN  [main] 2021-07-20 13:05:21,654 StartupChecks.java:187 - JMX is not enabled to receive remote connections. Please see cassandra-env.sh for more info.
INFO  [main] 2021-07-20 13:05:21,655 SigarLibrary.java:44 - Initializing SIGAR library
WARN  [main] 2021-07-20 13:05:21,664 SigarLibrary.java:174 - Cassandra server running in degraded mode. Is swap disabled? : false,  Address space adequate? : true,  nofile limit adequate? : true, nproc limit adequate? : true 
WARN  [main] 2021-07-20 13:05:21,664 StartupChecks.java:329 - Maximum number of memory map areas per process (vm.max_map_count) 65530 is too low, recommended value: 1048575, you can change it with sysctl.
INFO  [main] 2021-07-20 13:05:21,963 Keyspace.java:386 - Creating replication strategy system params KeyspaceParams{durable_writes=true, replication=ReplicationParams{class=org.apache.cassandra.locator.LocalStrategy}}
INFO  [main] 2021-07-20 13:05:21,992 ColumnFamilyStore.java:385 - Initializing system.IndexInfo
INFO  [main] 2021-07-20 13:05:22,606 ColumnFamilyStore.java:385 - Initializing system.batches
INFO  [main] 2021-07-20 13:05:22,614 ColumnFamilyStore.java:385 - Initializing system.paxos
INFO  [main] 2021-07-20 13:05:22,622 ColumnFamilyStore.java:385 - Initializing system.local
INFO  [main] 2021-07-20 13:05:22,628 ColumnFamilyStore.java:385 - Initializing system.peers_v2
INFO  [main] 2021-07-20 13:05:22,634 ColumnFamilyStore.java:385 - Initializing system.peers
INFO  [main] 2021-07-20 13:05:22,640 ColumnFamilyStore.java:385 - Initializing system.peer_events_v2
INFO  [main] 2021-07-20 13:05:22,647 ColumnFamilyStore.java:385 - Initializing system.peer_events
INFO  [main] 2021-07-20 13:05:22,654 ColumnFamilyStore.java:385 - Initializing system.compaction_history
INFO  [main] 2021-07-20 13:05:22,662 ColumnFamilyStore.java:385 - Initializing system.sstable_activity
INFO  [main] 2021-07-20 13:05:22,668 ColumnFamilyStore.java:385 - Initializing system.size_estimates
INFO  [main] 2021-07-20 13:05:22,676 ColumnFamilyStore.java:385 - Initializing system.table_estimates
INFO  [main] 2021-07-20 13:05:22,684 ColumnFamilyStore.java:385 - Initializing system.available_ranges_v2
INFO  [main] 2021-07-20 13:05:22,690 ColumnFamilyStore.java:385 - Initializing system.available_ranges
INFO  [main] 2021-07-20 13:05:22,697 ColumnFamilyStore.java:385 - Initializing system.transferred_ranges_v2
INFO  [main] 2021-07-20 13:05:22,703 ColumnFamilyStore.java:385 - Initializing system.transferred_ranges
INFO  [main] 2021-07-20 13:05:22,714 ColumnFamilyStore.java:385 - Initializing system.view_builds_in_progress
INFO  [main] 2021-07-20 13:05:22,722 ColumnFamilyStore.java:385 - Initializing system.built_views
INFO  [main] 2021-07-20 13:05:22,731 ColumnFamilyStore.java:385 - Initializing system.prepared_statements
INFO  [main] 2021-07-20 13:05:22,739 ColumnFamilyStore.java:385 - Initializing system.repairs
INFO  [main] 2021-07-20 13:05:22,862 QueryProcessor.java:106 - Initialized prepared statement caches with 32 MB
INFO  [main] 2021-07-20 13:05:22,943 Keyspace.java:386 - Creating replication strategy system_schema params KeyspaceParams{durable_writes=true, replication=ReplicationParams{class=org.apache.cassandra.locator.LocalStrategy}}
INFO  [main] 2021-07-20 13:05:22,946 ColumnFamilyStore.java:385 - Initializing system_schema.keyspaces
INFO  [main] 2021-07-20 13:05:22,950 ColumnFamilyStore.java:385 - Initializing system_schema.tables
INFO  [main] 2021-07-20 13:05:22,954 ColumnFamilyStore.java:385 - Initializing system_schema.columns
INFO  [main] 2021-07-20 13:05:22,959 ColumnFamilyStore.java:385 - Initializing system_schema.triggers
INFO  [main] 2021-07-20 13:05:22,964 ColumnFamilyStore.java:385 - Initializing system_schema.dropped_columns
INFO  [main] 2021-07-20 13:05:22,968 ColumnFamilyStore.java:385 - Initializing system_schema.views
INFO  [main] 2021-07-20 13:05:22,972 ColumnFamilyStore.java:385 - Initializing system_schema.types
INFO  [main] 2021-07-20 13:05:22,976 ColumnFamilyStore.java:385 - Initializing system_schema.functions
INFO  [main] 2021-07-20 13:05:22,980 ColumnFamilyStore.java:385 - Initializing system_schema.aggregates
INFO  [main] 2021-07-20 13:05:22,984 ColumnFamilyStore.java:385 - Initializing system_schema.indexes
INFO  [main] 2021-07-20 13:05:23,034 SystemKeyspaceMigrator40.java:76 - system.peers_v2 table was empty, migrating legacy system.peers, if this fails you should fix the issue and then truncate system.peers_v2 to have it try again.
INFO  [main] 2021-07-20 13:05:23,040 SystemKeyspaceMigrator40.java:100 - Migrating rows from legacy system.peers to system.peers_v2
INFO  [main] 2021-07-20 13:05:23,042 SystemKeyspaceMigrator40.java:119 - Migrated 0 rows from legacy system.peers to system.peers_v2
INFO  [main] 2021-07-20 13:05:23,042 SystemKeyspaceMigrator40.java:129 - system.peer_events_v2 table was empty, migrating legacy system.peer_events to system.peer_events_v2
INFO  [main] 2021-07-20 13:05:23,043 SystemKeyspaceMigrator40.java:152 - Migrated 0 rows from legacy system.peer_events to system.peer_events_v2
INFO  [main] 2021-07-20 13:05:23,043 SystemKeyspaceMigrator40.java:162 - system.transferred_ranges_v2 table was empty, migrating legacy system.transferred_ranges to system.transferred_ranges_v2
INFO  [main] 2021-07-20 13:05:23,045 SystemKeyspaceMigrator40.java:190 - Migrated 0 rows from legacy system.transferred_ranges to system.transferred_ranges_v2
INFO  [main] 2021-07-20 13:05:23,045 SystemKeyspaceMigrator40.java:200 - system.available_ranges_v2 table was empty, migrating legacy system.available_ranges to system.available_ranges_v2
INFO  [main] 2021-07-20 13:05:23,046 SystemKeyspaceMigrator40.java:226 - Migrated 0 rows from legacy system.available_ranges to system.available_ranges_v2
INFO  [main] 2021-07-20 13:05:23,046 StorageService.java:836 - Populating token metadata from system tables
INFO  [main] 2021-07-20 13:05:23,110 StorageService.java:830 - Token metadata: 
INFO  [main] 2021-07-20 13:05:23,139 CacheService.java:100 - Initializing key cache with capacity of 100 MBs.
INFO  [main] 2021-07-20 13:05:23,147 CacheService.java:122 - Initializing row cache with capacity of 0 MBs
INFO  [main] 2021-07-20 13:05:23,148 CacheService.java:151 - Initializing counter cache with capacity of 50 MBs
INFO  [main] 2021-07-20 13:05:23,148 CacheService.java:162 - Scheduling counter cache save to every 7200 seconds (going to save all keys).
INFO  [main] 2021-07-20 13:05:23,165 CommitLog.java:168 - No commitlog files found; skipping replay
INFO  [main] 2021-07-20 13:05:23,165 StorageService.java:836 - Populating token metadata from system tables
INFO  [main] 2021-07-20 13:05:23,175 StorageService.java:830 - Token metadata: 
INFO  [main] 2021-07-20 13:05:23,260 ColumnFamilyStore.java:2242 - Truncating system.size_estimates
INFO  [main] 2021-07-20 13:05:23,278 ColumnFamilyStore.java:2279 - Truncating system.size_estimates with truncatedAt=1626786323263
INFO  [main] 2021-07-20 13:05:23,302 ColumnFamilyStore.java:878 - Enqueuing flush of local: 2.329KiB (0%) on-heap, 0.000KiB (0%) off-heap
INFO  [PerDiskMemtableFlushWriter_0:1] 2021-07-20 13:05:23,346 Memtable.java:469 - Writing Memtable-local@1448760440(0.431KiB serialized bytes, 3 ops, 0%/0% of on/off-heap limit), flushed range = (null, null]
INFO  [PerDiskMemtableFlushWriter_0:1] 2021-07-20 13:05:23,348 Memtable.java:498 - Completed flushing /home/nitsanw/profiling-workload/apache-cassandra-4.0-rc2/data/data/system/local-7ad54392bcdd35a684174e047860b377/nb-1-big-Data.db (0.226KiB) for commitlog position CommitLogPosition(segmentId=1626786321644, position=31193)
INFO  [MemtableFlushWriter:1] 2021-07-20 13:05:23,376 LogTransaction.java:240 - Unfinished transaction log, deleting /home/nitsanw/profiling-workload/apache-cassandra-4.0-rc2/data/data/system/local-7ad54392bcdd35a684174e047860b377/nb_txn_flush_24c3f590-e95b-11eb-89a6-ef6460acfa1f.log 
INFO  [main] 2021-07-20 13:05:23,385 ColumnFamilyStore.java:2306 - Truncate of system.size_estimates is complete
INFO  [main] 2021-07-20 13:05:23,385 ColumnFamilyStore.java:2242 - Truncating system.table_estimates
INFO  [main] 2021-07-20 13:05:23,386 ColumnFamilyStore.java:2279 - Truncating system.table_estimates with truncatedAt=1626786323386
INFO  [main] 2021-07-20 13:05:23,388 ColumnFamilyStore.java:878 - Enqueuing flush of local: 0.591KiB (0%) on-heap, 0.000KiB (0%) off-heap
INFO  [PerDiskMemtableFlushWriter_0:2] 2021-07-20 13:05:23,391 Memtable.java:469 - Writing Memtable-local@1479913845(0.091KiB serialized bytes, 1 ops, 0%/0% of on/off-heap limit), flushed range = (null, null]
INFO  [PerDiskMemtableFlushWriter_0:2] 2021-07-20 13:05:23,392 Memtable.java:498 - Completed flushing /home/nitsanw/profiling-workload/apache-cassandra-4.0-rc2/data/data/system/local-7ad54392bcdd35a684174e047860b377/nb-2-big-Data.db (0.063KiB) for commitlog position CommitLogPosition(segmentId=1626786321644, position=31304)
INFO  [MemtableFlushWriter:2] 2021-07-20 13:05:23,396 LogTransaction.java:240 - Unfinished transaction log, deleting /home/nitsanw/profiling-workload/apache-cassandra-4.0-rc2/data/data/system/local-7ad54392bcdd35a684174e047860b377/nb_txn_flush_24d09fc0-e95b-11eb-89a6-ef6460acfa1f.log 
INFO  [main] 2021-07-20 13:05:23,398 ColumnFamilyStore.java:2306 - Truncate of system.table_estimates is complete
INFO  [main] 2021-07-20 13:05:23,401 QueryProcessor.java:150 - Preloaded 0 prepared statements
INFO  [main] 2021-07-20 13:05:23,401 StorageService.java:734 - Cassandra version: 4.0-rc2
INFO  [main] 2021-07-20 13:05:23,401 StorageService.java:735 - CQL version: 3.4.5
INFO  [main] 2021-07-20 13:05:23,402 StorageService.java:736 - Native protocol supported versions: 3/v3, 4/v4, 5/v5, 6/v6-beta (default: 5/v5)
INFO  [main] 2021-07-20 13:05:23,425 IndexSummaryManager.java:87 - Initializing index summary manager with a memory pool size of 409 MB and a resize interval of 60 minutes
INFO  [main] 2021-07-20 13:05:23,426 StorageService.java:753 - Loading persisted ring state
INFO  [main] 2021-07-20 13:05:23,426 StorageService.java:836 - Populating token metadata from system tables
INFO  [main] 2021-07-20 13:05:23,445 BufferPools.java:49 - Global buffer pool limit is 512.000MiB for chunk-cache and 128.000MiB for networking
INFO  [main] 2021-07-20 13:05:23,549 InboundConnectionInitiator.java:127 - Listening on address: (localhost/127.0.0.1:7000), nic: lo, encryption: unencrypted
WARN  [main] 2021-07-20 13:05:23,589 SystemKeyspace.java:1130 - No host ID found, created af7760bf-3cd6-4fe5-8cd8-5309bd6be255 (Note: This should happen exactly once per node).
INFO  [main] 2021-07-20 13:05:23,602 StorageService.java:651 - Unable to gossip with any peers but continuing anyway since node is in its own seed list
INFO  [main] 2021-07-20 13:05:23,620 StorageService.java:958 - Starting up server gossip
INFO  [main] 2021-07-20 13:05:23,623 ColumnFamilyStore.java:878 - Enqueuing flush of local: 0.599KiB (0%) on-heap, 0.000KiB (0%) off-heap
INFO  [PerDiskMemtableFlushWriter_0:1] 2021-07-20 13:05:23,627 Memtable.java:469 - Writing Memtable-local@1940300143(0.079KiB serialized bytes, 2 ops, 0%/0% of on/off-heap limit), flushed range = (null, null]
INFO  [PerDiskMemtableFlushWriter_0:1] 2021-07-20 13:05:23,628 Memtable.java:498 - Completed flushing /home/nitsanw/profiling-workload/apache-cassandra-4.0-rc2/data/data/system/local-7ad54392bcdd35a684174e047860b377/nb-3-big-Data.db (0.048KiB) for commitlog position CommitLogPosition(segmentId=1626786321644, position=31452)
INFO  [MemtableFlushWriter:1] 2021-07-20 13:05:23,634 LogTransaction.java:240 - Unfinished transaction log, deleting /home/nitsanw/profiling-workload/apache-cassandra-4.0-rc2/data/data/system/local-7ad54392bcdd35a684174e047860b377/nb_txn_flush_24f4a280-e95b-11eb-89a6-ef6460acfa1f.log 
INFO  [main] 2021-07-20 13:05:23,673 StorageService.java:1048 - This node will not auto bootstrap because it is configured to be a seed node.
INFO  [main] 2021-07-20 13:05:53,682 NetworkTopologyStrategy.java:88 - Configured datacenter replicas are datacenter1:rf(3)
INFO  [main] 2021-07-20 13:05:53,684 TokenAllocatorFactory.java:44 - Using ReplicationAwareTokenAllocator.
INFO  [main] 2021-07-20 13:05:53,710 TokenAllocation.java:106 - Selected tokens [-5481402680465153293, 5727004828262929623, 916654869021030189, -8372447061849228131, -1680513879192127183, 3791331070079555606, 8238773674505545674, -3270518431706025821, -6560775487912754950, 2695289169844617317, -61490583495083886, 7167273058165512861, -4237882674784561319, 4882628180771767865, -9190118994461578926, -7296691180623648591]
INFO  [MigrationStage:1] 2021-07-20 13:05:53,741 ColumnFamilyStore.java:878 - Enqueuing flush of columns: 215.121KiB (0%) on-heap, 0.000KiB (0%) off-heap
INFO  [PerDiskMemtableFlushWriter_0:2] 2021-07-20 13:05:53,745 Memtable.java:469 - Writing Memtable-columns@1458721795(41.994KiB serialized bytes, 277 ops, 0%/0% of on/off-heap limit), flushed range = (null, null]
INFO  [PerDiskMemtableFlushWriter_0:2] 2021-07-20 13:05:53,758 Memtable.java:498 - Completed flushing /home/nitsanw/profiling-workload/apache-cassandra-4.0-rc2/data/data/system_schema/columns-24101c25a2ae3af787c1b40ee1aca33f/nb-1-big-Data.db (20.847KiB) for commitlog position CommitLogPosition(segmentId=1626786321644, position=42070)
INFO  [MemtableFlushWriter:2] 2021-07-20 13:05:53,769 LogTransaction.java:240 - Unfinished transaction log, deleting /home/nitsanw/profiling-workload/apache-cassandra-4.0-rc2/data/data/system_schema/columns-24101c25a2ae3af787c1b40ee1aca33f/nb_txn_flush_36e846e0-e95b-11eb-89a6-ef6460acfa1f.log 
INFO  [MigrationStage:1] 2021-07-20 13:05:53,771 ColumnFamilyStore.java:878 - Enqueuing flush of dropped_columns: 1.118KiB (0%) on-heap, 0.000KiB (0%) off-heap
INFO  [PerDiskMemtableFlushWriter_0:1] 2021-07-20 13:05:53,775 Memtable.java:469 - Writing Memtable-dropped_columns@159182692(0.120KiB serialized bytes, 3 ops, 0%/0% of on/off-heap limit), flushed range = (null, null]
INFO  [PerDiskMemtableFlushWriter_0:1] 2021-07-20 13:05:53,776 Memtable.java:498 - Completed flushing /home/nitsanw/profiling-workload/apache-cassandra-4.0-rc2/data/data/system_schema/dropped_columns-5e7583b5f3f43af19a39b7e1d6f5f11f/nb-1-big-Data.db (0.097KiB) for commitlog position CommitLogPosition(segmentId=1626786321644, position=42070)
INFO  [MemtableFlushWriter:1] 2021-07-20 13:05:53,781 LogTransaction.java:240 - Unfinished transaction log, deleting /home/nitsanw/profiling-workload/apache-cassandra-4.0-rc2/data/data/system_schema/dropped_columns-5e7583b5f3f43af19a39b7e1d6f5f11f/nb_txn_flush_36ecdac0-e95b-11eb-89a6-ef6460acfa1f.log 
INFO  [MigrationStage:1] 2021-07-20 13:05:53,782 ColumnFamilyStore.java:878 - Enqueuing flush of triggers: 0.511KiB (0%) on-heap, 0.000KiB (0%) off-heap
INFO  [PerDiskMemtableFlushWriter_0:2] 2021-07-20 13:05:53,785 Memtable.java:469 - Writing Memtable-triggers@1389222405(0.016KiB serialized bytes, 2 ops, 0%/0% of on/off-heap limit), flushed range = (null, null]
INFO  [PerDiskMemtableFlushWriter_0:2] 2021-07-20 13:05:53,786 Memtable.java:498 - Completed flushing /home/nitsanw/profiling-workload/apache-cassandra-4.0-rc2/data/data/system_schema/triggers-4df70b666b05325195a132b54005fd48/nb-1-big-Data.db (0.048KiB) for commitlog position CommitLogPosition(segmentId=1626786321644, position=42070)
INFO  [MemtableFlushWriter:2] 2021-07-20 13:05:53,791 LogTransaction.java:240 - Unfinished transaction log, deleting /home/nitsanw/profiling-workload/apache-cassandra-4.0-rc2/data/data/system_schema/triggers-4df70b666b05325195a132b54005fd48/nb_txn_flush_36ee8870-e95b-11eb-89a6-ef6460acfa1f.log 
INFO  [MigrationStage:1] 2021-07-20 13:05:53,792 ColumnFamilyStore.java:878 - Enqueuing flush of types: 0.511KiB (0%) on-heap, 0.000KiB (0%) off-heap
INFO  [PerDiskMemtableFlushWriter_0:1] 2021-07-20 13:05:53,795 Memtable.java:469 - Writing Memtable-types@2047503186(0.016KiB serialized bytes, 2 ops, 0%/0% of on/off-heap limit), flushed range = (null, null]
INFO  [PerDiskMemtableFlushWriter_0:1] 2021-07-20 13:05:53,796 Memtable.java:498 - Completed flushing /home/nitsanw/profiling-workload/apache-cassandra-4.0-rc2/data/data/system_schema/types-5a8b1ca866023f77a0459273d308917a/nb-1-big-Data.db (0.048KiB) for commitlog position CommitLogPosition(segmentId=1626786321644, position=42070)
INFO  [MemtableFlushWriter:1] 2021-07-20 13:05:53,801 LogTransaction.java:240 - Unfinished transaction log, deleting /home/nitsanw/profiling-workload/apache-cassandra-4.0-rc2/data/data/system_schema/types-5a8b1ca866023f77a0459273d308917a/nb_txn_flush_36f00f10-e95b-11eb-89a6-ef6460acfa1f.log 
INFO  [MigrationStage:1] 2021-07-20 13:05:53,802 ColumnFamilyStore.java:878 - Enqueuing flush of functions: 0.511KiB (0%) on-heap, 0.000KiB (0%) off-heap
INFO  [PerDiskMemtableFlushWriter_0:2] 2021-07-20 13:05:53,805 Memtable.java:469 - Writing Memtable-functions@399466040(0.016KiB serialized bytes, 2 ops, 0%/0% of on/off-heap limit), flushed range = (null, null]
INFO  [PerDiskMemtableFlushWriter_0:2] 2021-07-20 13:05:53,806 Memtable.java:498 - Completed flushing /home/nitsanw/profiling-workload/apache-cassandra-4.0-rc2/data/data/system_schema/functions-96489b7980be3e14a70166a0b9159450/nb-1-big-Data.db (0.048KiB) for commitlog position CommitLogPosition(segmentId=1626786321644, position=42070)
INFO  [MemtableFlushWriter:2] 2021-07-20 13:05:53,811 LogTransaction.java:240 - Unfinished transaction log, deleting /home/nitsanw/profiling-workload/apache-cassandra-4.0-rc2/data/data/system_schema/functions-96489b7980be3e14a70166a0b9159450/nb_txn_flush_36f16ea0-e95b-11eb-89a6-ef6460acfa1f.log 
INFO  [MigrationStage:1] 2021-07-20 13:05:53,813 ColumnFamilyStore.java:878 - Enqueuing flush of aggregates: 0.511KiB (0%) on-heap, 0.000KiB (0%) off-heap
INFO  [PerDiskMemtableFlushWriter_0:1] 2021-07-20 13:05:53,816 Memtable.java:469 - Writing Memtable-aggregates@1464448156(0.016KiB serialized bytes, 2 ops, 0%/0% of on/off-heap limit), flushed range = (null, null]
INFO  [PerDiskMemtableFlushWriter_0:1] 2021-07-20 13:05:53,816 Memtable.java:498 - Completed flushing /home/nitsanw/profiling-workload/apache-cassandra-4.0-rc2/data/data/system_schema/aggregates-924c55872e3a345bb10c12f37c1ba895/nb-1-big-Data.db (0.048KiB) for commitlog position CommitLogPosition(segmentId=1626786321644, position=42070)
INFO  [MemtableFlushWriter:1] 2021-07-20 13:05:53,821 LogTransaction.java:240 - Unfinished transaction log, deleting /home/nitsanw/profiling-workload/apache-cassandra-4.0-rc2/data/data/system_schema/aggregates-924c55872e3a345bb10c12f37c1ba895/nb_txn_flush_36f31c50-e95b-11eb-89a6-ef6460acfa1f.log 
INFO  [MigrationStage:1] 2021-07-20 13:05:53,822 ColumnFamilyStore.java:878 - Enqueuing flush of indexes: 0.511KiB (0%) on-heap, 0.000KiB (0%) off-heap
INFO  [PerDiskMemtableFlushWriter_0:2] 2021-07-20 13:05:53,825 Memtable.java:469 - Writing Memtable-indexes@1644493741(0.016KiB serialized bytes, 2 ops, 0%/0% of on/off-heap limit), flushed range = (null, null]
INFO  [PerDiskMemtableFlushWriter_0:2] 2021-07-20 13:05:53,826 Memtable.java:498 - Completed flushing /home/nitsanw/profiling-workload/apache-cassandra-4.0-rc2/data/data/system_schema/indexes-0feb57ac311f382fba6d9024d305702f/nb-1-big-Data.db (0.048KiB) for commitlog position CommitLogPosition(segmentId=1626786321644, position=42078)
INFO  [MemtableFlushWriter:2] 2021-07-20 13:05:53,830 LogTransaction.java:240 - Unfinished transaction log, deleting /home/nitsanw/profiling-workload/apache-cassandra-4.0-rc2/data/data/system_schema/indexes-0feb57ac311f382fba6d9024d305702f/nb_txn_flush_36f4a2f0-e95b-11eb-89a6-ef6460acfa1f.log 
INFO  [MigrationStage:1] 2021-07-20 13:05:53,832 ColumnFamilyStore.java:878 - Enqueuing flush of tables: 98.906KiB (0%) on-heap, 0.000KiB (0%) off-heap
INFO  [PerDiskMemtableFlushWriter_0:1] 2021-07-20 13:05:53,834 Memtable.java:469 - Writing Memtable-tables@295881411(28.858KiB serialized bytes, 42 ops, 0%/0% of on/off-heap limit), flushed range = (null, null]
INFO  [PerDiskMemtableFlushWriter_0:1] 2021-07-20 13:05:53,837 Memtable.java:498 - Completed flushing /home/nitsanw/profiling-workload/apache-cassandra-4.0-rc2/data/data/system_schema/tables-afddfb9dbc1e30688056eed6c302ba09/nb-1-big-Data.db (17.879KiB) for commitlog position CommitLogPosition(segmentId=1626786321644, position=42078)
INFO  [MemtableFlushWriter:1] 2021-07-20 13:05:53,843 LogTransaction.java:240 - Unfinished transaction log, deleting /home/nitsanw/profiling-workload/apache-cassandra-4.0-rc2/data/data/system_schema/tables-afddfb9dbc1e30688056eed6c302ba09/nb_txn_flush_36f60280-e95b-11eb-89a6-ef6460acfa1f.log 
INFO  [MigrationStage:1] 2021-07-20 13:05:53,844 ColumnFamilyStore.java:878 - Enqueuing flush of views: 0.511KiB (0%) on-heap, 0.000KiB (0%) off-heap
INFO  [PerDiskMemtableFlushWriter_0:2] 2021-07-20 13:05:53,847 Memtable.java:469 - Writing Memtable-views@647162274(0.016KiB serialized bytes, 2 ops, 0%/0% of on/off-heap limit), flushed range = (null, null]
INFO  [PerDiskMemtableFlushWriter_0:2] 2021-07-20 13:05:53,848 Memtable.java:498 - Completed flushing /home/nitsanw/profiling-workload/apache-cassandra-4.0-rc2/data/data/system_schema/views-9786ac1cdd583201a7cdad556410c985/nb-1-big-Data.db (0.048KiB) for commitlog position CommitLogPosition(segmentId=1626786321644, position=42078)
INFO  [MemtableFlushWriter:2] 2021-07-20 13:05:53,852 LogTransaction.java:240 - Unfinished transaction log, deleting /home/nitsanw/profiling-workload/apache-cassandra-4.0-rc2/data/data/system_schema/views-9786ac1cdd583201a7cdad556410c985/nb_txn_flush_36f7d740-e95b-11eb-89a6-ef6460acfa1f.log 
INFO  [MigrationStage:1] 2021-07-20 13:05:53,854 ColumnFamilyStore.java:878 - Enqueuing flush of keyspaces: 3.321KiB (0%) on-heap, 0.000KiB (0%) off-heap
INFO  [PerDiskMemtableFlushWriter_0:1] 2021-07-20 13:05:53,857 Memtable.java:469 - Writing Memtable-keyspaces@2144010332(0.673KiB serialized bytes, 7 ops, 0%/0% of on/off-heap limit), flushed range = (null, null]
INFO  [PerDiskMemtableFlushWriter_0:1] 2021-07-20 13:05:53,857 Memtable.java:498 - Completed flushing /home/nitsanw/profiling-workload/apache-cassandra-4.0-rc2/data/data/system_schema/keyspaces-abac5682dea631c5b535b3d6cffd0fb6/nb-1-big-Data.db (0.556KiB) for commitlog position CommitLogPosition(segmentId=1626786321644, position=42078)
INFO  [MemtableFlushWriter:1] 2021-07-20 13:05:53,862 LogTransaction.java:240 - Unfinished transaction log, deleting /home/nitsanw/profiling-workload/apache-cassandra-4.0-rc2/data/data/system_schema/keyspaces-abac5682dea631c5b535b3d6cffd0fb6/nb_txn_flush_36f95de0-e95b-11eb-89a6-ef6460acfa1f.log 
INFO  [MigrationStage:1] 2021-07-20 13:05:53,931 Keyspace.java:386 - Creating replication strategy system_auth params KeyspaceParams{durable_writes=true, replication=ReplicationParams{class=org.apache.cassandra.locator.SimpleStrategy, replication_factor=1}}
INFO  [MigrationStage:1] 2021-07-20 13:05:53,933 ColumnFamilyStore.java:385 - Initializing system_auth.network_permissions
INFO  [MigrationStage:1] 2021-07-20 13:05:53,937 ColumnFamilyStore.java:385 - Initializing system_auth.resource_role_permissons_index
INFO  [MigrationStage:1] 2021-07-20 13:05:53,941 ColumnFamilyStore.java:385 - Initializing system_auth.role_members
INFO  [MigrationStage:1] 2021-07-20 13:05:53,945 ColumnFamilyStore.java:385 - Initializing system_auth.role_permissions
INFO  [MigrationStage:1] 2021-07-20 13:05:53,948 ColumnFamilyStore.java:385 - Initializing system_auth.roles
INFO  [MigrationStage:1] 2021-07-20 13:05:53,953 Keyspace.java:386 - Creating replication strategy system_distributed params KeyspaceParams{durable_writes=true, replication=ReplicationParams{class=org.apache.cassandra.locator.SimpleStrategy, replication_factor=3}}
INFO  [MigrationStage:1] 2021-07-20 13:05:53,955 ColumnFamilyStore.java:385 - Initializing system_distributed.parent_repair_history
INFO  [MigrationStage:1] 2021-07-20 13:05:53,958 ColumnFamilyStore.java:385 - Initializing system_distributed.repair_history
INFO  [MigrationStage:1] 2021-07-20 13:05:53,962 ColumnFamilyStore.java:385 - Initializing system_distributed.view_build_status
INFO  [MigrationStage:1] 2021-07-20 13:05:53,965 Keyspace.java:386 - Creating replication strategy system_traces params KeyspaceParams{durable_writes=true, replication=ReplicationParams{class=org.apache.cassandra.locator.SimpleStrategy, replication_factor=2}}
INFO  [MigrationStage:1] 2021-07-20 13:05:53,966 ColumnFamilyStore.java:385 - Initializing system_traces.events
INFO  [MigrationStage:1] 2021-07-20 13:05:53,969 ColumnFamilyStore.java:385 - Initializing system_traces.sessions
INFO  [main] 2021-07-20 13:05:53,993 StorageService.java:1619 - JOINING: Finish joining ring
INFO  [main] 2021-07-20 13:05:53,996 ColumnFamilyStore.java:878 - Enqueuing flush of local: 0.619KiB (0%) on-heap, 0.000KiB (0%) off-heap
INFO  [PerDiskMemtableFlushWriter_0:2] 2021-07-20 13:05:53,999 Memtable.java:469 - Writing Memtable-local@447943303(0.084KiB serialized bytes, 3 ops, 0%/0% of on/off-heap limit), flushed range = (null, null]
INFO  [PerDiskMemtableFlushWriter_0:2] 2021-07-20 13:05:54,000 Memtable.java:498 - Completed flushing /home/nitsanw/profiling-workload/apache-cassandra-4.0-rc2/data/data/system/local-7ad54392bcdd35a684174e047860b377/nb-4-big-Data.db (0.058KiB) for commitlog position CommitLogPosition(segmentId=1626786321644, position=42234)
INFO  [MemtableFlushWriter:2] 2021-07-20 13:05:54,005 LogTransaction.java:240 - Unfinished transaction log, deleting /home/nitsanw/profiling-workload/apache-cassandra-4.0-rc2/data/data/system/local-7ad54392bcdd35a684174e047860b377/nb_txn_flush_370f08c0-e95b-11eb-89a6-ef6460acfa1f.log 
INFO  [main] 2021-07-20 13:05:54,013 ColumnFamilyStore.java:878 - Enqueuing flush of local: 3.103KiB (0%) on-heap, 0.000KiB (0%) off-heap
INFO  [PerDiskMemtableFlushWriter_0:1] 2021-07-20 13:05:54,016 Memtable.java:469 - Writing Memtable-local@1446159372(0.593KiB serialized bytes, 1 ops, 0%/0% of on/off-heap limit), flushed range = (null, null]
INFO  [PerDiskMemtableFlushWriter_0:1] 2021-07-20 13:05:54,017 Memtable.java:498 - Completed flushing /home/nitsanw/profiling-workload/apache-cassandra-4.0-rc2/data/data/system/local-7ad54392bcdd35a684174e047860b377/nb-5-big-Data.db (0.361KiB) for commitlog position CommitLogPosition(segmentId=1626786321644, position=42639)
INFO  [MemtableFlushWriter:1] 2021-07-20 13:05:54,022 LogTransaction.java:240 - Unfinished transaction log, deleting /home/nitsanw/profiling-workload/apache-cassandra-4.0-rc2/data/data/system/local-7ad54392bcdd35a684174e047860b377/nb_txn_flush_3711c7e0-e95b-11eb-89a6-ef6460acfa1f.log 
INFO  [main] 2021-07-20 13:05:54,031 StorageService.java:2737 - Node localhost/127.0.0.1:7000 state jump to NORMAL
INFO  [main] 2021-07-20 13:05:54,059 NativeTransportService.java:130 - Using Netty Version: [netty-buffer=netty-buffer-4.1.58.Final.10b03e6, netty-codec=netty-codec-4.1.58.Final.10b03e6, netty-codec-dns=netty-codec-dns-4.1.58.Final.10b03e6, netty-codec-haproxy=netty-codec-haproxy-4.1.58.Final.10b03e6, netty-codec-http=netty-codec-http-4.1.58.Final.10b03e6, netty-codec-http2=netty-codec-http2-4.1.58.Final.10b03e6, netty-codec-memcache=netty-codec-memcache-4.1.58.Final.10b03e6, netty-codec-mqtt=netty-codec-mqtt-4.1.58.Final.10b03e6, netty-codec-redis=netty-codec-redis-4.1.58.Final.10b03e6, netty-codec-smtp=netty-codec-smtp-4.1.58.Final.10b03e6, netty-codec-socks=netty-codec-socks-4.1.58.Final.10b03e6, netty-codec-stomp=netty-codec-stomp-4.1.58.Final.10b03e6, netty-codec-xml=netty-codec-xml-4.1.58.Final.10b03e6, netty-common=netty-common-4.1.58.Final.10b03e6, netty-handler=netty-handler-4.1.58.Final.10b03e6, netty-handler-proxy=netty-handler-proxy-4.1.58.Final.10b03e6, netty-resolver=netty-resolver-4.1.58.Final.10b03e6, netty-resolver-dns=netty-resolver-dns-4.1.58.Final.10b03e6, netty-resolver-dns-native-macos=netty-resolver-dns-native-macos-4.1.58.Final.10b03e65f1, netty-transport=netty-transport-4.1.58.Final.10b03e6, netty-transport-native-epoll=netty-transport-native-epoll-4.1.58.Final.10b03e6, netty-transport-native-kqueue=netty-transport-native-kqueue-4.1.58.Final.10b03e65f1, netty-transport-native-unix-common=netty-transport-native-unix-common-4.1.58.Final.10b03e6, netty-transport-rxtx=netty-transport-rxtx-4.1.58.Final.10b03e6, netty-transport-sctp=netty-transport-sctp-4.1.58.Final.10b03e6, netty-transport-udt=netty-transport-udt-4.1.58.Final.10b03e6]
INFO  [CompactionExecutor:2] 2021-07-20 13:05:54,062 CompactionTask.java:150 - Compacting (3717e260-e95b-11eb-89a6-ef6460acfa1f) [/home/nitsanw/profiling-workload/apache-cassandra-4.0-rc2/data/data/system/local-7ad54392bcdd35a684174e047860b377/nb-5-big-Data.db:level=0, /home/nitsanw/profiling-workload/apache-cassandra-4.0-rc2/data/data/system/local-7ad54392bcdd35a684174e047860b377/nb-4-big-Data.db:level=0, /home/nitsanw/profiling-workload/apache-cassandra-4.0-rc2/data/data/system/local-7ad54392bcdd35a684174e047860b377/nb-2-big-Data.db:level=0, /home/nitsanw/profiling-workload/apache-cassandra-4.0-rc2/data/data/system/local-7ad54392bcdd35a684174e047860b377/nb-1-big-Data.db:level=0, /home/nitsanw/profiling-workload/apache-cassandra-4.0-rc2/data/data/system/local-7ad54392bcdd35a684174e047860b377/nb-3-big-Data.db:level=0, ]
INFO  [main] 2021-07-20 13:05:54,075 NativeTransportService.java:68 - Netty using native Epoll event loop
INFO  [CompactionExecutor:2] 2021-07-20 13:05:54,101 CompactionTask.java:245 - Compacted (3717e260-e95b-11eb-89a6-ef6460acfa1f) 5 sstables to [/home/nitsanw/profiling-workload/apache-cassandra-4.0-rc2/data/data/system/local-7ad54392bcdd35a684174e047860b377/nb-6-big,] to level=0.  0.771KiB to 0.643KiB (~83% of original) in 37ms.  Read Throughput = 20.689KiB/s, Write Throughput = 17.254KiB/s, Row Throughput = ~2/s.  5 total partitions merged to 1.  Partition merge counts were {5:1, }
INFO  [main] 2021-07-20 13:05:54,102 PipelineConfigurator.java:124 - Using Netty Version: [netty-buffer=netty-buffer-4.1.58.Final.10b03e6, netty-codec=netty-codec-4.1.58.Final.10b03e6, netty-codec-dns=netty-codec-dns-4.1.58.Final.10b03e6, netty-codec-haproxy=netty-codec-haproxy-4.1.58.Final.10b03e6, netty-codec-http=netty-codec-http-4.1.58.Final.10b03e6, netty-codec-http2=netty-codec-http2-4.1.58.Final.10b03e6, netty-codec-memcache=netty-codec-memcache-4.1.58.Final.10b03e6, netty-codec-mqtt=netty-codec-mqtt-4.1.58.Final.10b03e6, netty-codec-redis=netty-codec-redis-4.1.58.Final.10b03e6, netty-codec-smtp=netty-codec-smtp-4.1.58.Final.10b03e6, netty-codec-socks=netty-codec-socks-4.1.58.Final.10b03e6, netty-codec-stomp=netty-codec-stomp-4.1.58.Final.10b03e6, netty-codec-xml=netty-codec-xml-4.1.58.Final.10b03e6, netty-common=netty-common-4.1.58.Final.10b03e6, netty-handler=netty-handler-4.1.58.Final.10b03e6, netty-handler-proxy=netty-handler-proxy-4.1.58.Final.10b03e6, netty-resolver=netty-resolver-4.1.58.Final.10b03e6, netty-resolver-dns=netty-resolver-dns-4.1.58.Final.10b03e6, netty-resolver-dns-native-macos=netty-resolver-dns-native-macos-4.1.58.Final.10b03e65f1, netty-transport=netty-transport-4.1.58.Final.10b03e6, netty-transport-native-epoll=netty-transport-native-epoll-4.1.58.Final.10b03e6, netty-transport-native-kqueue=netty-transport-native-kqueue-4.1.58.Final.10b03e65f1, netty-transport-native-unix-common=netty-transport-native-unix-common-4.1.58.Final.10b03e6, netty-transport-rxtx=netty-transport-rxtx-4.1.58.Final.10b03e6, netty-transport-sctp=netty-transport-sctp-4.1.58.Final.10b03e6, netty-transport-udt=netty-transport-udt-4.1.58.Final.10b03e6]
INFO  [main] 2021-07-20 13:05:54,102 PipelineConfigurator.java:125 - Starting listening for CQL clients on localhost/127.0.0.1:9042 (unencrypted)...
INFO  [NonPeriodicTasks:1] 2021-07-20 13:05:54,102 SSTable.java:111 - Deleting sstable: /home/nitsanw/profiling-workload/apache-cassandra-4.0-rc2/data/data/system/local-7ad54392bcdd35a684174e047860b377/nb-3-big
INFO  [NonPeriodicTasks:1] 2021-07-20 13:05:54,104 SSTable.java:111 - Deleting sstable: /home/nitsanw/profiling-workload/apache-cassandra-4.0-rc2/data/data/system/local-7ad54392bcdd35a684174e047860b377/nb-5-big
INFO  [main] 2021-07-20 13:05:54,106 CassandraDaemon.java:780 - Startup complete
INFO  [NonPeriodicTasks:1] 2021-07-20 13:05:54,106 SSTable.java:111 - Deleting sstable: /home/nitsanw/profiling-workload/apache-cassandra-4.0-rc2/data/data/system/local-7ad54392bcdd35a684174e047860b377/nb-4-big
INFO  [NonPeriodicTasks:1] 2021-07-20 13:05:54,107 SSTable.java:111 - Deleting sstable: /home/nitsanw/profiling-workload/apache-cassandra-4.0-rc2/data/data/system/local-7ad54392bcdd35a684174e047860b377/nb-2-big
INFO  [NonPeriodicTasks:1] 2021-07-20 13:05:54,109 SSTable.java:111 - Deleting sstable: /home/nitsanw/profiling-workload/apache-cassandra-4.0-rc2/data/data/system/local-7ad54392bcdd35a684174e047860b377/nb-1-big
WARN  [MigrationStage:1] 2021-07-20 13:05:56,178 SimpleStrategy.java:116 - Your replication factor 3 for keyspace keyspace1 is higher than the number of nodes 1
INFO  [MigrationStage:1] 2021-07-20 13:05:56,182 ColumnFamilyStore.java:878 - Enqueuing flush of keyspaces: 0.653KiB (0%) on-heap, 0.000KiB (0%) off-heap
INFO  [PerDiskMemtableFlushWriter_0:2] 2021-07-20 13:05:56,185 Memtable.java:469 - Writing Memtable-keyspaces@2011210103(0.146KiB serialized bytes, 1 ops, 0%/0% of on/off-heap limit), flushed range = (min(-9223372036854775808), max(9223372036854775807)]
INFO  [PerDiskMemtableFlushWriter_0:2] 2021-07-20 13:05:56,186 Memtable.java:498 - Completed flushing /home/nitsanw/profiling-workload/apache-cassandra-4.0-rc2/data/data/system_schema/keyspaces-abac5682dea631c5b535b3d6cffd0fb6/nb-2-big-Data.db (0.116KiB) for commitlog position CommitLogPosition(segmentId=1626786321644, position=43393)
INFO  [MigrationStage:1] 2021-07-20 13:05:56,192 Keyspace.java:386 - Creating replication strategy keyspace1 params KeyspaceParams{durable_writes=true, replication=ReplicationParams{class=org.apache.cassandra.locator.SimpleStrategy, replication_factor=3}}
INFO  [MigrationStage:1] 2021-07-20 13:05:56,245 ColumnFamilyStore.java:878 - Enqueuing flush of columns: 4.786KiB (0%) on-heap, 0.000KiB (0%) off-heap
INFO  [PerDiskMemtableFlushWriter_0:1] 2021-07-20 13:05:56,249 Memtable.java:469 - Writing Memtable-columns@1287980802(0.795KiB serialized bytes, 6 ops, 0%/0% of on/off-heap limit), flushed range = (min(-9223372036854775808), max(9223372036854775807)]
INFO  [PerDiskMemtableFlushWriter_0:1] 2021-07-20 13:05:56,249 Memtable.java:498 - Completed flushing /home/nitsanw/profiling-workload/apache-cassandra-4.0-rc2/data/data/system_schema/columns-24101c25a2ae3af787c1b40ee1aca33f/nb-2-big-Data.db (0.313KiB) for commitlog position CommitLogPosition(segmentId=1626786321644, position=44714)
INFO  [MigrationStage:1] 2021-07-20 13:05:56,256 ColumnFamilyStore.java:878 - Enqueuing flush of tables: 2.588KiB (0%) on-heap, 0.000KiB (0%) off-heap
INFO  [PerDiskMemtableFlushWriter_0:2] 2021-07-20 13:05:56,259 Memtable.java:469 - Writing Memtable-tables@59950497(0.627KiB serialized bytes, 1 ops, 0%/0% of on/off-heap limit), flushed range = (min(-9223372036854775808), max(9223372036854775807)]
INFO  [PerDiskMemtableFlushWriter_0:2] 2021-07-20 13:05:56,260 Memtable.java:498 - Completed flushing /home/nitsanw/profiling-workload/apache-cassandra-4.0-rc2/data/data/system_schema/tables-afddfb9dbc1e30688056eed6c302ba09/nb-2-big-Data.db (0.358KiB) for commitlog position CommitLogPosition(segmentId=1626786321644, position=44714)
INFO  [MigrationStage:1] 2021-07-20 13:05:56,266 ColumnFamilyStore.java:878 - Enqueuing flush of keyspaces: 0.653KiB (0%) on-heap, 0.000KiB (0%) off-heap
INFO  [PerDiskMemtableFlushWriter_0:1] 2021-07-20 13:05:56,269 Memtable.java:469 - Writing Memtable-keyspaces@1261844619(0.146KiB serialized bytes, 1 ops, 0%/0% of on/off-heap limit), flushed range = (min(-9223372036854775808), max(9223372036854775807)]
INFO  [PerDiskMemtableFlushWriter_0:1] 2021-07-20 13:05:56,269 Memtable.java:498 - Completed flushing /home/nitsanw/profiling-workload/apache-cassandra-4.0-rc2/data/data/system_schema/keyspaces-abac5682dea631c5b535b3d6cffd0fb6/nb-3-big-Data.db (0.116KiB) for commitlog position CommitLogPosition(segmentId=1626786321644, position=44714)
INFO  [MigrationStage:1] 2021-07-20 13:05:56,275 Keyspace.java:386 - Creating replication strategy keyspace1 params KeyspaceParams{durable_writes=true, replication=ReplicationParams{class=org.apache.cassandra.locator.SimpleStrategy, replication_factor=3}}
INFO  [MigrationStage:1] 2021-07-20 13:05:56,278 ColumnFamilyStore.java:385 - Initializing keyspace1.standard1
INFO  [MigrationStage:1] 2021-07-20 13:05:56,310 ColumnFamilyStore.java:878 - Enqueuing flush of columns: 4.795KiB (0%) on-heap, 0.000KiB (0%) off-heap
INFO  [PerDiskMemtableFlushWriter_0:2] 2021-07-20 13:05:56,313 Memtable.java:469 - Writing Memtable-columns@28825726(0.804KiB serialized bytes, 6 ops, 0%/0% of on/off-heap limit), flushed range = (min(-9223372036854775808), max(9223372036854775807)]
INFO  [PerDiskMemtableFlushWriter_0:2] 2021-07-20 13:05:56,313 Memtable.java:498 - Completed flushing /home/nitsanw/profiling-workload/apache-cassandra-4.0-rc2/data/data/system_schema/columns-24101c25a2ae3af787c1b40ee1aca33f/nb-3-big-Data.db (0.321KiB) for commitlog position CommitLogPosition(segmentId=1626786321644, position=46046)
INFO  [MigrationStage:1] 2021-07-20 13:05:56,320 ColumnFamilyStore.java:878 - Enqueuing flush of tables: 2.598KiB (0%) on-heap, 0.000KiB (0%) off-heap
INFO  [PerDiskMemtableFlushWriter_0:1] 2021-07-20 13:05:56,322 Memtable.java:469 - Writing Memtable-tables@1826097233(0.637KiB serialized bytes, 1 ops, 0%/0% of on/off-heap limit), flushed range = (min(-9223372036854775808), max(9223372036854775807)]
INFO  [PerDiskMemtableFlushWriter_0:1] 2021-07-20 13:05:56,323 Memtable.java:498 - Completed flushing /home/nitsanw/profiling-workload/apache-cassandra-4.0-rc2/data/data/system_schema/tables-afddfb9dbc1e30688056eed6c302ba09/nb-3-big-Data.db (0.368KiB) for commitlog position CommitLogPosition(segmentId=1626786321644, position=46054)
INFO  [MigrationStage:1] 2021-07-20 13:05:56,329 ColumnFamilyStore.java:878 - Enqueuing flush of keyspaces: 0.653KiB (0%) on-heap, 0.000KiB (0%) off-heap
INFO  [PerDiskMemtableFlushWriter_0:2] 2021-07-20 13:05:56,331 Memtable.java:469 - Writing Memtable-keyspaces@1940797990(0.146KiB serialized bytes, 1 ops, 0%/0% of on/off-heap limit), flushed range = (min(-9223372036854775808), max(9223372036854775807)]
INFO  [PerDiskMemtableFlushWriter_0:2] 2021-07-20 13:05:56,332 Memtable.java:498 - Completed flushing /home/nitsanw/profiling-workload/apache-cassandra-4.0-rc2/data/data/system_schema/keyspaces-abac5682dea631c5b535b3d6cffd0fb6/nb-4-big-Data.db (0.116KiB) for commitlog position CommitLogPosition(segmentId=1626786321644, position=46054)
INFO  [MigrationStage:1] 2021-07-20 13:05:56,337 Keyspace.java:386 - Creating replication strategy keyspace1 params KeyspaceParams{durable_writes=true, replication=ReplicationParams{class=org.apache.cassandra.locator.SimpleStrategy, replication_factor=3}}
INFO  [CompactionExecutor:2] 2021-07-20 13:05:56,337 CompactionTask.java:150 - Compacting (38743e10-e95b-11eb-89a6-ef6460acfa1f) [/home/nitsanw/profiling-workload/apache-cassandra-4.0-rc2/data/data/system_schema/keyspaces-abac5682dea631c5b535b3d6cffd0fb6/nb-1-big-Data.db:level=0, /home/nitsanw/profiling-workload/apache-cassandra-4.0-rc2/data/data/system_schema/keyspaces-abac5682dea631c5b535b3d6cffd0fb6/nb-4-big-Data.db:level=0, /home/nitsanw/profiling-workload/apache-cassandra-4.0-rc2/data/data/system_schema/keyspaces-abac5682dea631c5b535b3d6cffd0fb6/nb-3-big-Data.db:level=0, /home/nitsanw/profiling-workload/apache-cassandra-4.0-rc2/data/data/system_schema/keyspaces-abac5682dea631c5b535b3d6cffd0fb6/nb-2-big-Data.db:level=0, ]
INFO  [MigrationStage:1] 2021-07-20 13:05:56,339 ColumnFamilyStore.java:385 - Initializing keyspace1.counter1
INFO  [CompactionExecutor:2] 2021-07-20 13:05:56,351 CompactionTask.java:245 - Compacted (38743e10-e95b-11eb-89a6-ef6460acfa1f) 4 sstables to [/home/nitsanw/profiling-workload/apache-cassandra-4.0-rc2/data/data/system_schema/keyspaces-abac5682dea631c5b535b3d6cffd0fb6/nb-5-big,] to level=0.  0.614KiB to 0.274KiB (~44% of original) in 13ms.  Read Throughput = 46.768KiB/s, Write Throughput = 20.893KiB/s, Row Throughput = ~12/s.  8 total partitions merged to 6.  Partition merge counts were {1:5, 3:1, }
INFO  [NonPeriodicTasks:1] 2021-07-20 13:05:56,352 SSTable.java:111 - Deleting sstable: /home/nitsanw/profiling-workload/apache-cassandra-4.0-rc2/data/data/system_schema/keyspaces-abac5682dea631c5b535b3d6cffd0fb6/nb-1-big
INFO  [NonPeriodicTasks:1] 2021-07-20 13:05:56,353 SSTable.java:111 - Deleting sstable: /home/nitsanw/profiling-workload/apache-cassandra-4.0-rc2/data/data/system_schema/keyspaces-abac5682dea631c5b535b3d6cffd0fb6/nb-4-big
INFO  [NonPeriodicTasks:1] 2021-07-20 13:05:56,355 SSTable.java:111 - Deleting sstable: /home/nitsanw/profiling-workload/apache-cassandra-4.0-rc2/data/data/system_schema/keyspaces-abac5682dea631c5b535b3d6cffd0fb6/nb-3-big
INFO  [NonPeriodicTasks:1] 2021-07-20 13:05:56,356 SSTable.java:111 - Deleting sstable: /home/nitsanw/profiling-workload/apache-cassandra-4.0-rc2/data/data/system_schema/keyspaces-abac5682dea631c5b535b3d6cffd0fb6/nb-2-big
INFO  [OptionalTasks:1] 2021-07-20 13:06:04,339 CassandraRoleManager.java:338 - Created default superuser role 'cassandra'
INFO  [SlabPoolCleaner] 2021-07-20 13:06:08,032 ColumnFamilyStore.java:878 - Enqueuing flush of standard1: 682.776MiB (33%) on-heap, 0.000KiB (0%) off-heap
INFO  [PerDiskMemtableFlushWriter_0:1] 2021-07-20 13:06:08,838 Memtable.java:469 - Writing Memtable-standard1@797557506(183.836MiB serialized bytes, 740917 ops, 33%/0% of on/off-heap limit), flushed range = (min(-9223372036854775808), max(9223372036854775807)]
INFO  [SlabPoolCleaner] 2021-07-20 13:06:12,613 ColumnFamilyStore.java:878 - Enqueuing flush of standard1: 682.793MiB (33%) on-heap, 0.000KiB (0%) off-heap
INFO  [PerDiskMemtableFlushWriter_0:2] 2021-07-20 13:06:13,144 Memtable.java:469 - Writing Memtable-standard1@640334011(186.067MiB serialized bytes, 699301 ops, 33%/0% of on/off-heap limit), flushed range = (min(-9223372036854775808), max(9223372036854775807)]
INFO  [PerDiskMemtableFlushWriter_0:1] 2021-07-20 13:06:15,229 Memtable.java:498 - Completed flushing /home/nitsanw/profiling-workload/apache-cassandra-4.0-rc2/data/data/keyspace1/standard1-38645f90e95b11eb89a6ef6460acfa1f/nb-1-big-Data.db (150.759MiB) for commitlog position CommitLogPosition(segmentId=1626786321649, position=20469412)
INFO  [SlabPoolCleaner] 2021-07-20 13:06:16,935 ColumnFamilyStore.java:878 - Enqueuing flush of standard1: 682.800MiB (33%) on-heap, 0.000KiB (0%) off-heap
INFO  [PerDiskMemtableFlushWriter_0:1] 2021-07-20 13:06:17,412 Memtable.java:469 - Writing Memtable-standard1@912498328(186.490MiB serialized bytes, 700893 ops, 33%/0% of on/off-heap limit), flushed range = (min(-9223372036854775808), max(9223372036854775807)]
INFO  [PerDiskMemtableFlushWriter_0:2] 2021-07-20 13:06:18,933 Memtable.java:498 - Completed flushing /home/nitsanw/profiling-workload/apache-cassandra-4.0-rc2/data/data/keyspace1/standard1-38645f90e95b11eb89a6ef6460acfa1f/nb-2-big-Data.db (151.282MiB) for commitlog position CommitLogPosition(segmentId=1626786321654, position=30321088)
INFO  [SlabPoolCleaner] 2021-07-20 13:06:21,262 ColumnFamilyStore.java:878 - Enqueuing flush of standard1: 682.744MiB (33%) on-heap, 0.000KiB (0%) off-heap
INFO  [PerDiskMemtableFlushWriter_0:2] 2021-07-20 13:06:21,705 Memtable.java:469 - Writing Memtable-standard1@214668340(186.034MiB serialized bytes, 699180 ops, 33%/0% of on/off-heap limit), flushed range = (min(-9223372036854775808), max(9223372036854775807)]
INFO  [PerDiskMemtableFlushWriter_0:1] 2021-07-20 13:06:22,618 Memtable.java:498 - Completed flushing /home/nitsanw/profiling-workload/apache-cassandra-4.0-rc2/data/data/keyspace1/standard1-38645f90e95b11eb89a6ef6460acfa1f/nb-3-big-Data.db (151.466MiB) for commitlog position CommitLogPosition(segmentId=1626786321660, position=7022890)
INFO  [PerDiskMemtableFlushWriter_0:2] 2021-07-20 13:06:24,235 Memtable.java:498 - Completed flushing /home/nitsanw/profiling-workload/apache-cassandra-4.0-rc2/data/data/keyspace1/standard1-38645f90e95b11eb89a6ef6460acfa1f/nb-4-big-Data.db (151.067MiB) for commitlog position CommitLogPosition(segmentId=1626786321665, position=16843824)
INFO  [CompactionExecutor:1] 2021-07-20 13:06:24,603 CompactionTask.java:150 - Compacting (494d23a0-e95b-11eb-89a6-ef6460acfa1f) [/home/nitsanw/profiling-workload/apache-cassandra-4.0-rc2/data/data/keyspace1/standard1-38645f90e95b11eb89a6ef6460acfa1f/nb-3-big-Data.db:level=0, /home/nitsanw/profiling-workload/apache-cassandra-4.0-rc2/data/data/keyspace1/standard1-38645f90e95b11eb89a6ef6460acfa1f/nb-4-big-Data.db:level=0, /home/nitsanw/profiling-workload/apache-cassandra-4.0-rc2/data/data/keyspace1/standard1-38645f90e95b11eb89a6ef6460acfa1f/nb-1-big-Data.db:level=0, /home/nitsanw/profiling-workload/apache-cassandra-4.0-rc2/data/data/keyspace1/standard1-38645f90e95b11eb89a6ef6460acfa1f/nb-2-big-Data.db:level=0, ]
INFO  [CompactionExecutor:1] 2021-07-20 13:07:01,596 CompactionTask.java:245 - Compacted (494d23a0-e95b-11eb-89a6-ef6460acfa1f) 4 sstables to [/home/nitsanw/profiling-workload/apache-cassandra-4.0-rc2/data/data/keyspace1/standard1-38645f90e95b11eb89a6ef6460acfa1f/nb-5-big,] to level=0.  604.574MiB to 608.556MiB (~100% of original) in 36,992ms.  Read Throughput = 16.343MiB/s, Write Throughput = 16.451MiB/s, Row Throughput = ~150,824/s.  2,790,291 total partitions merged to 2,790,252.  Partition merge counts were {1:2790213, 2:39, }
INFO  [NonPeriodicTasks:1] 2021-07-20 13:07:01,669 SSTable.java:111 - Deleting sstable: /home/nitsanw/profiling-workload/apache-cassandra-4.0-rc2/data/data/keyspace1/standard1-38645f90e95b11eb89a6ef6460acfa1f/nb-3-big
INFO  [NonPeriodicTasks:1] 2021-07-20 13:07:01,724 SSTable.java:111 - Deleting sstable: /home/nitsanw/profiling-workload/apache-cassandra-4.0-rc2/data/data/keyspace1/standard1-38645f90e95b11eb89a6ef6460acfa1f/nb-4-big
INFO  [NonPeriodicTasks:1] 2021-07-20 13:07:01,780 SSTable.java:111 - Deleting sstable: /home/nitsanw/profiling-workload/apache-cassandra-4.0-rc2/data/data/keyspace1/standard1-38645f90e95b11eb89a6ef6460acfa1f/nb-1-big
INFO  [NonPeriodicTasks:1] 2021-07-20 13:07:01,834 SSTable.java:111 - Deleting sstable: /home/nitsanw/profiling-workload/apache-cassandra-4.0-rc2/data/data/keyspace1/standard1-38645f90e95b11eb89a6ef6460acfa1f/nb-2-big
